
                            < M A T L A B (R) >
                  Copyright 1984-2012 The MathWorks, Inc.
                    R2012b (8.0.0.783) 64-bit (glnxa64)
                              August 22, 2012

 
To get started, type one of these: helpwin, helpdesk, or demo.
For product information, visit www.mathworks.com.
 

img1 =

126.pgm.atts


img2 =

131.pgm.atts


minGap =

    80


startTime =

12-Jul-2014 19:41:39

## Starting Data/126.pgm.atts

 320 longest primitives returned (146 lines, 174 arcs read, but returning only 3000 max elements for computational reasons)

 Time taken by traditional algorithm = 33.659002 (sec)
 min and max values of the distance matrix [0.167383 0.464159]
 Wanted to embed 320 magnets embedded 320 magnet
 Relaxing nanodisk array with pi/4 orientation as initial states for all disks and external field along x.
 Time Taken = 0.411000 picoseconds
 Relaxing nanodisk array with pi/4 orientation as initial states for all disks and external field along y.
 Time Taken = 0.411000 picoseconds
 Time taken by nanomagnet computing = 131.889825 (sec)
 Detection Rate 0.788386 at 0.126849 false alarm
startTime =

12-Jul-2014 19:41:39


endTIme =

12-Jul-2014 19:45:48

Elapsed time is 140.240545 seconds.

startTime =

12-Jul-2014 19:45:48

## Starting Data/131.pgm.atts

 594 longest primitives returned (284 lines, 310 arcs read, but returning only 3000 max elements for computational reasons)

 Time taken by traditional algorithm = 104.418165 (sec)
 min and max values of the distance matrix [0.143066 0.464159]
 Wanted to embed 594 magnets embedded 594 magnet
 Relaxing nanodisk array with pi/4 orientation as initial states for all disks and external field along x.
 Time Taken = 0.414000 picoseconds
 Relaxing nanodisk array with pi/4 orientation as initial states for all disks and external field along y.
 Time Taken = 0.414000 picoseconds
 Time taken by nanomagnet computing = 0.749219 (sec)
 Detection Rate 0.974879 at 0.298344 false alarm
startTime =

12-Jul-2014 19:45:48


endTIme =

12-Jul-2014 19:52:10

Elapsed time is 16.696247 seconds.
>> [Warning: Objects of graph2d.lineseries class exist - not clearing this class
or any of its superclasses] 
