
                            < M A T L A B (R) >
                  Copyright 1984-2012 The MathWorks, Inc.
                    R2012b (8.0.0.783) 64-bit (glnxa64)
                              August 22, 2012

 
To get started, type one of these: helpwin, helpdesk, or demo.
For product information, visit www.mathworks.com.
 

img1 =

S006I019.PGM.atts


img2 =

S006I01A.PGM.atts


minGap =

    80


startTime =

12-Jul-2014 19:41:44

## Starting Data/S006I019.PGM.atts

 365 longest primitives returned (190 lines, 175 arcs read, but returning only 3000 max elements for computational reasons)

 Time taken by traditional algorithm = 175.667859 (sec)
 min and max values of the distance matrix [0.143506 0.464159]
 Wanted to embed 365 magnets embedded 365 magnet
 Relaxing nanodisk array with pi/4 orientation as initial states for all disks and external field along x.
 Time Taken = 0.416000 picoseconds
 Relaxing nanodisk array with pi/4 orientation as initial states for all disks and external field along y.
 Time Taken = 0.416000 picoseconds
 Time taken by nanomagnet computing = 0.265338 (sec)
 Detection Rate 0.415507 at 0.634343 false alarm
startTime =

12-Jul-2014 19:41:44


endTIme =

12-Jul-2014 19:46:28

Elapsed time is 12.467435 seconds.

startTime =

12-Jul-2014 19:46:28

## Starting Data/S006I01A.PGM.atts

 336 longest primitives returned (171 lines, 165 arcs read, but returning only 3000 max elements for computational reasons)

 Time taken by traditional algorithm = 25.138668 (sec)
 min and max values of the distance matrix [0.155781 0.464159]
 Wanted to embed 336 magnets embedded 336 magnet
 Relaxing nanodisk array with pi/4 orientation as initial states for all disks and external field along x.
 Time Taken = 0.414000 picoseconds
 Relaxing nanodisk array with pi/4 orientation as initial states for all disks and external field along y.
 Time Taken = 0.414000 picoseconds
 Time taken by nanomagnet computing = 0.191533 (sec)
 Detection Rate 0.608087 at 0.391208 false alarm
startTime =

12-Jul-2014 19:46:28


endTIme =

12-Jul-2014 19:48:20

Elapsed time is 5.114052 seconds.
>> [Warning: Objects of graph2d.lineseries class exist - not clearing this class
or any of its superclasses] 
