
                            < M A T L A B (R) >
                  Copyright 1984-2012 The MathWorks, Inc.
                    R2012b (8.0.0.783) 64-bit (glnxa64)
                              August 22, 2012

 
To get started, type one of these: helpwin, helpdesk, or demo.
For product information, visit www.mathworks.com.
 

img1 =

020.pgm.atts


img2 =

101.pgm.atts


minGap =

    80


startTime =

12-Jul-2014 19:39:49

## Starting Data/020.pgm.atts

 668 longest primitives returned (269 lines, 399 arcs read, but returning only 3000 max elements for computational reasons)

 Time taken by traditional algorithm = 150.762217 (sec)
 min and max values of the distance matrix [0.165379 0.464159]
 Wanted to embed 668 magnets embedded 668 magnet
 Relaxing nanodisk array with pi/4 orientation as initial states for all disks and external field along x.
 Time Taken = 0.414000 picoseconds
 Relaxing nanodisk array with pi/4 orientation as initial states for all disks and external field along y.
 Time Taken = 0.414000 picoseconds
 Time taken by nanomagnet computing = 1.014257 (sec)
 Detection Rate 0.938908 at 0.170867 false alarm
startTime =

12-Jul-2014 19:39:49


endTIme =

12-Jul-2014 19:47:58

Elapsed time is 19.190889 seconds.

startTime =

12-Jul-2014 19:47:58

## Starting Data/101.pgm.atts

 831 longest primitives returned (343 lines, 488 arcs read, but returning only 3000 max elements for computational reasons)

 Time taken by traditional algorithm = 120.795300 (sec)
 min and max values of the distance matrix [0.122635 0.464159]