
                            < M A T L A B (R) >
                  Copyright 1984-2012 The MathWorks, Inc.
                    R2012b (8.0.0.783) 64-bit (glnxa64)
                              August 22, 2012

 
To get started, type one of these: helpwin, helpdesk, or demo.
For product information, visit www.mathworks.com.
 

img1 =

series.pgm.atts


img2 =

tiger.pgm.atts


minGap =

    80


startTime =

12-Jul-2014 19:41:39

## Starting Data/series.pgm.atts

 630 longest primitives returned (344 lines, 286 arcs read, but returning only 3000 max elements for computational reasons)

 Time taken by traditional algorithm = 124.214658 (sec)
 min and max values of the distance matrix [0.153270 0.464159]
 Wanted to embed 630 magnets embedded 630 magnet
 Relaxing nanodisk array with pi/4 orientation as initial states for all disks and external field along x.
 Time Taken = 0.414000 picoseconds
 Relaxing nanodisk array with pi/4 orientation as initial states for all disks and external field along y.
 Time Taken = 0.414000 picoseconds
 Time taken by nanomagnet computing = 0.893444 (sec)
 Detection Rate 0.968351 at 0.234688 false alarm
startTime =

12-Jul-2014 19:41:39


endTIme =

12-Jul-2014 19:48:48

Elapsed time is 19.359636 seconds.

startTime =

12-Jul-2014 19:48:48

## Starting Data/tiger.pgm.atts

 253 longest primitives returned (253 lines, 0 arcs read, but returning only 3000 max elements for computational reasons)

 Time taken by traditional algorithm = 17.743908 (sec)
 min and max values of the distance matrix [0.220321 0.464159]
 Wanted to embed 253 magnets embedded 253 magnet
 Relaxing nanodisk array with pi/4 orientation as initial states for all disks and external field along x.
 Time Taken = 0.410000 picoseconds
 Relaxing nanodisk array with pi/4 orientation as initial states for all disks and external field along y.
 Time Taken = 0.410000 picoseconds
 Time taken by nanomagnet computing = 0.105047 (sec)
 Detection Rate 0.680582 at 0.099855 false alarm
startTime =

12-Jul-2014 19:48:48


endTIme =

12-Jul-2014 19:49:55

Elapsed time is 3.568978 seconds.
>> [Warning: Objects of graph2d.lineseries class exist - not clearing this class
or any of its superclasses] 
