
                            < M A T L A B (R) >
                  Copyright 1984-2012 The MathWorks, Inc.
                    R2012b (8.0.0.783) 64-bit (glnxa64)
                              August 22, 2012

 
To get started, type one of these: helpwin, helpdesk, or demo.
For product information, visit www.mathworks.com.
 

img1 =

223.pgm.atts


img2 =

56.pgm.atts


minGap =

    80


startTime =

12-Jul-2014 19:41:37

## Starting Data/223.pgm.atts

 638 longest primitives returned (254 lines, 384 arcs read, but returning only 3000 max elements for computational reasons)

 Time taken by traditional algorithm = 118.196529 (sec)
 min and max values of the distance matrix [0.168413 0.464159]
 Wanted to embed 638 magnets embedded 638 magnet
 Relaxing nanodisk array with pi/4 orientation as initial states for all disks and external field along x.
 Time Taken = 0.414000 picoseconds
 Relaxing nanodisk array with pi/4 orientation as initial states for all disks and external field along y.
 Time Taken = 0.414000 picoseconds
 Time taken by nanomagnet computing = 0.919024 (sec)
 Detection Rate 0.945558 at 0.211832 false alarm
startTime =

12-Jul-2014 19:41:37


endTIme =

12-Jul-2014 19:48:48

Elapsed time is 24.176995 seconds.

startTime =

12-Jul-2014 19:48:48

## Starting Data/56.pgm.atts

 486 longest primitives returned (233 lines, 253 arcs read, but returning only 3000 max elements for computational reasons)

 Time taken by traditional algorithm = 43.453151 (sec)
 min and max values of the distance matrix [0.163986 0.464159]
 Wanted to embed 486 magnets embedded 486 magnet
 Relaxing nanodisk array with pi/4 orientation as initial states for all disks and external field along x.
 Time Taken = 0.413000 picoseconds
 Relaxing nanodisk array with pi/4 orientation as initial states for all disks and external field along y.
 Time Taken = 0.413000 picoseconds
 Time taken by nanomagnet computing = 0.440109 (sec)
 Detection Rate 0.691752 at 0.293402 false alarm
startTime =

12-Jul-2014 19:48:48


endTIme =

12-Jul-2014 19:52:28

Elapsed time is 6.759656 seconds.
>> [Warning: Objects of graph2d.lineseries class exist - not clearing this class
or any of its superclasses] 
