
                            < M A T L A B (R) >
                  Copyright 1984-2012 The MathWorks, Inc.
                    R2012b (8.0.0.783) 64-bit (glnxa64)
                              August 22, 2012

 
To get started, type one of these: helpwin, helpdesk, or demo.
For product information, visit www.mathworks.com.
 

img1 =

S003I005.PGM.atts


img2 =

S003I007.pgm.atts


minGap =

    80


startTime =

12-Jul-2014 19:41:39

## Starting Data/S003I005.PGM.atts

 425 longest primitives returned (210 lines, 215 arcs read, but returning only 3000 max elements for computational reasons)

 Time taken by traditional algorithm = 211.052355 (sec)
 min and max values of the distance matrix [0.157060 0.464159]
 Wanted to embed 425 magnets embedded 425 magnet
 Relaxing nanodisk array with pi/4 orientation as initial states for all disks and external field along x.
 Time Taken = 0.415000 picoseconds
 Relaxing nanodisk array with pi/4 orientation as initial states for all disks and external field along y.
 Time Taken = 0.415000 picoseconds
 Time taken by nanomagnet computing = 0.369069 (sec)
 Detection Rate 0.675085 at 0.332944 false alarm
startTime =

12-Jul-2014 19:41:39


endTIme =

12-Jul-2014 19:47:29

Elapsed time is 8.818550 seconds.

startTime =

12-Jul-2014 19:47:29

## Starting Data/S003I007.pgm.atts

 373 longest primitives returned (207 lines, 166 arcs read, but returning only 3000 max elements for computational reasons)

 Time taken by traditional algorithm = 29.603327 (sec)
 min and max values of the distance matrix [0.153554 0.464159]
 Wanted to embed 373 magnets embedded 373 magnet
 Relaxing nanodisk array with pi/4 orientation as initial states for all disks and external field along x.
 Time Taken = 0.411000 picoseconds
 Relaxing nanodisk array with pi/4 orientation as initial states for all disks and external field along y.
 Time Taken = 0.411000 picoseconds
 Time taken by nanomagnet computing = 0.257519 (sec)
 Detection Rate 0.663611 at 0.367789 false alarm
startTime =

12-Jul-2014 19:47:29


endTIme =

12-Jul-2014 19:49:46

Elapsed time is 6.394339 seconds.
>> [Warning: Objects of graph2d.lineseries class exist - not clearing this class
or any of its superclasses] 
