
                            < M A T L A B (R) >
                  Copyright 1984-2012 The MathWorks, Inc.
                    R2012b (8.0.0.783) 64-bit (glnxa64)
                              August 22, 2012

 
To get started, type one of these: helpwin, helpdesk, or demo.
For product information, visit www.mathworks.com.
 

img1 =

zebra_b.pgm.atts


img2 =

     ''



minGap =

    80


startTime =

12-Jul-2014 19:41:38

## Starting Data/zebra_b.pgm.atts

 707 longest primitives returned (252 lines, 455 arcs read, but returning only 3000 max elements for computational reasons)

 Time taken by traditional algorithm = 148.892981 (sec)
 min and max values of the distance matrix [0.155564 0.464159]
 Wanted to embed 707 magnets embedded 707 magnet
 Relaxing nanodisk array with pi/4 orientation as initial states for all disks and external field along x.
 Time Taken = 0.415000 picoseconds
 Relaxing nanodisk array with pi/4 orientation as initial states for all disks and external field along y.
 Time Taken = 0.415000 picoseconds
 Time taken by nanomagnet computing = 1.231293 (sec)
 Detection Rate 0.974838 at 0.216313 false alarm
startTime =

12-Jul-2014 19:41:38


endTIme =

12-Jul-2014 19:50:31

Elapsed time is 26.517925 seconds.

startTime =

12-Jul-2014 19:50:31

## Starting Data/
{Error using fscanf
Invalid file identifier.  Use fopen to generate a valid file identifier.

Error in ReadEdgeAttsFile (line 31)
paren = fscanf(infile, ' %c', 1);

Error in main (line 54)
Lines = ReadEdgeAttsFile (ImageFile);

Error in rp_gridMain_Run2Img (line 18)
	main(['Data' filesep img2], minGap);
} 
>> 