
                            < M A T L A B (R) >
                  Copyright 1984-2012 The MathWorks, Inc.
                    R2012b (8.0.0.783) 64-bit (glnxa64)
                              August 22, 2012

 
To get started, type one of these: helpwin, helpdesk, or demo.
For product information, visit www.mathworks.com.
 

img1 =

nicobarpigeon.pgm.atts


img2 =

pheasant.pgm.atts


minGap =

    80


startTime =

12-Jul-2014 19:41:34

## Starting Data/nicobarpigeon.pgm.atts

 677 longest primitives returned (285 lines, 392 arcs read, but returning only 3000 max elements for computational reasons)

 Time taken by traditional algorithm = 161.704668 (sec)
 min and max values of the distance matrix [0.188828 0.464159]
 Wanted to embed 677 magnets embedded 677 magnet
 Relaxing nanodisk array with pi/4 orientation as initial states for all disks and external field along x.
 Time Taken = 0.414000 picoseconds
 Relaxing nanodisk array with pi/4 orientation as initial states for all disks and external field along y.
 Time Taken = 0.414000 picoseconds
 Time taken by nanomagnet computing = 1.093736 (sec)
 Detection Rate 0.944110 at 0.155284 false alarm
startTime =

12-Jul-2014 19:41:34


endTIme =

12-Jul-2014 19:49:43

Elapsed time is 22.906930 seconds.

startTime =

12-Jul-2014 19:49:43

## Starting Data/pheasant.pgm.atts

 621 longest primitives returned (232 lines, 389 arcs read, but returning only 3000 max elements for computational reasons)

 Time taken by traditional algorithm = 58.095127 (sec)
 min and max values of the distance matrix [0.176188 0.464159]
 Wanted to embed 621 magnets embedded 621 magnet
 Relaxing nanodisk array with pi/4 orientation as initial states for all disks and external field along x.
 Time Taken = 0.414000 picoseconds
 Relaxing nanodisk array with pi/4 orientation as initial states for all disks and external field along y.
 Time Taken = 0.414000 picoseconds
 Time taken by nanomagnet computing = 0.691834 (sec)
 Detection Rate 0.899257 at 0.167465 false alarm
startTime =

12-Jul-2014 19:49:43


endTIme =

12-Jul-2014 19:55:12

Elapsed time is 15.060501 seconds.
>> [Warning: Objects of graph2d.lineseries class exist - not clearing this class
or any of its superclasses] 
