
                            < M A T L A B (R) >
                  Copyright 1984-2012 The MathWorks, Inc.
                    R2012b (8.0.0.783) 64-bit (glnxa64)
                              August 22, 2012

 
To get started, type one of these: helpwin, helpdesk, or demo.
For product information, visit www.mathworks.com.
 

img1 =

S004I007.PGM.atts


img2 =

S004I008.PGM.atts


minGap =

    80


startTime =

12-Jul-2014 19:41:42

## Starting Data/S004I007.PGM.atts

 457 longest primitives returned (212 lines, 245 arcs read, but returning only 3000 max elements for computational reasons)

 Time taken by traditional algorithm = 150.229629 (sec)
 min and max values of the distance matrix [0.160386 0.464159]
 Wanted to embed 457 magnets embedded 457 magnet
 Relaxing nanodisk array with pi/4 orientation as initial states for all disks and external field along x.
 Time Taken = 0.416000 picoseconds
 Relaxing nanodisk array with pi/4 orientation as initial states for all disks and external field along y.
 Time Taken = 0.416000 picoseconds
 Time taken by nanomagnet computing = 0.432056 (sec)
 Detection Rate 0.635130 at 0.355099 false alarm
startTime =

12-Jul-2014 19:41:42


endTIme =

12-Jul-2014 19:46:58

Elapsed time is 15.145358 seconds.

startTime =

12-Jul-2014 19:46:59

## Starting Data/S004I008.PGM.atts

 458 longest primitives returned (204 lines, 254 arcs read, but returning only 3000 max elements for computational reasons)

 Time taken by traditional algorithm = 40.333487 (sec)
 min and max values of the distance matrix [0.158826 0.464159]
 Wanted to embed 458 magnets embedded 458 magnet
 Relaxing nanodisk array with pi/4 orientation as initial states for all disks and external field along x.
 Time Taken = 0.412000 picoseconds
 Relaxing nanodisk array with pi/4 orientation as initial states for all disks and external field along y.
 Time Taken = 0.412000 picoseconds
 Time taken by nanomagnet computing = 0.400771 (sec)
 Detection Rate 0.719616 at 0.321460 false alarm
startTime =

12-Jul-2014 19:46:59


endTIme =

12-Jul-2014 19:50:21

Elapsed time is 9.747442 seconds.
>> [Warning: Objects of graph2d.lineseries class exist - not clearing this class
or any of its superclasses] 
