
                            < M A T L A B (R) >
                  Copyright 1984-2012 The MathWorks, Inc.
                    R2012b (8.0.0.783) 64-bit (glnxa64)
                              August 22, 2012

 
To get started, type one of these: helpwin, helpdesk, or demo.
For product information, visit www.mathworks.com.
 

img1 =

217.pgm.atts


img2 =

217095.pgm.atts


minGap =

    30


startTime =

11-Jul-2014 18:25:29

## Starting Data/217.pgm.atts

 558 longest primitives returned (211 lines, 347 arcs read, but returning only 3000 max elements for computational reasons)

 Time taken by traditional algorithm = 248.634733 (sec)
 min and max values of the distance matrix [0.136169 0.464159]
 Wanted to embed 558 magnets embedded 558 magnet
 Relaxing nanodisk array with pi/4 orientation as initial states for all disks and external field along x.
 Time Taken = 7.770000 picoseconds
 Relaxing nanodisk array with pi/4 orientation as initial states for all disks and external field along y.
 Time Taken = 7.770000 picoseconds
 Time taken by nanomagnet computing = 0.708887 (sec)
 Detection Rate 0.621081 at 0.098978 false alarm
startTime =

11-Jul-2014 18:25:29


endTIme =

11-Jul-2014 18:45:44

Elapsed time is 742.459115 seconds.

startTime =

11-Jul-2014 18:45:44

## Starting Data/217095.pgm.atts

 707 longest primitives returned (276 lines, 431 arcs read, but returning only 3000 max elements for computational reasons)

 Time taken by traditional algorithm = 83.710854 (sec)
 min and max values of the distance matrix [0.208028 0.464159]
 Wanted to embed 707 magnets embedded 707 magnet
 Relaxing nanodisk array with pi/4 orientation as initial states for all disks and external field along x.
 Time Taken = 6.583000 picoseconds
 Relaxing nanodisk array with pi/4 orientation as initial states for all disks and external field along y.
 Time Taken = 6.583000 picoseconds
 Time taken by nanomagnet computing = 1.124029 (sec)
 Detection Rate 0.250556 at 0.099793 false alarm
startTime =

11-Jul-2014 18:45:44


endTIme =

11-Jul-2014 19:01:46

Elapsed time is 522.450114 seconds.
>> [Warning: Objects of graph2d.lineseries class exist - not clearing this class
or any of its superclasses] 
