
                            < M A T L A B (R) >
                  Copyright 1984-2012 The MathWorks, Inc.
                    R2012b (8.0.0.783) 64-bit (glnxa64)
                              August 22, 2012

 
To get started, type one of these: helpwin, helpdesk, or demo.
For product information, visit www.mathworks.com.
 

img1 =

dog2.pgm.atts


img2 =

dog3.pgm.atts


minGap =

    30


startTime =

11-Jul-2014 18:26:04

## Starting Data/dog2.pgm.atts

 544 longest primitives returned (236 lines, 308 arcs read, but returning only 3000 max elements for computational reasons)

 Time taken by traditional algorithm = 169.467528 (sec)
 min and max values of the distance matrix [0.174817 0.464159]
 Wanted to embed 544 magnets embedded 544 magnet
 Relaxing nanodisk array with pi/4 orientation as initial states for all disks and external field along x.
 Time Taken = 4.391000 picoseconds
 Relaxing nanodisk array with pi/4 orientation as initial states for all disks and external field along y.
 Time Taken = 4.391000 picoseconds
 Time taken by nanomagnet computing = 0.659858 (sec)
 Detection Rate 0.418165 at 0.099901 false alarm
startTime =

11-Jul-2014 18:26:04


endTIme =

11-Jul-2014 18:38:21

Elapsed time is 355.547267 seconds.

startTime =

11-Jul-2014 18:38:21

## Starting Data/dog3.pgm.atts

 619 longest primitives returned (288 lines, 331 arcs read, but returning only 3000 max elements for computational reasons)

 Time taken by traditional algorithm = 67.111700 (sec)
 min and max values of the distance matrix [0.176009 0.464159]
 Wanted to embed 619 magnets embedded 619 magnet
 Relaxing nanodisk array with pi/4 orientation as initial states for all disks and external field along x.
 Time Taken = 4.545000 picoseconds
 Relaxing nanodisk array with pi/4 orientation as initial states for all disks and external field along y.
 Time Taken = 4.545000 picoseconds
 Time taken by nanomagnet computing = 0.841888 (sec)
 Detection Rate 0.270324 at 0.098872 false alarm
startTime =

11-Jul-2014 18:38:21


endTIme =

11-Jul-2014 18:46:21

Elapsed time is 135.674760 seconds.
>> [Warning: Objects of graph2d.lineseries class exist - not clearing this class
or any of its superclasses] 
