
                            < M A T L A B (R) >
                  Copyright 1984-2012 The MathWorks, Inc.
                    R2012b (8.0.0.783) 64-bit (glnxa64)
                              August 22, 2012

 
To get started, type one of these: helpwin, helpdesk, or demo.
For product information, visit www.mathworks.com.
 

img1 =

zebra_b.pgm.atts


img2 =

     ''



minGap =

    30


startTime =

11-Jul-2014 18:25:28

## Starting Data/zebra_b.pgm.atts

 707 longest primitives returned (252 lines, 455 arcs read, but returning only 3000 max elements for computational reasons)

 Time taken by traditional algorithm = 207.352115 (sec)
 min and max values of the distance matrix [0.155564 0.464159]
 Wanted to embed 707 magnets embedded 707 magnet
 Relaxing nanodisk array with pi/4 orientation as initial states for all disks and external field along x.
 Time Taken = 7.735000 picoseconds
 Relaxing nanodisk array with pi/4 orientation as initial states for all disks and external field along y.
 Time Taken = 7.735000 picoseconds
 Time taken by nanomagnet computing = 1.316024 (sec)
 Detection Rate 0.464631 at 0.099181 false alarm
startTime =

11-Jul-2014 18:25:28


endTIme =

11-Jul-2014 18:43:00

Elapsed time is 488.858067 seconds.

startTime =

11-Jul-2014 18:43:00

## Starting Data/
{Error using fscanf
Invalid file identifier.  Use fopen to generate a valid file identifier.

Error in ReadEdgeAttsFile (line 31)
paren = fscanf(infile, ' %c', 1);

Error in main (line 54)
Lines = ReadEdgeAttsFile (ImageFile);

Error in rp_gridMain_Run2Img (line 18)
	main(['Data' filesep img2], minGap);
} 
>> 