
                            < M A T L A B (R) >
                  Copyright 1984-2012 The MathWorks, Inc.
                    R2012b (8.0.0.783) 64-bit (glnxa64)
                              August 22, 2012

 
To get started, type one of these: helpwin, helpdesk, or demo.
For product information, visit www.mathworks.com.
 

img1 =

police.pgm.atts


img2 =

redbirdofparadise.pgm.atts


minGap =

    40


startTime =

11-Jul-2014 19:47:03

## Starting Data/police.pgm.atts

 1037 longest primitives returned (435 lines, 602 arcs read, but returning only 3000 max elements for computational reasons)

 Time taken by traditional algorithm = 341.375727 (sec)
 min and max values of the distance matrix [0.151839 0.464159]
 Wanted to embed 1037 magnets embedded 1037 magnet
 Relaxing nanodisk array with pi/4 orientation as initial states for all disks and external field along x.
 Time Taken = 2.201000 picoseconds
 Relaxing nanodisk array with pi/4 orientation as initial states for all disks and external field along y.
 Time Taken = 2.201000 picoseconds
 Time taken by nanomagnet computing = 3.038063 (sec)
 Detection Rate 0.987133 at 0.175061 false alarm
startTime =

11-Jul-2014 19:47:03


endTIme =

11-Jul-2014 20:09:23

Elapsed time is 227.361013 seconds.

startTime =

11-Jul-2014 20:09:24

## Starting Data/redbirdofparadise.pgm.atts

 557 longest primitives returned (237 lines, 320 arcs read, but returning only 3000 max elements for computational reasons)

 Time taken by traditional algorithm = 55.538517 (sec)
 min and max values of the distance matrix [0.186051 0.464159]
 Wanted to embed 557 magnets embedded 557 magnet
 Relaxing nanodisk array with pi/4 orientation as initial states for all disks and external field along x.
 Time Taken = 1.939000 picoseconds
 Relaxing nanodisk array with pi/4 orientation as initial states for all disks and external field along y.
 Time Taken = 1.939000 picoseconds
 Time taken by nanomagnet computing = 0.621209 (sec)
 Detection Rate 0.673435 at 0.166454 false alarm
startTime =

11-Jul-2014 20:09:24


endTIme =

11-Jul-2014 20:14:41

Elapsed time is 37.850747 seconds.
>> [Warning: Objects of graph2d.lineseries class exist - not clearing this class
or any of its superclasses] 
