
                            < M A T L A B (R) >
                  Copyright 1984-2012 The MathWorks, Inc.
                    R2012b (8.0.0.783) 64-bit (glnxa64)
                              August 22, 2012

 
To get started, type one of these: helpwin, helpdesk, or demo.
For product information, visit www.mathworks.com.
 

img1 =

tiger_m.pgm.atts


img2 =

woods.pgm.atts


minGap =

    40


startTime =

11-Jul-2014 19:47:01

## Starting Data/tiger_m.pgm.atts

 648 longest primitives returned (252 lines, 396 arcs read, but returning only 3000 max elements for computational reasons)

 Time taken by traditional algorithm = 126.605683 (sec)
 min and max values of the distance matrix [0.186162 0.464159]
 Wanted to embed 648 magnets embedded 648 magnet
 Relaxing nanodisk array with pi/4 orientation as initial states for all disks and external field along x.
 Time Taken = 1.967000 picoseconds
 Relaxing nanodisk array with pi/4 orientation as initial states for all disks and external field along y.
 Time Taken = 1.967000 picoseconds
 Time taken by nanomagnet computing = 1.314142 (sec)
 Detection Rate 0.858523 at 0.230588 false alarm
startTime =

11-Jul-2014 19:47:01


endTIme =

11-Jul-2014 19:55:30

Elapsed time is 83.897991 seconds.

startTime =

11-Jul-2014 19:55:30

## Starting Data/woods.pgm.atts

 576 longest primitives returned (221 lines, 355 arcs read, but returning only 3000 max elements for computational reasons)

 Time taken by traditional algorithm = 59.357665 (sec)
 min and max values of the distance matrix [0.173338 0.464159]
 Wanted to embed 576 magnets embedded 576 magnet
 Relaxing nanodisk array with pi/4 orientation as initial states for all disks and external field along x.
 Time Taken = 1.966000 picoseconds
 Relaxing nanodisk array with pi/4 orientation as initial states for all disks and external field along y.
 Time Taken = 1.966000 picoseconds
 Time taken by nanomagnet computing = 0.672872 (sec)
 Detection Rate 0.826567 at 0.247841 false alarm
startTime =

11-Jul-2014 19:55:30


endTIme =

11-Jul-2014 20:02:00

Elapsed time is 71.581644 seconds.
>> [Warning: Objects of graph2d.lineseries class exist - not clearing this class
or any of its superclasses] 
