
                            < M A T L A B (R) >
                  Copyright 1984-2012 The MathWorks, Inc.
                    R2012b (8.0.0.783) 64-bit (glnxa64)
                              August 22, 2012

 
To get started, type one of these: helpwin, helpdesk, or demo.
For product information, visit www.mathworks.com.
 

img1 =

103.pgm.atts


img2 =

104.pgm.atts


minGap =

    40


startTime =

11-Jul-2014 19:41:59

## Starting Data/103.pgm.atts

 524 longest primitives returned (188 lines, 336 arcs read, but returning only 3000 max elements for computational reasons)

 Time taken by traditional algorithm = 82.662215 (sec)
 min and max values of the distance matrix [0.141541 0.464159]
 Wanted to embed 524 magnets embedded 524 magnet
 Relaxing nanodisk array with pi/4 orientation as initial states for all disks and external field along x.
 Time Taken = 1.896000 picoseconds
 Relaxing nanodisk array with pi/4 orientation as initial states for all disks and external field along y.
 Time Taken = 1.896000 picoseconds
 Time taken by nanomagnet computing = 1.140347 (sec)
 Detection Rate 0.516152 at 0.589425 false alarm
startTime =

11-Jul-2014 19:41:59


endTIme =

11-Jul-2014 19:48:37

Elapsed time is 113.606430 seconds.

startTime =

11-Jul-2014 19:48:37

## Starting Data/104.pgm.atts

 657 longest primitives returned (337 lines, 320 arcs read, but returning only 3000 max elements for computational reasons)

 Time taken by traditional algorithm = 107.056828 (sec)
 min and max values of the distance matrix [0.152032 0.464159]
 Wanted to embed 657 magnets embedded 657 magnet
 Relaxing nanodisk array with pi/4 orientation as initial states for all disks and external field along x.
 Time Taken = 1.914000 picoseconds
 Relaxing nanodisk array with pi/4 orientation as initial states for all disks and external field along y.
 Time Taken = 1.914000 picoseconds
 Time taken by nanomagnet computing = 1.064164 (sec)
 Detection Rate 0.864850 at 0.282055 false alarm
startTime =

11-Jul-2014 19:48:37


endTIme =

11-Jul-2014 19:57:24

Elapsed time is 103.333095 seconds.
>> [Warning: Objects of graph2d.lineseries class exist - not clearing this class
or any of its superclasses] 
