
                            < M A T L A B (R) >
                  Copyright 1984-2012 The MathWorks, Inc.
                    R2012b (8.0.0.783) 64-bit (glnxa64)
                              August 22, 2012

 
To get started, type one of these: helpwin, helpdesk, or demo.
For product information, visit www.mathworks.com.
 

img1 =

007.pgm.atts


img2 =

008.pgm.atts


minGap =

    30


startTime =

11-Jul-2014 18:21:43

## Starting Data/007.pgm.atts

 448 longest primitives returned (185 lines, 263 arcs read, but returning only 3000 max elements for computational reasons)

 Time taken by traditional algorithm = 62.002851 (sec)
 min and max values of the distance matrix [0.155914 0.464159]
 Wanted to embed 448 magnets embedded 448 magnet
 Relaxing nanodisk array with pi/4 orientation as initial states for all disks and external field along x.
 Time Taken = 49.765000 picoseconds
 Relaxing nanodisk array with pi/4 orientation as initial states for all disks and external field along y.
 Time Taken = 49.765000 picoseconds
 Time taken by nanomagnet computing = 0.421542 (sec)
 Detection Rate 0.654973 at 0.098705 false alarm
startTime =

11-Jul-2014 18:21:43


endTIme =

11-Jul-2014 18:34:36

Elapsed time is 562.416843 seconds.

startTime =

11-Jul-2014 18:34:36

## Starting Data/008.pgm.atts

 443 longest primitives returned (178 lines, 265 arcs read, but returning only 3000 max elements for computational reasons)

 Time taken by traditional algorithm = 38.337467 (sec)
 min and max values of the distance matrix [0.161151 0.464159]
 Wanted to embed 443 magnets embedded 443 magnet
 Relaxing nanodisk array with pi/4 orientation as initial states for all disks and external field along x.
 Time Taken = 2.394000 picoseconds
 Relaxing nanodisk array with pi/4 orientation as initial states for all disks and external field along y.
 Time Taken = 2.394000 picoseconds
 Time taken by nanomagnet computing = 0.371166 (sec)
 Detection Rate 0.520942 at 0.098334 false alarm
startTime =

11-Jul-2014 18:34:36


endTIme =

11-Jul-2014 18:39:05

Elapsed time is 82.921795 seconds.
>> [Warning: Objects of graph2d.lineseries class exist - not clearing this class
or any of its superclasses] 
