
                            < M A T L A B (R) >
                  Copyright 1984-2012 The MathWorks, Inc.
                    R2012b (8.0.0.783) 64-bit (glnxa64)
                              August 22, 2012

 
To get started, type one of these: helpwin, helpdesk, or demo.
For product information, visit www.mathworks.com.
 

img1 =

lilacbreastedroller.pgm.atts


img2 =

mailbox.pgm.atts


minGap =

    30


startTime =

11-Jul-2014 18:25:29

## Starting Data/lilacbreastedroller.pgm.atts

 385 longest primitives returned (150 lines, 235 arcs read, but returning only 3000 max elements for computational reasons)

 Time taken by traditional algorithm = 299.869852 (sec)
 min and max values of the distance matrix [0.184549 0.464159]
 Wanted to embed 385 magnets embedded 385 magnet
 Relaxing nanodisk array with pi/4 orientation as initial states for all disks and external field along x.
 Time Taken = 2.505000 picoseconds
 Relaxing nanodisk array with pi/4 orientation as initial states for all disks and external field along y.
 Time Taken = 2.505000 picoseconds
 Time taken by nanomagnet computing = 0.318411 (sec)
 Detection Rate 0.466801 at 0.098386 false alarm
startTime =

11-Jul-2014 18:25:29


endTIme =

11-Jul-2014 18:33:06

Elapsed time is 48.793439 seconds.

startTime =

11-Jul-2014 18:33:06

## Starting Data/mailbox.pgm.atts

 790 longest primitives returned (354 lines, 436 arcs read, but returning only 3000 max elements for computational reasons)

 Time taken by traditional algorithm = 105.591657 (sec)
 min and max values of the distance matrix [0.166811 0.464159]
 Wanted to embed 790 magnets embedded 790 magnet
 Relaxing nanodisk array with pi/4 orientation as initial states for all disks and external field along x.
 Time Taken = 7.731000 picoseconds
 Relaxing nanodisk array with pi/4 orientation as initial states for all disks and external field along y.
 Time Taken = 7.731000 picoseconds
 Time taken by nanomagnet computing = 1.450808 (sec)
 Detection Rate 0.590517 at 0.090315 false alarm
startTime =

11-Jul-2014 18:33:06


endTIme =

11-Jul-2014 18:50:53

Elapsed time is 479.808092 seconds.
>> [Warning: Objects of graph2d.lineseries class exist - not clearing this class
or any of its superclasses] 
