
                            < M A T L A B (R) >
                  Copyright 1984-2012 The MathWorks, Inc.
                    R2012b (8.0.0.783) 64-bit (glnxa64)
                              August 22, 2012

 
To get started, type one of these: helpwin, helpdesk, or demo.
For product information, visit www.mathworks.com.
 

img1 =

S005I00A.PGM.atts


img2 =

S005I00B.PGM.atts


minGap =

    30


startTime =

11-Jul-2014 18:25:30

## Starting Data/S005I00A.PGM.atts

 235 longest primitives returned (112 lines, 123 arcs read, but returning only 3000 max elements for computational reasons)

 Time taken by traditional algorithm = 20.777036 (sec)
 min and max values of the distance matrix [0.198491 0.464159]
 Wanted to embed 235 magnets embedded 235 magnet
 Relaxing nanodisk array with pi/4 orientation as initial states for all disks and external field along x.
 Time Taken = 29.169000 picoseconds
 Relaxing nanodisk array with pi/4 orientation as initial states for all disks and external field along y.
 Time Taken = 29.169000 picoseconds
 Time taken by nanomagnet computing = 240.611901 (sec)
 Detection Rate 0.568747 at 0.109267 false alarm
startTime =

11-Jul-2014 18:25:30


endTIme =

11-Jul-2014 18:32:57

Elapsed time is 384.344039 seconds.

startTime =

11-Jul-2014 18:32:57

## Starting Data/S005I00B.PGM.atts

 454 longest primitives returned (256 lines, 198 arcs read, but returning only 3000 max elements for computational reasons)

 Time taken by traditional algorithm = 78.358816 (sec)
 min and max values of the distance matrix [0.173701 0.464159]
 Wanted to embed 454 magnets embedded 454 magnet
 Relaxing nanodisk array with pi/4 orientation as initial states for all disks and external field along x.
 Time Taken = 4.137000 picoseconds
 Relaxing nanodisk array with pi/4 orientation as initial states for all disks and external field along y.
 Time Taken = 4.137000 picoseconds
 Time taken by nanomagnet computing = 0.444479 (sec)
 Detection Rate 0.838183 at 0.093712 false alarm
startTime =

11-Jul-2014 18:32:57


endTIme =

11-Jul-2014 18:40:22

Elapsed time is 176.103582 seconds.
>> [Warning: Objects of graph2d.lineseries class exist - not clearing this class
or any of its superclasses] 
