
                            < M A T L A B (R) >
                  Copyright 1984-2012 The MathWorks, Inc.
                    R2012b (8.0.0.783) 64-bit (glnxa64)
                              August 22, 2012

 
To get started, type one of these: helpwin, helpdesk, or demo.
For product information, visit www.mathworks.com.
 

img1 =

S004I00E.PGM.atts


img2 =

S005I001.pgm.atts


minGap =

    40


startTime =

11-Jul-2014 19:47:01

## Starting Data/S004I00E.PGM.atts

 683 longest primitives returned (242 lines, 441 arcs read, but returning only 3000 max elements for computational reasons)

 Time taken by traditional algorithm = 178.478384 (sec)
 min and max values of the distance matrix [0.165351 0.464159]
 Wanted to embed 683 magnets embedded 683 magnet
 Relaxing nanodisk array with pi/4 orientation as initial states for all disks and external field along x.
 Time Taken = 2.059000 picoseconds
 Relaxing nanodisk array with pi/4 orientation as initial states for all disks and external field along y.
 Time Taken = 2.059000 picoseconds
 Time taken by nanomagnet computing = 1.143001 (sec)
 Detection Rate 0.763598 at 0.197590 false alarm
startTime =

11-Jul-2014 19:47:01


endTIme =

11-Jul-2014 19:57:25

Elapsed time is 112.960161 seconds.

startTime =

11-Jul-2014 19:57:25

## Starting Data/S005I001.pgm.atts

 396 longest primitives returned (198 lines, 198 arcs read, but returning only 3000 max elements for computational reasons)

 Time taken by traditional algorithm = 31.882152 (sec)
 min and max values of the distance matrix [0.149493 0.464159]
 Wanted to embed 396 magnets embedded 396 magnet
 Relaxing nanodisk array with pi/4 orientation as initial states for all disks and external field along x.
 Time Taken = 1.595000 picoseconds
 Relaxing nanodisk array with pi/4 orientation as initial states for all disks and external field along y.
 Time Taken = 1.595000 picoseconds
 Time taken by nanomagnet computing = 0.292090 (sec)
 Detection Rate 0.659530 at 0.409220 false alarm
startTime =

11-Jul-2014 19:57:25


endTIme =

11-Jul-2014 20:00:14

Elapsed time is 22.994841 seconds.
>> [Warning: Objects of graph2d.lineseries class exist - not clearing this class
or any of its superclasses] 
