
                            < M A T L A B (R) >
                  Copyright 1984-2012 The MathWorks, Inc.
                    R2012b (8.0.0.783) 64-bit (glnxa64)
                              August 22, 2012

 
To get started, type one of these: helpwin, helpdesk, or demo.
For product information, visit www.mathworks.com.
 

img1 =

nicobarpigeon.pgm.atts


img2 =

pheasant.pgm.atts


minGap =

    40


startTime =

11-Jul-2014 19:47:01

## Starting Data/nicobarpigeon.pgm.atts

 677 longest primitives returned (285 lines, 392 arcs read, but returning only 3000 max elements for computational reasons)

 Time taken by traditional algorithm = 173.253570 (sec)
 min and max values of the distance matrix [0.188828 0.464159]
 Wanted to embed 677 magnets embedded 677 magnet
 Relaxing nanodisk array with pi/4 orientation as initial states for all disks and external field along x.
 Time Taken = 1.981000 picoseconds
 Relaxing nanodisk array with pi/4 orientation as initial states for all disks and external field along y.
 Time Taken = 1.981000 picoseconds
 Time taken by nanomagnet computing = 1.145517 (sec)
 Detection Rate 0.776808 at 0.169792 false alarm
startTime =

11-Jul-2014 19:47:01


endTIme =

11-Jul-2014 19:57:09

Elapsed time is 107.254762 seconds.

startTime =

11-Jul-2014 19:57:09

## Starting Data/pheasant.pgm.atts

 621 longest primitives returned (232 lines, 389 arcs read, but returning only 3000 max elements for computational reasons)

 Time taken by traditional algorithm = 66.694892 (sec)
 min and max values of the distance matrix [0.176188 0.464159]
 Wanted to embed 621 magnets embedded 621 magnet
 Relaxing nanodisk array with pi/4 orientation as initial states for all disks and external field along x.
 Time Taken = 1.979000 picoseconds
 Relaxing nanodisk array with pi/4 orientation as initial states for all disks and external field along y.
 Time Taken = 1.979000 picoseconds
 Time taken by nanomagnet computing = 0.774352 (sec)
 Detection Rate 0.681925 at 0.209736 false alarm
startTime =

11-Jul-2014 19:57:09


endTIme =

11-Jul-2014 20:04:20

Elapsed time is 77.526322 seconds.
>> [Warning: Objects of graph2d.lineseries class exist - not clearing this class
or any of its superclasses] 
