
                            < M A T L A B (R) >
                  Copyright 1984-2012 The MathWorks, Inc.
                    R2012b (8.0.0.783) 64-bit (glnxa64)
                              August 22, 2012

 
To get started, type one of these: helpwin, helpdesk, or demo.
For product information, visit www.mathworks.com.
 

img1 =

image35.pgm.atts


img2 =

image36.pgm.atts


minGap =

    30


startTime =

11-Jul-2014 18:25:31

## Starting Data/image35.pgm.atts

 116 longest primitives returned (49 lines, 67 arcs read, but returning only 3000 max elements for computational reasons)

 Time taken by traditional algorithm = 3.771568 (sec)
 min and max values of the distance matrix [0.170626 0.464159]
 Wanted to embed 116 magnets embedded 116 magnet
 Relaxing nanodisk array with pi/4 orientation as initial states for all disks and external field along x.
 Time Taken = 3.111000 picoseconds
 Relaxing nanodisk array with pi/4 orientation as initial states for all disks and external field along y.
 Time Taken = 3.111000 picoseconds
 Time taken by nanomagnet computing = 0.043649 (sec)
 Detection Rate 0.826311 at 0.175403 false alarm
startTime =

11-Jul-2014 18:25:31


endTIme =

11-Jul-2014 18:26:00

Elapsed time is 12.223245 seconds.

startTime =

11-Jul-2014 18:26:00

## Starting Data/image36.pgm.atts

 168 longest primitives returned (75 lines, 93 arcs read, but returning only 3000 max elements for computational reasons)

 Time taken by traditional algorithm = 12.188848 (sec)
 min and max values of the distance matrix [0.153558 0.464159]
 Wanted to embed 168 magnets embedded 168 magnet
 Relaxing nanodisk array with pi/4 orientation as initial states for all disks and external field along x.
 Time Taken = 3.047000 picoseconds
 Relaxing nanodisk array with pi/4 orientation as initial states for all disks and external field along y.
 Time Taken = 3.047000 picoseconds
 Time taken by nanomagnet computing = 0.043098 (sec)
 Detection Rate 0.778223 at 0.211155 false alarm
startTime =

11-Jul-2014 18:26:00


endTIme =

11-Jul-2014 18:26:42

Elapsed time is 7.656876 seconds.
>> [Warning: Objects of graph2d.lineseries class exist - not clearing this class
or any of its superclasses] 
