
                            < M A T L A B (R) >
                  Copyright 1984-2012 The MathWorks, Inc.
                    R2012b (8.0.0.783) 64-bit (glnxa64)
                              August 22, 2012

 
To get started, type one of these: helpwin, helpdesk, or demo.
For product information, visit www.mathworks.com.
 

img1 =

S005I004.pgm.atts


img2 =

S005I005.pgm.atts


minGap =

    40


startTime =

11-Jul-2014 19:47:01

## Starting Data/S005I004.pgm.atts

 323 longest primitives returned (203 lines, 120 arcs read, but returning only 3000 max elements for computational reasons)

 Time taken by traditional algorithm = 181.320045 (sec)
 min and max values of the distance matrix [0.149010 0.464159]
 Wanted to embed 323 magnets embedded 323 magnet
 Relaxing nanodisk array with pi/4 orientation as initial states for all disks and external field along x.
 Time Taken = 1.702000 picoseconds
 Relaxing nanodisk array with pi/4 orientation as initial states for all disks and external field along y.
 Time Taken = 1.702000 picoseconds
 Time taken by nanomagnet computing = 0.190713 (sec)
 Detection Rate 0.783328 at 0.525194 false alarm
startTime =

11-Jul-2014 19:47:01


endTIme =

11-Jul-2014 19:51:32

Elapsed time is 19.769574 seconds.

startTime =

11-Jul-2014 19:51:32

## Starting Data/S005I005.pgm.atts

 385 longest primitives returned (203 lines, 182 arcs read, but returning only 3000 max elements for computational reasons)

 Time taken by traditional algorithm = 28.441870 (sec)
 min and max values of the distance matrix [0.154284 0.464159]
 Wanted to embed 385 magnets embedded 385 magnet
 Relaxing nanodisk array with pi/4 orientation as initial states for all disks and external field along x.
 Time Taken = 1.841000 picoseconds
 Relaxing nanodisk array with pi/4 orientation as initial states for all disks and external field along y.
 Time Taken = 1.841000 picoseconds
 Time taken by nanomagnet computing = 0.242034 (sec)
 Detection Rate 0.569013 at 0.286766 false alarm
startTime =

11-Jul-2014 19:51:32


endTIme =

11-Jul-2014 19:54:06

Elapsed time is 26.266504 seconds.
>> [Warning: Objects of graph2d.lineseries class exist - not clearing this class
or any of its superclasses] 
