
                            < M A T L A B (R) >
                  Copyright 1984-2012 The MathWorks, Inc.
                    R2012b (8.0.0.783) 64-bit (glnxa64)
                              August 22, 2012

 
To get started, type one of these: helpwin, helpdesk, or demo.
For product information, visit www.mathworks.com.
 

img1 =

S006I017.PGM.atts


img2 =

S006I018.PGM.atts


minGap =

    30


startTime =

11-Jul-2014 18:26:05

## Starting Data/S006I017.PGM.atts

 338 longest primitives returned (179 lines, 159 arcs read, but returning only 3000 max elements for computational reasons)

 Time taken by traditional algorithm = 233.171393 (sec)
 min and max values of the distance matrix [0.145383 0.464159]
 Wanted to embed 338 magnets embedded 338 magnet
 Relaxing nanodisk array with pi/4 orientation as initial states for all disks and external field along x.
 Time Taken = 24.608000 picoseconds
 Relaxing nanodisk array with pi/4 orientation as initial states for all disks and external field along y.
 Time Taken = 24.608000 picoseconds
 Time taken by nanomagnet computing = 0.222966 (sec)
 Detection Rate 0.833931 at 0.092067 false alarm
startTime =

11-Jul-2014 18:26:05


endTIme =

11-Jul-2014 18:36:26

Elapsed time is 305.290867 seconds.

startTime =

11-Jul-2014 18:36:26

## Starting Data/S006I018.PGM.atts

 347 longest primitives returned (168 lines, 179 arcs read, but returning only 3000 max elements for computational reasons)

 Time taken by traditional algorithm = 26.631779 (sec)
 min and max values of the distance matrix [0.141560 0.464159]
 Wanted to embed 347 magnets embedded 347 magnet
 Relaxing nanodisk array with pi/4 orientation as initial states for all disks and external field along x.
 Time Taken = 5.309000 picoseconds
 Relaxing nanodisk array with pi/4 orientation as initial states for all disks and external field along y.
 Time Taken = 5.309000 picoseconds
 Time taken by nanomagnet computing = 0.204493 (sec)
 Detection Rate 0.693716 at 0.099368 false alarm
startTime =

11-Jul-2014 18:36:26


endTIme =

11-Jul-2014 18:42:28

Elapsed time is 246.496784 seconds.
>> [Warning: Objects of graph2d.lineseries class exist - not clearing this class
or any of its superclasses] 
