
                            < M A T L A B (R) >
                  Copyright 1984-2012 The MathWorks, Inc.
                    R2012b (8.0.0.783) 64-bit (glnxa64)
                              August 22, 2012

 
To get started, type one of these: helpwin, helpdesk, or demo.
For product information, visit www.mathworks.com.
 

img1 =

S004I00C.PGM.atts


img2 =

S004I00D.PGM.atts


minGap =

    30


startTime =

11-Jul-2014 18:25:29

## Starting Data/S004I00C.PGM.atts

 361 longest primitives returned (173 lines, 188 arcs read, but returning only 3000 max elements for computational reasons)

 Time taken by traditional algorithm = 307.553662 (sec)
 min and max values of the distance matrix [0.134978 0.464159]
 Wanted to embed 361 magnets embedded 361 magnet
 Relaxing nanodisk array with pi/4 orientation as initial states for all disks and external field along x.
 Time Taken = 2.568000 picoseconds
 Relaxing nanodisk array with pi/4 orientation as initial states for all disks and external field along y.
 Time Taken = 2.568000 picoseconds
 Time taken by nanomagnet computing = 0.847828 (sec)
 Detection Rate 0.924389 at 0.094568 false alarm
startTime =

11-Jul-2014 18:25:29


endTIme =

11-Jul-2014 18:33:06

Elapsed time is 53.521098 seconds.

startTime =

11-Jul-2014 18:33:06

## Starting Data/S004I00D.PGM.atts

 455 longest primitives returned (214 lines, 241 arcs read, but returning only 3000 max elements for computational reasons)

 Time taken by traditional algorithm = 40.725353 (sec)
 min and max values of the distance matrix [0.144927 0.464159]
 Wanted to embed 455 magnets embedded 455 magnet
 Relaxing nanodisk array with pi/4 orientation as initial states for all disks and external field along x.
 Time Taken = 16.322000 picoseconds
 Relaxing nanodisk array with pi/4 orientation as initial states for all disks and external field along y.
 Time Taken = 16.322000 picoseconds
 Time taken by nanomagnet computing = 0.395615 (sec)
 Detection Rate 0.671817 at 0.099477 false alarm
startTime =

11-Jul-2014 18:33:06


endTIme =

11-Jul-2014 18:41:08

Elapsed time is 280.673736 seconds.
>> [Warning: Objects of graph2d.lineseries class exist - not clearing this class
or any of its superclasses] 
