
                            < M A T L A B (R) >
                  Copyright 1984-2012 The MathWorks, Inc.
                    R2012b (8.0.0.783) 64-bit (glnxa64)
                              August 22, 2012

 
To get started, type one of these: helpwin, helpdesk, or demo.
For product information, visit www.mathworks.com.
 

img1 =

tiger_m.pgm.atts


img2 =

woods.pgm.atts


minGap =

    30


startTime =

11-Jul-2014 18:25:32

## Starting Data/tiger_m.pgm.atts

 648 longest primitives returned (252 lines, 396 arcs read, but returning only 3000 max elements for computational reasons)

 Time taken by traditional algorithm = 165.922278 (sec)
 min and max values of the distance matrix [0.186162 0.464159]
 Wanted to embed 648 magnets embedded 648 magnet
 Relaxing nanodisk array with pi/4 orientation as initial states for all disks and external field along x.
 Time Taken = 7.516000 picoseconds
 Relaxing nanodisk array with pi/4 orientation as initial states for all disks and external field along y.
 Time Taken = 7.516000 picoseconds
 Time taken by nanomagnet computing = 0.948077 (sec)
 Detection Rate 0.330461 at 0.096405 false alarm
startTime =

11-Jul-2014 18:25:32


endTIme =

11-Jul-2014 18:36:47

Elapsed time is 210.903072 seconds.

startTime =

11-Jul-2014 18:36:47

## Starting Data/woods.pgm.atts

 576 longest primitives returned (221 lines, 355 arcs read, but returning only 3000 max elements for computational reasons)

 Time taken by traditional algorithm = 67.086811 (sec)
 min and max values of the distance matrix [0.173338 0.464159]
 Wanted to embed 576 magnets embedded 576 magnet
 Relaxing nanodisk array with pi/4 orientation as initial states for all disks and external field along x.
 Time Taken = 5.329000 picoseconds
 Relaxing nanodisk array with pi/4 orientation as initial states for all disks and external field along y.
 Time Taken = 5.329000 picoseconds
 Time taken by nanomagnet computing = 0.685946 (sec)
 Detection Rate 0.409609 at 0.092575 false alarm
startTime =

11-Jul-2014 18:36:47


endTIme =

11-Jul-2014 18:44:36

Elapsed time is 130.685731 seconds.
>> [Warning: Objects of graph2d.lineseries class exist - not clearing this class
or any of its superclasses] 
