
                            < M A T L A B (R) >
                  Copyright 1984-2012 The MathWorks, Inc.
                    R2012b (8.0.0.783) 64-bit (glnxa64)
                              August 22, 2012

 
To get started, type one of these: helpwin, helpdesk, or demo.
For product information, visit www.mathworks.com.
 

img1 =

110.pgm.atts


img2 =

125.pgm.atts


minGap =

    40


startTime =

11-Jul-2014 19:47:01

## Starting Data/110.pgm.atts

 922 longest primitives returned (376 lines, 546 arcs read, but returning only 3000 max elements for computational reasons)

 Time taken by traditional algorithm = 221.832020 (sec)
 min and max values of the distance matrix [0.167863 0.464159]
 Wanted to embed 922 magnets embedded 922 magnet
 Relaxing nanodisk array with pi/4 orientation as initial states for all disks and external field along x.
 Time Taken = 2.132000 picoseconds
 Relaxing nanodisk array with pi/4 orientation as initial states for all disks and external field along y.
 Time Taken = 2.132000 picoseconds
 Time taken by nanomagnet computing = 2.306939 (sec)
 Detection Rate 0.984915 at 0.169269 false alarm
startTime =

11-Jul-2014 19:47:01


endTIme =

11-Jul-2014 20:02:17

Elapsed time is 143.173065 seconds.

startTime =

11-Jul-2014 20:02:18

## Starting Data/125.pgm.atts

 711 longest primitives returned (326 lines, 385 arcs read, but returning only 3000 max elements for computational reasons)

 Time taken by traditional algorithm = 72.874347 (sec)
 min and max values of the distance matrix [0.146186 0.464159]
 Wanted to embed 711 magnets embedded 711 magnet
 Relaxing nanodisk array with pi/4 orientation as initial states for all disks and external field along x.
 Time Taken = 1.762000 picoseconds
 Relaxing nanodisk array with pi/4 orientation as initial states for all disks and external field along y.
 Time Taken = 1.762000 picoseconds
 Time taken by nanomagnet computing = 0.997418 (sec)
 Detection Rate 0.882455 at 0.248010 false alarm
startTime =

11-Jul-2014 20:02:18


endTIme =

11-Jul-2014 20:09:48

Elapsed time is 57.654933 seconds.
>> [Warning: Objects of graph2d.lineseries class exist - not clearing this class
or any of its superclasses] 
