
                            < M A T L A B (R) >
                  Copyright 1984-2012 The MathWorks, Inc.
                    R2012b (8.0.0.783) 64-bit (glnxa64)
                              August 22, 2012

 
To get started, type one of these: helpwin, helpdesk, or demo.
For product information, visit www.mathworks.com.
 

img1 =

zebra.pgm.atts


img2 =

zebra1.pgm.atts


minGap =

    30


startTime =

11-Jul-2014 18:25:28

## Starting Data/zebra.pgm.atts

 729 longest primitives returned (283 lines, 446 arcs read, but returning only 3000 max elements for computational reasons)

 Time taken by traditional algorithm = 229.580803 (sec)
 min and max values of the distance matrix [0.163764 0.464159]
 Wanted to embed 729 magnets embedded 729 magnet
 Relaxing nanodisk array with pi/4 orientation as initial states for all disks and external field along x.
 Time Taken = 19.855000 picoseconds
 Relaxing nanodisk array with pi/4 orientation as initial states for all disks and external field along y.
 Time Taken = 19.855000 picoseconds
 Time taken by nanomagnet computing = 1.363186 (sec)
 Detection Rate 0.355853 at 0.098773 false alarm
startTime =

11-Jul-2014 18:25:28


endTIme =

11-Jul-2014 18:51:44

Elapsed time is 961.841393 seconds.

startTime =

11-Jul-2014 18:51:44

## Starting Data/zebra1.pgm.atts

 674 longest primitives returned (250 lines, 424 arcs read, but returning only 3000 max elements for computational reasons)

 Time taken by traditional algorithm = 99.563275 (sec)
 min and max values of the distance matrix [0.155145 0.464159]
 Wanted to embed 674 magnets embedded 674 magnet
 Relaxing nanodisk array with pi/4 orientation as initial states for all disks and external field along x.
 Time Taken = 29.670000 picoseconds
 Relaxing nanodisk array with pi/4 orientation as initial states for all disks and external field along y.
 Time Taken = 29.670000 picoseconds
 Time taken by nanomagnet computing = 1.041226 (sec)
 Detection Rate 0.403135 at 0.097029 false alarm
startTime =

11-Jul-2014 18:51:44


endTIme =

11-Jul-2014 19:13:02

Elapsed time is 846.283887 seconds.
>> [Warning: Objects of graph2d.lineseries class exist - not clearing this class
or any of its superclasses] 
