
                            < M A T L A B (R) >
                  Copyright 1984-2012 The MathWorks, Inc.
                    R2012b (8.0.0.783) 64-bit (glnxa64)
                              August 22, 2012

 
To get started, type one of these: helpwin, helpdesk, or demo.
For product information, visit www.mathworks.com.
 

img1 =

boatbilledheron.pgm.atts


img2 =

buildings.pgm.atts


minGap =

    40


startTime =

11-Jul-2014 19:47:01

## Starting Data/boatbilledheron.pgm.atts

 257 longest primitives returned (104 lines, 153 arcs read, but returning only 3000 max elements for computational reasons)

 Time taken by traditional algorithm = 68.087526 (sec)
 min and max values of the distance matrix [0.195008 0.464159]
 Wanted to embed 257 magnets embedded 257 magnet
 Relaxing nanodisk array with pi/4 orientation as initial states for all disks and external field along x.
 Time Taken = 1.676000 picoseconds
 Relaxing nanodisk array with pi/4 orientation as initial states for all disks and external field along y.
 Time Taken = 1.676000 picoseconds
 Time taken by nanomagnet computing = 75.226410 (sec)
 Detection Rate 0.690624 at 0.245727 false alarm
startTime =

11-Jul-2014 19:47:01


endTIme =

11-Jul-2014 19:50:31

Elapsed time is 93.066322 seconds.

startTime =

11-Jul-2014 19:50:31

## Starting Data/buildings.pgm.atts

 699 longest primitives returned (290 lines, 409 arcs read, but returning only 3000 max elements for computational reasons)

 Time taken by traditional algorithm = 151.967271 (sec)
 min and max values of the distance matrix [0.162696 0.464159]
 Wanted to embed 699 magnets embedded 699 magnet
 Relaxing nanodisk array with pi/4 orientation as initial states for all disks and external field along x.
 Time Taken = 1.997000 picoseconds
 Relaxing nanodisk array with pi/4 orientation as initial states for all disks and external field along y.
 Time Taken = 1.997000 picoseconds
 Time taken by nanomagnet computing = 1.079546 (sec)
 Detection Rate 0.837187 at 0.272885 false alarm
startTime =

11-Jul-2014 19:50:31


endTIme =

11-Jul-2014 20:01:23

Elapsed time is 106.068573 seconds.
>> [Warning: Objects of graph2d.lineseries class exist - not clearing this class
or any of its superclasses] 
