
                            < M A T L A B (R) >
                  Copyright 1984-2012 The MathWorks, Inc.
                    R2012b (8.0.0.783) 64-bit (glnxa64)
                              August 22, 2012

 
To get started, type one of these: helpwin, helpdesk, or demo.
For product information, visit www.mathworks.com.
 

img1 =

126.pgm.atts


img2 =

131.pgm.atts


minGap =

    30


startTime =

11-Jul-2014 18:24:14

## Starting Data/126.pgm.atts

 320 longest primitives returned (146 lines, 174 arcs read, but returning only 3000 max elements for computational reasons)

 Time taken by traditional algorithm = 39.390977 (sec)
 min and max values of the distance matrix [0.167383 0.464159]
 Wanted to embed 320 magnets embedded 320 magnet
 Relaxing nanodisk array with pi/4 orientation as initial states for all disks and external field along x.
 Time Taken = 4.710000 picoseconds
 Relaxing nanodisk array with pi/4 orientation as initial states for all disks and external field along y.
 Time Taken = 4.710000 picoseconds
 Time taken by nanomagnet computing = 0.717901 (sec)
 Detection Rate 0.555158 at 0.098112 false alarm
startTime =

11-Jul-2014 18:24:14


endTIme =

11-Jul-2014 18:30:52

Elapsed time is 272.544316 seconds.

startTime =

11-Jul-2014 18:30:52

## Starting Data/131.pgm.atts

 594 longest primitives returned (284 lines, 310 arcs read, but returning only 3000 max elements for computational reasons)

 Time taken by traditional algorithm = 128.613724 (sec)
 min and max values of the distance matrix [0.143066 0.464159]
 Wanted to embed 594 magnets embedded 594 magnet
 Relaxing nanodisk array with pi/4 orientation as initial states for all disks and external field along x.
 Time Taken = 18.921000 picoseconds
 Relaxing nanodisk array with pi/4 orientation as initial states for all disks and external field along y.
 Time Taken = 18.921000 picoseconds
 Time taken by nanomagnet computing = 0.769243 (sec)
 Detection Rate 0.425538 at 0.099409 false alarm
startTime =

11-Jul-2014 18:30:52


endTIme =

11-Jul-2014 18:44:21

Elapsed time is 387.438700 seconds.
>> [Warning: Objects of graph2d.lineseries class exist - not clearing this class
or any of its superclasses] 
