
                            < M A T L A B (R) >
                  Copyright 1984-2012 The MathWorks, Inc.
                    R2012b (8.0.0.783) 64-bit (glnxa64)
                              August 22, 2012

 
To get started, type one of these: helpwin, helpdesk, or demo.
For product information, visit www.mathworks.com.
 

img1 =

lilacbreastedroller.pgm.atts


img2 =

mailbox.pgm.atts


minGap =

    40


startTime =

11-Jul-2014 19:46:59

## Starting Data/lilacbreastedroller.pgm.atts

 385 longest primitives returned (150 lines, 235 arcs read, but returning only 3000 max elements for computational reasons)

 Time taken by traditional algorithm = 150.735640 (sec)
 min and max values of the distance matrix [0.184549 0.464159]
 Wanted to embed 385 magnets embedded 385 magnet
 Relaxing nanodisk array with pi/4 orientation as initial states for all disks and external field along x.
 Time Taken = 1.739000 picoseconds
 Relaxing nanodisk array with pi/4 orientation as initial states for all disks and external field along y.
 Time Taken = 1.739000 picoseconds
 Time taken by nanomagnet computing = 0.315070 (sec)
 Detection Rate 0.743821 at 0.332808 false alarm
startTime =

11-Jul-2014 19:46:59


endTIme =

11-Jul-2014 19:51:58

Elapsed time is 37.769893 seconds.

startTime =

11-Jul-2014 19:51:58

## Starting Data/mailbox.pgm.atts

 790 longest primitives returned (354 lines, 436 arcs read, but returning only 3000 max elements for computational reasons)

 Time taken by traditional algorithm = 116.773487 (sec)
 min and max values of the distance matrix [0.166811 0.464159]
 Wanted to embed 790 magnets embedded 790 magnet
 Relaxing nanodisk array with pi/4 orientation as initial states for all disks and external field along x.
 Time Taken = 2.109000 picoseconds
 Relaxing nanodisk array with pi/4 orientation as initial states for all disks and external field along y.
 Time Taken = 2.109000 picoseconds
 Time taken by nanomagnet computing = 1.516353 (sec)
 Detection Rate 0.717686 at 0.197031 false alarm
startTime =

11-Jul-2014 19:51:58


endTIme =

11-Jul-2014 20:03:39

Elapsed time is 138.013894 seconds.
>> [Warning: Objects of graph2d.lineseries class exist - not clearing this class
or any of its superclasses] 
