
                            < M A T L A B (R) >
                  Copyright 1984-2012 The MathWorks, Inc.
                    R2012b (8.0.0.783) 64-bit (glnxa64)
                              August 22, 2012

 
To get started, type one of these: helpwin, helpdesk, or demo.
For product information, visit www.mathworks.com.
 

img1 =

giraffe.pgm.atts


img2 =

goldenbackedwoodpecker.pgm.atts


minGap =

    40


startTime =

11-Jul-2014 19:46:56

## Starting Data/giraffe.pgm.atts

 767 longest primitives returned (303 lines, 464 arcs read, but returning only 3000 max elements for computational reasons)

 Time taken by traditional algorithm = 196.181817 (sec)
 min and max values of the distance matrix [0.143804 0.464159]
 Wanted to embed 767 magnets embedded 767 magnet
 Relaxing nanodisk array with pi/4 orientation as initial states for all disks and external field along x.
 Time Taken = 2.092000 picoseconds
 Relaxing nanodisk array with pi/4 orientation as initial states for all disks and external field along y.
 Time Taken = 2.092000 picoseconds
 Time taken by nanomagnet computing = 1.789763 (sec)
 Detection Rate 0.898064 at 0.208014 false alarm
startTime =

11-Jul-2014 19:46:56


endTIme =

11-Jul-2014 19:59:31

Elapsed time is 138.326089 seconds.

startTime =

11-Jul-2014 19:59:31

## Starting Data/goldenbackedwoodpecker.pgm.atts

 601 longest primitives returned (192 lines, 409 arcs read, but returning only 3000 max elements for computational reasons)

 Time taken by traditional algorithm = 63.945536 (sec)
 min and max values of the distance matrix [0.177938 0.464159]
 Wanted to embed 601 magnets embedded 601 magnet
 Relaxing nanodisk array with pi/4 orientation as initial states for all disks and external field along x.
 Time Taken = 2.024000 picoseconds
 Relaxing nanodisk array with pi/4 orientation as initial states for all disks and external field along y.
 Time Taken = 2.024000 picoseconds
 Time taken by nanomagnet computing = 0.755251 (sec)
 Detection Rate 0.842434 at 0.234704 false alarm
startTime =

11-Jul-2014 19:59:31


endTIme =

11-Jul-2014 20:06:28

Elapsed time is 74.444524 seconds.
>> [Warning: Objects of graph2d.lineseries class exist - not clearing this class
or any of its superclasses] 
