
                            < M A T L A B (R) >
                  Copyright 1984-2012 The MathWorks, Inc.
                    R2012b (8.0.0.783) 64-bit (glnxa64)
                              August 22, 2012

 
To get started, type one of these: helpwin, helpdesk, or demo.
For product information, visit www.mathworks.com.
 

img1 =

image13.pgm.atts


img2 =

image15.pgm.atts


minGap =

    30


startTime =

11-Jul-2014 18:25:38

## Starting Data/image13.pgm.atts

 202 longest primitives returned (80 lines, 122 arcs read, but returning only 3000 max elements for computational reasons)

 Time taken by traditional algorithm = 16.431581 (sec)
 min and max values of the distance matrix [0.221586 0.464159]
 Wanted to embed 202 magnets embedded 202 magnet
 Relaxing nanodisk array with pi/4 orientation as initial states for all disks and external field along x.
 Time Taken = 2.377000 picoseconds
 Relaxing nanodisk array with pi/4 orientation as initial states for all disks and external field along y.
 Time Taken = 2.377000 picoseconds
 Time taken by nanomagnet computing = 0.433666 (sec)
 Detection Rate 0.960500 at 0.099114 false alarm
startTime =

11-Jul-2014 18:25:38


endTIme =

11-Jul-2014 18:30:25

Elapsed time is 239.416547 seconds.

startTime =

11-Jul-2014 18:30:26

## Starting Data/image15.pgm.atts

 228 longest primitives returned (93 lines, 135 arcs read, but returning only 3000 max elements for computational reasons)

 Time taken by traditional algorithm = 16.170102 (sec)
 min and max values of the distance matrix [0.209767 0.464159]
 Wanted to embed 228 magnets embedded 228 magnet
 Relaxing nanodisk array with pi/4 orientation as initial states for all disks and external field along x.
 Time Taken = 2.381000 picoseconds
 Relaxing nanodisk array with pi/4 orientation as initial states for all disks and external field along y.
 Time Taken = 2.381000 picoseconds
 Time taken by nanomagnet computing = 0.085287 (sec)
 Detection Rate 0.784293 at 0.098626 false alarm
startTime =

11-Jul-2014 18:30:26


endTIme =

11-Jul-2014 18:31:35

Elapsed time is 14.069866 seconds.
>> [Warning: Objects of graph2d.lineseries class exist - not clearing this class
or any of its superclasses] 
