
                            < M A T L A B (R) >
                  Copyright 1984-2012 The MathWorks, Inc.
                    R2012b (8.0.0.783) 64-bit (glnxa64)
                              August 22, 2012

 
To get started, type one of these: helpwin, helpdesk, or demo.
For product information, visit www.mathworks.com.
 

img1 =

220.pgm.atts


img2 =

222.pgm.atts


minGap =

    30


startTime =

11-Jul-2014 18:25:31


startTime =

11-Jul-2014 18:25:31


endTIme =

11-Jul-2014 18:25:31

Elapsed time is 0.071884 seconds.

startTime =

11-Jul-2014 18:25:31

## Starting Data/222.pgm.atts

 1080 longest primitives returned (374 lines, 706 arcs read, but returning only 3000 max elements for computational reasons)

 Time taken by traditional algorithm = 378.000362 (sec)
 min and max values of the distance matrix [0.151457 0.464159]
 Wanted to embed 1080 magnets embedded 1080 magnet
 Relaxing nanodisk array with pi/4 orientation as initial states for all disks and external field along x.
 Time Taken = 6.664000 picoseconds
 Relaxing nanodisk array with pi/4 orientation as initial states for all disks and external field along y.
 Time Taken = 6.664000 picoseconds
 Time taken by nanomagnet computing = 4.973390 (sec)
 Detection Rate 0.340940 at 0.099557 false alarm
startTime =

11-Jul-2014 18:25:31


endTIme =

11-Jul-2014 18:59:27

Elapsed time is 826.940582 seconds.
>> [Warning: Objects of graph2d.lineseries class exist - not clearing this class
or any of its superclasses] 
