
                            < M A T L A B (R) >
                  Copyright 1984-2012 The MathWorks, Inc.
                    R2012b (8.0.0.783) 64-bit (glnxa64)
                              August 22, 2012

 
To get started, type one of these: helpwin, helpdesk, or demo.
For product information, visit www.mathworks.com.
 

img1 =

S005I002.pgm.atts


img2 =

S005I003.pgm.atts


minGap =

    30


startTime =

11-Jul-2014 18:25:38

## Starting Data/S005I002.pgm.atts

 389 longest primitives returned (234 lines, 155 arcs read, but returning only 3000 max elements for computational reasons)

 Time taken by traditional algorithm = 217.128844 (sec)
 min and max values of the distance matrix [0.140263 0.464159]
 Wanted to embed 389 magnets embedded 389 magnet
 Relaxing nanodisk array with pi/4 orientation as initial states for all disks and external field along x.
 Time Taken = 5.365000 picoseconds
 Relaxing nanodisk array with pi/4 orientation as initial states for all disks and external field along y.
 Time Taken = 5.365000 picoseconds
 Time taken by nanomagnet computing = 0.312243 (sec)
 Detection Rate 0.534898 at 0.098556 false alarm
startTime =

11-Jul-2014 18:25:38


endTIme =

11-Jul-2014 18:32:33

Elapsed time is 87.930603 seconds.

startTime =

11-Jul-2014 18:32:33

## Starting Data/S005I003.pgm.atts

 381 longest primitives returned (228 lines, 153 arcs read, but returning only 3000 max elements for computational reasons)

 Time taken by traditional algorithm = 30.886968 (sec)
 min and max values of the distance matrix [0.150293 0.464159]
 Wanted to embed 381 magnets embedded 381 magnet
 Relaxing nanodisk array with pi/4 orientation as initial states for all disks and external field along x.
 Time Taken = 44.649000 picoseconds
 Relaxing nanodisk array with pi/4 orientation as initial states for all disks and external field along y.
 Time Taken = 44.649000 picoseconds
 Time taken by nanomagnet computing = 0.271500 (sec)
 Detection Rate 0.549502 at 0.092557 false alarm
startTime =

11-Jul-2014 18:32:33


endTIme =

11-Jul-2014 18:41:33

Elapsed time is 397.992525 seconds.
>> [Warning: Objects of graph2d.lineseries class exist - not clearing this class
or any of its superclasses] 
