
                            < M A T L A B (R) >
                  Copyright 1984-2012 The MathWorks, Inc.
                    R2012b (8.0.0.783) 64-bit (glnxa64)
                              August 22, 2012

 
To get started, type one of these: helpwin, helpdesk, or demo.
For product information, visit www.mathworks.com.
 

img1 =

020.pgm.atts


img2 =

101.pgm.atts


minGap =

    30


startTime =

11-Jul-2014 18:21:45

## Starting Data/020.pgm.atts

 668 longest primitives returned (269 lines, 399 arcs read, but returning only 3000 max elements for computational reasons)

 Time taken by traditional algorithm = 427.313974 (sec)
 min and max values of the distance matrix [0.165379 0.464159]
 Wanted to embed 668 magnets embedded 668 magnet
 Relaxing nanodisk array with pi/4 orientation as initial states for all disks and external field along x.
 Time Taken = 5.908000 picoseconds
 Relaxing nanodisk array with pi/4 orientation as initial states for all disks and external field along y.
 Time Taken = 5.908000 picoseconds
 Time taken by nanomagnet computing = 1.014746 (sec)
 Detection Rate 0.468538 at 0.099623 false alarm
startTime =

11-Jul-2014 18:21:45


endTIme =

11-Jul-2014 18:40:00

Elapsed time is 346.689639 seconds.

startTime =

11-Jul-2014 18:40:01

## Starting Data/101.pgm.atts

 831 longest primitives returned (343 lines, 488 arcs read, but returning only 3000 max elements for computational reasons)

 Time taken by traditional algorithm = 139.170423 (sec)
 min and max values of the distance matrix [0.122635 0.464159]
 Wanted to embed 831 magnets embedded 831 magnet
 Relaxing nanodisk array with pi/4 orientation as initial states for all disks and external field along x.
 Time Taken = 4.942000 picoseconds
 Relaxing nanodisk array with pi/4 orientation as initial states for all disks and external field along y.
 Time Taken = 4.942000 picoseconds
 Time taken by nanomagnet computing = 1.787564 (sec)
 Detection Rate 0.345335 at 0.099263 false alarm
startTime =

11-Jul-2014 18:40:01


endTIme =

11-Jul-2014 18:54:37

Elapsed time is 234.270456 seconds.
>> [Warning: Objects of graph2d.lineseries class exist - not clearing this class
or any of its superclasses] 
