
                            < M A T L A B (R) >
                  Copyright 1984-2012 The MathWorks, Inc.
                    R2012b (8.0.0.783) 64-bit (glnxa64)
                              August 22, 2012

 
To get started, type one of these: helpwin, helpdesk, or demo.
For product information, visit www.mathworks.com.
 

img1 =

golfcart.pgm.atts


img2 =

homes.pgm.atts


minGap =

    40


startTime =

11-Jul-2014 19:47:00

## Starting Data/golfcart.pgm.atts

 770 longest primitives returned (323 lines, 447 arcs read, but returning only 3000 max elements for computational reasons)

 Time taken by traditional algorithm = 243.373778 (sec)
 min and max values of the distance matrix [0.149600 0.464159]
 Wanted to embed 770 magnets embedded 770 magnet
 Relaxing nanodisk array with pi/4 orientation as initial states for all disks and external field along x.
 Time Taken = 1.985000 picoseconds
 Relaxing nanodisk array with pi/4 orientation as initial states for all disks and external field along y.
 Time Taken = 1.985000 picoseconds
 Time taken by nanomagnet computing = 1.510256 (sec)
 Detection Rate 0.896671 at 0.177117 false alarm
startTime =

11-Jul-2014 19:47:00


endTIme =

11-Jul-2014 20:00:30

Elapsed time is 136.499023 seconds.

startTime =

11-Jul-2014 20:00:30

## Starting Data/homes.pgm.atts

 954 longest primitives returned (455 lines, 499 arcs read, but returning only 3000 max elements for computational reasons)

 Time taken by traditional algorithm = 219.746962 (sec)
 min and max values of the distance matrix [0.161484 0.464159]
 Wanted to embed 954 magnets embedded 954 magnet
 Relaxing nanodisk array with pi/4 orientation as initial states for all disks and external field along x.
 Time Taken = 2.136000 picoseconds
 Relaxing nanodisk array with pi/4 orientation as initial states for all disks and external field along y.
 Time Taken = 2.136000 picoseconds
 Time taken by nanomagnet computing = 2.608891 (sec)
 Detection Rate 0.956245 at 0.276743 false alarm
startTime =

11-Jul-2014 20:00:30


endTIme =

11-Jul-2014 20:18:20

Elapsed time is 194.164646 seconds.
>> [Warning: Objects of graph2d.lineseries class exist - not clearing this class
or any of its superclasses] 
