
                            < M A T L A B (R) >
                  Copyright 1984-2012 The MathWorks, Inc.
                    R2012b (8.0.0.783) 64-bit (glnxa64)
                              August 22, 2012

 
To get started, type one of these: helpwin, helpdesk, or demo.
For product information, visit www.mathworks.com.
 

img1 =

series.pgm.atts


img2 =

tiger.pgm.atts


minGap =

    40


startTime =

11-Jul-2014 19:47:00

## Starting Data/series.pgm.atts

 630 longest primitives returned (344 lines, 286 arcs read, but returning only 3000 max elements for computational reasons)

 Time taken by traditional algorithm = 133.950306 (sec)
 min and max values of the distance matrix [0.153270 0.464159]
 Wanted to embed 630 magnets embedded 630 magnet
 Relaxing nanodisk array with pi/4 orientation as initial states for all disks and external field along x.
 Time Taken = 2.021000 picoseconds
 Relaxing nanodisk array with pi/4 orientation as initial states for all disks and external field along y.
 Time Taken = 2.021000 picoseconds
 Time taken by nanomagnet computing = 0.869399 (sec)
 Detection Rate 0.739152 at 0.269718 false alarm
startTime =

11-Jul-2014 19:47:00


endTIme =

11-Jul-2014 19:55:31

Elapsed time is 93.082035 seconds.

startTime =

11-Jul-2014 19:55:31

## Starting Data/tiger.pgm.atts

 253 longest primitives returned (253 lines, 0 arcs read, but returning only 3000 max elements for computational reasons)

 Time taken by traditional algorithm = 17.854812 (sec)
 min and max values of the distance matrix [0.220321 0.464159]
 Wanted to embed 253 magnets embedded 253 magnet
 Relaxing nanodisk array with pi/4 orientation as initial states for all disks and external field along x.
 Time Taken = 1.593000 picoseconds
 Relaxing nanodisk array with pi/4 orientation as initial states for all disks and external field along y.
 Time Taken = 1.593000 picoseconds
 Time taken by nanomagnet computing = 0.102467 (sec)
 Detection Rate 0.778953 at 0.117021 false alarm
startTime =

11-Jul-2014 19:55:31


endTIme =

11-Jul-2014 19:56:47

Elapsed time is 11.571061 seconds.
>> [Warning: Objects of graph2d.lineseries class exist - not clearing this class
or any of its superclasses] 
