
                            < M A T L A B (R) >
                  Copyright 1984-2012 The MathWorks, Inc.
                    R2012b (8.0.0.783) 64-bit (glnxa64)
                              August 22, 2012

 
To get started, type one of these: helpwin, helpdesk, or demo.
For product information, visit www.mathworks.com.
 

img1 =

S005I00C.PGM.atts


img2 =

S006I008.PGM.atts


minGap =

    30


startTime =

11-Jul-2014 18:25:31

## Starting Data/S005I00C.PGM.atts

 455 longest primitives returned (255 lines, 200 arcs read, but returning only 3000 max elements for computational reasons)

 Time taken by traditional algorithm = 274.658641 (sec)
 min and max values of the distance matrix [0.159123 0.464159]
 Wanted to embed 455 magnets embedded 455 magnet
 Relaxing nanodisk array with pi/4 orientation as initial states for all disks and external field along x.
 Time Taken = 6.095000 picoseconds
 Relaxing nanodisk array with pi/4 orientation as initial states for all disks and external field along y.
 Time Taken = 6.095000 picoseconds
 Time taken by nanomagnet computing = 0.434144 (sec)
 Detection Rate 0.917936 at 0.098704 false alarm
startTime =

11-Jul-2014 18:25:31


endTIme =

11-Jul-2014 18:35:30

Elapsed time is 175.164964 seconds.

startTime =

11-Jul-2014 18:35:31

## Starting Data/S006I008.PGM.atts

 341 longest primitives returned (183 lines, 158 arcs read, but returning only 3000 max elements for computational reasons)

 Time taken by traditional algorithm = 27.273015 (sec)
 min and max values of the distance matrix [0.136955 0.464159]
 Wanted to embed 341 magnets embedded 341 magnet
 Relaxing nanodisk array with pi/4 orientation as initial states for all disks and external field along x.
 Time Taken = 59.860000 picoseconds
 Relaxing nanodisk array with pi/4 orientation as initial states for all disks and external field along y.
 Time Taken = 59.860000 picoseconds
 Time taken by nanomagnet computing = 0.214029 (sec)
 Detection Rate 0.795442 at 0.096686 false alarm
startTime =

11-Jul-2014 18:35:31


endTIme =

11-Jul-2014 18:44:18

Elapsed time is 399.111818 seconds.
>> [Warning: Objects of graph2d.lineseries class exist - not clearing this class
or any of its superclasses] 
