
                            < M A T L A B (R) >
                  Copyright 1984-2012 The MathWorks, Inc.
                    R2012b (8.0.0.783) 64-bit (glnxa64)
                              August 22, 2012

 
To get started, type one of these: helpwin, helpdesk, or demo.
For product information, visit www.mathworks.com.
 

img1 =

217.pgm.atts


img2 =

217095.pgm.atts


minGap =

    40


startTime =

11-Jul-2014 19:47:00

## Starting Data/217.pgm.atts

 558 longest primitives returned (211 lines, 347 arcs read, but returning only 3000 max elements for computational reasons)

 Time taken by traditional algorithm = 102.233691 (sec)
 min and max values of the distance matrix [0.136169 0.464159]
 Wanted to embed 558 magnets embedded 558 magnet
 Relaxing nanodisk array with pi/4 orientation as initial states for all disks and external field along x.
 Time Taken = 1.866000 picoseconds
 Relaxing nanodisk array with pi/4 orientation as initial states for all disks and external field along y.
 Time Taken = 1.866000 picoseconds
 Time taken by nanomagnet computing = 0.683989 (sec)
 Detection Rate 0.786590 at 0.282338 false alarm
startTime =

11-Jul-2014 19:47:00


endTIme =

11-Jul-2014 19:53:34

Elapsed time is 70.017684 seconds.

startTime =

11-Jul-2014 19:53:34

## Starting Data/217095.pgm.atts

 707 longest primitives returned (276 lines, 431 arcs read, but returning only 3000 max elements for computational reasons)

 Time taken by traditional algorithm = 84.296012 (sec)
 min and max values of the distance matrix [0.208028 0.464159]
 Wanted to embed 707 magnets embedded 707 magnet
 Relaxing nanodisk array with pi/4 orientation as initial states for all disks and external field along x.
 Time Taken = 2.023000 picoseconds
 Relaxing nanodisk array with pi/4 orientation as initial states for all disks and external field along y.
 Time Taken = 2.023000 picoseconds
 Time taken by nanomagnet computing = 1.134149 (sec)
 Detection Rate 0.861412 at 0.221256 false alarm
startTime =

11-Jul-2014 19:53:34


endTIme =

11-Jul-2014 20:02:45

Elapsed time is 105.550361 seconds.
>> [Warning: Objects of graph2d.lineseries class exist - not clearing this class
or any of its superclasses] 
