
                            < M A T L A B (R) >
                  Copyright 1984-2012 The MathWorks, Inc.
                    R2012b (8.0.0.783) 64-bit (glnxa64)
                              August 22, 2012

 
To get started, type one of these: helpwin, helpdesk, or demo.
For product information, visit www.mathworks.com.
 

img1 =

airfield_edges.pgm.pgm.atts


img2 =

airplane.pgm.atts


minGap =

    30


startTime =

11-Jul-2014 18:25:29


startTime =

11-Jul-2014 18:25:29


endTIme =

11-Jul-2014 18:25:29

Elapsed time is 0.070093 seconds.

startTime =

11-Jul-2014 18:25:29

## Starting Data/airplane.pgm.atts

 525 longest primitives returned (324 lines, 201 arcs read, but returning only 3000 max elements for computational reasons)

 Time taken by traditional algorithm = 262.136525 (sec)
 min and max values of the distance matrix [0.133082 0.464159]
 Wanted to embed 525 magnets embedded 525 magnet
 Relaxing nanodisk array with pi/4 orientation as initial states for all disks and external field along x.
 Time Taken = 4.209000 picoseconds
 Relaxing nanodisk array with pi/4 orientation as initial states for all disks and external field along y.
 Time Taken = 4.209000 picoseconds
 Time taken by nanomagnet computing = 0.604618 (sec)
 Detection Rate 0.974086 at 0.110135 false alarm
startTime =

11-Jul-2014 18:25:29


endTIme =

11-Jul-2014 18:35:12

Elapsed time is 119.471973 seconds.
>> [Warning: Objects of graph2d.lineseries class exist - not clearing this class
or any of its superclasses] 
