
                            < M A T L A B (R) >
                  Copyright 1984-2012 The MathWorks, Inc.
                    R2012b (8.0.0.783) 64-bit (glnxa64)
                              August 22, 2012

 
To get started, type one of these: helpwin, helpdesk, or demo.
For product information, visit www.mathworks.com.
 

img1 =

S005I004.pgm.atts


img2 =

S005I005.pgm.atts


minGap =

    30


startTime =

11-Jul-2014 18:26:08

## Starting Data/S005I004.pgm.atts

 323 longest primitives returned (203 lines, 120 arcs read, but returning only 3000 max elements for computational reasons)

 Time taken by traditional algorithm = 224.897394 (sec)
 min and max values of the distance matrix [0.149010 0.464159]
 Wanted to embed 323 magnets embedded 323 magnet
 Relaxing nanodisk array with pi/4 orientation as initial states for all disks and external field along x.
 Time Taken = 10.377000 picoseconds
 Relaxing nanodisk array with pi/4 orientation as initial states for all disks and external field along y.
 Time Taken = 10.377000 picoseconds
 Time taken by nanomagnet computing = 0.195567 (sec)
 Detection Rate 0.659309 at 0.103061 false alarm
startTime =

11-Jul-2014 18:26:08


endTIme =

11-Jul-2014 18:36:35

Elapsed time is 331.188352 seconds.

startTime =

11-Jul-2014 18:36:35

## Starting Data/S005I005.pgm.atts

 385 longest primitives returned (203 lines, 182 arcs read, but returning only 3000 max elements for computational reasons)

 Time taken by traditional algorithm = 30.339665 (sec)
 min and max values of the distance matrix [0.154284 0.464159]
 Wanted to embed 385 magnets embedded 385 magnet
 Relaxing nanodisk array with pi/4 orientation as initial states for all disks and external field along x.
 Time Taken = 3.242000 picoseconds
 Relaxing nanodisk array with pi/4 orientation as initial states for all disks and external field along y.
 Time Taken = 3.242000 picoseconds
 Time taken by nanomagnet computing = 0.255693 (sec)
 Detection Rate 0.717749 at 0.099640 false alarm
startTime =

11-Jul-2014 18:36:35


endTIme =

11-Jul-2014 18:40:49

Elapsed time is 114.071706 seconds.
>> [Warning: Objects of graph2d.lineseries class exist - not clearing this class
or any of its superclasses] 
