
                            < M A T L A B (R) >
                  Copyright 1984-2012 The MathWorks, Inc.
                    R2012b (8.0.0.783) 64-bit (glnxa64)
                              August 22, 2012

 
To get started, type one of these: helpwin, helpdesk, or demo.
For product information, visit www.mathworks.com.
 

img1 =

S004I001.PGM.atts


img2 =

S004I003.PGM.atts


minGap =

    30


startTime =

11-Jul-2014 18:26:05

## Starting Data/S004I001.PGM.atts

 408 longest primitives returned (183 lines, 225 arcs read, but returning only 3000 max elements for computational reasons)

 Time taken by traditional algorithm = 209.344215 (sec)
 min and max values of the distance matrix [0.143827 0.464159]
 Wanted to embed 408 magnets embedded 408 magnet
 Relaxing nanodisk array with pi/4 orientation as initial states for all disks and external field along x.
 Time Taken = 2.467000 picoseconds
 Relaxing nanodisk array with pi/4 orientation as initial states for all disks and external field along y.
 Time Taken = 2.467000 picoseconds
 Time taken by nanomagnet computing = 0.320125 (sec)
 Detection Rate 0.630204 at 0.099167 false alarm
startTime =

11-Jul-2014 18:26:05


endTIme =

11-Jul-2014 18:38:04

Elapsed time is 390.212720 seconds.

startTime =

11-Jul-2014 18:38:04

## Starting Data/S004I003.PGM.atts

 383 longest primitives returned (167 lines, 216 arcs read, but returning only 3000 max elements for computational reasons)

 Time taken by traditional algorithm = 30.686731 (sec)
 min and max values of the distance matrix [0.147216 0.464159]
 Wanted to embed 383 magnets embedded 383 magnet
 Relaxing nanodisk array with pi/4 orientation as initial states for all disks and external field along x.
 Time Taken = 2.877000 picoseconds
 Relaxing nanodisk array with pi/4 orientation as initial states for all disks and external field along y.
 Time Taken = 2.877000 picoseconds
 Time taken by nanomagnet computing = 0.258096 (sec)
 Detection Rate 0.815830 at 0.099319 false alarm
startTime =

11-Jul-2014 18:38:04


endTIme =

11-Jul-2014 18:41:27

Elapsed time is 64.966052 seconds.
>> [Warning: Objects of graph2d.lineseries class exist - not clearing this class
or any of its superclasses] 
