
                            < M A T L A B (R) >
                  Copyright 1984-2012 The MathWorks, Inc.
                    R2012b (8.0.0.783) 64-bit (glnxa64)
                              August 22, 2012

 
To get started, type one of these: helpwin, helpdesk, or demo.
For product information, visit www.mathworks.com.
 

img1 =

S004I004.PGM.atts


img2 =

S004I006.PGM.atts


minGap =

    40


startTime =

11-Jul-2014 19:46:56

## Starting Data/S004I004.PGM.atts

 411 longest primitives returned (178 lines, 233 arcs read, but returning only 3000 max elements for computational reasons)

 Time taken by traditional algorithm = 133.288267 (sec)
 min and max values of the distance matrix [0.138175 0.464159]
 Wanted to embed 411 magnets embedded 411 magnet
 Relaxing nanodisk array with pi/4 orientation as initial states for all disks and external field along x.
 Time Taken = 1.803000 picoseconds
 Relaxing nanodisk array with pi/4 orientation as initial states for all disks and external field along y.
 Time Taken = 1.803000 picoseconds
 Time taken by nanomagnet computing = 0.336046 (sec)
 Detection Rate 0.647253 at 0.442833 false alarm
startTime =

11-Jul-2014 19:46:56


endTIme =

11-Jul-2014 19:51:47

Elapsed time is 33.197924 seconds.

startTime =

11-Jul-2014 19:51:47

## Starting Data/S004I006.PGM.atts

 503 longest primitives returned (225 lines, 278 arcs read, but returning only 3000 max elements for computational reasons)

 Time taken by traditional algorithm = 46.774551 (sec)
 min and max values of the distance matrix [0.182907 0.464159]
 Wanted to embed 503 magnets embedded 503 magnet
 Relaxing nanodisk array with pi/4 orientation as initial states for all disks and external field along x.
 Time Taken = 1.893000 picoseconds
 Relaxing nanodisk array with pi/4 orientation as initial states for all disks and external field along y.
 Time Taken = 1.893000 picoseconds
 Time taken by nanomagnet computing = 0.487489 (sec)
 Detection Rate 0.619128 at 0.186191 false alarm
startTime =

11-Jul-2014 19:51:47


endTIme =

11-Jul-2014 19:56:24

Elapsed time is 50.092409 seconds.
>> [Warning: Objects of graph2d.lineseries class exist - not clearing this class
or any of its superclasses] 
