
                            < M A T L A B (R) >
                  Copyright 1984-2012 The MathWorks, Inc.
                    R2012b (8.0.0.783) 64-bit (glnxa64)
                              August 22, 2012

 
To get started, type one of these: helpwin, helpdesk, or demo.
For product information, visit www.mathworks.com.
 

img1 =

zebra.pgm.atts


img2 =

zebra1.pgm.atts


minGap =

    40


startTime =

11-Jul-2014 19:46:59

## Starting Data/zebra.pgm.atts

 729 longest primitives returned (283 lines, 446 arcs read, but returning only 3000 max elements for computational reasons)

 Time taken by traditional algorithm = 211.227418 (sec)
 min and max values of the distance matrix [0.163764 0.464159]
 Wanted to embed 729 magnets embedded 729 magnet
 Relaxing nanodisk array with pi/4 orientation as initial states for all disks and external field along x.
 Time Taken = 1.951000 picoseconds
 Relaxing nanodisk array with pi/4 orientation as initial states for all disks and external field along y.
 Time Taken = 1.951000 picoseconds
 Time taken by nanomagnet computing = 1.374139 (sec)
 Detection Rate 0.882781 at 0.311720 false alarm
startTime =

11-Jul-2014 19:46:59


endTIme =

11-Jul-2014 19:58:58

Elapsed time is 130.917533 seconds.

startTime =

11-Jul-2014 19:58:58

## Starting Data/zebra1.pgm.atts

 674 longest primitives returned (250 lines, 424 arcs read, but returning only 3000 max elements for computational reasons)

 Time taken by traditional algorithm = 77.221828 (sec)
 min and max values of the distance matrix [0.155145 0.464159]
 Wanted to embed 674 magnets embedded 674 magnet
 Relaxing nanodisk array with pi/4 orientation as initial states for all disks and external field along x.
 Time Taken = 1.953000 picoseconds
 Relaxing nanodisk array with pi/4 orientation as initial states for all disks and external field along y.
 Time Taken = 1.953000 picoseconds
 Time taken by nanomagnet computing = 0.977967 (sec)
 Detection Rate 0.795308 at 0.294370 false alarm
startTime =

11-Jul-2014 19:58:58


endTIme =

11-Jul-2014 20:07:14

Elapsed time is 92.544991 seconds.
>> [Warning: Objects of graph2d.lineseries class exist - not clearing this class
or any of its superclasses] 
