
                            < M A T L A B (R) >
                  Copyright 1984-2012 The MathWorks, Inc.
                    R2012b (8.0.0.783) 64-bit (glnxa64)
                              August 22, 2012

 
To get started, type one of these: helpwin, helpdesk, or demo.
For product information, visit www.mathworks.com.
 

img1 =

image41.pgm.atts


img2 =

largebuilding.pgm.atts


minGap =

    30


startTime =

11-Jul-2014 18:25:28

## Starting Data/image41.pgm.atts

 210 longest primitives returned (210 lines, 0 arcs read, but returning only 3000 max elements for computational reasons)

 Time taken by traditional algorithm = 20.542048 (sec)
 min and max values of the distance matrix [0.190577 0.464159]
 Wanted to embed 210 magnets embedded 210 magnet
 Relaxing nanodisk array with pi/4 orientation as initial states for all disks and external field along x.
 Time Taken = 29.897000 picoseconds
 Relaxing nanodisk array with pi/4 orientation as initial states for all disks and external field along y.
 Time Taken = 29.897000 picoseconds
 Time taken by nanomagnet computing = 248.917555 (sec)
 Detection Rate 0.747570 at 0.094842 false alarm
startTime =

11-Jul-2014 18:25:28


endTIme =

11-Jul-2014 18:33:15

Elapsed time is 411.265497 seconds.

startTime =

11-Jul-2014 18:33:15

## Starting Data/largebuilding.pgm.atts

 1004 longest primitives returned (441 lines, 563 arcs read, but returning only 3000 max elements for computational reasons)

 Time taken by traditional algorithm = 421.260207 (sec)
 min and max values of the distance matrix [0.151453 0.464159]
 Wanted to embed 1004 magnets embedded 1004 magnet
 Relaxing nanodisk array with pi/4 orientation as initial states for all disks and external field along x.
 Time Taken = 2.972000 picoseconds
 Relaxing nanodisk array with pi/4 orientation as initial states for all disks and external field along y.
 Time Taken = 2.972000 picoseconds
 Time taken by nanomagnet computing = 2.829583 (sec)
 Detection Rate 0.268385 at 0.099754 false alarm
startTime =

11-Jul-2014 18:33:15


endTIme =

11-Jul-2014 19:10:55

Elapsed time is 1017.204947 seconds.
>> [Warning: Objects of graph2d.lineseries class exist - not clearing this class
or any of its superclasses] 
