
                            < M A T L A B (R) >
                  Copyright 1984-2012 The MathWorks, Inc.
                    R2012b (8.0.0.783) 64-bit (glnxa64)
                              August 22, 2012

 
To get started, type one of these: helpwin, helpdesk, or demo.
For product information, visit www.mathworks.com.
 

img1 =

S006I009.PGM.atts


img2 =

S006I00A.PGM.atts


minGap =

    40


startTime =

11-Jul-2014 19:47:01

## Starting Data/S006I009.PGM.atts

 406 longest primitives returned (213 lines, 193 arcs read, but returning only 3000 max elements for computational reasons)

 Time taken by traditional algorithm = 125.856716 (sec)
 min and max values of the distance matrix [0.165035 0.464159]
 Wanted to embed 406 magnets embedded 406 magnet
 Relaxing nanodisk array with pi/4 orientation as initial states for all disks and external field along x.
 Time Taken = 1.769000 picoseconds
 Relaxing nanodisk array with pi/4 orientation as initial states for all disks and external field along y.
 Time Taken = 1.769000 picoseconds
 Time taken by nanomagnet computing = 0.311397 (sec)
 Detection Rate 0.709631 at 0.214233 false alarm
startTime =

11-Jul-2014 19:47:01


endTIme =

11-Jul-2014 19:51:37

Elapsed time is 32.078227 seconds.

startTime =

11-Jul-2014 19:51:37

## Starting Data/S006I00A.PGM.atts

 429 longest primitives returned (219 lines, 210 arcs read, but returning only 3000 max elements for computational reasons)

 Time taken by traditional algorithm = 36.408727 (sec)
 min and max values of the distance matrix [0.192804 0.464159]
 Wanted to embed 429 magnets embedded 429 magnet
 Relaxing nanodisk array with pi/4 orientation as initial states for all disks and external field along x.
 Time Taken = 1.803000 picoseconds
 Relaxing nanodisk array with pi/4 orientation as initial states for all disks and external field along y.
 Time Taken = 1.803000 picoseconds
 Time taken by nanomagnet computing = 0.348648 (sec)
 Detection Rate 0.740373 at 0.250824 false alarm
startTime =

11-Jul-2014 19:51:37


endTIme =

11-Jul-2014 19:54:59

Elapsed time is 33.897948 seconds.
>> [Warning: Objects of graph2d.lineseries class exist - not clearing this class
or any of its superclasses] 
