
                            < M A T L A B (R) >
                  Copyright 1984-2012 The MathWorks, Inc.
                    R2012b (8.0.0.783) 64-bit (glnxa64)
                              August 22, 2012

 
To get started, type one of these: helpwin, helpdesk, or demo.
For product information, visit www.mathworks.com.
 

img1 =

S006I019.PGM.atts


img2 =

S006I01A.PGM.atts


minGap =

    30


startTime =

11-Jul-2014 18:25:31

## Starting Data/S006I019.PGM.atts

 365 longest primitives returned (190 lines, 175 arcs read, but returning only 3000 max elements for computational reasons)

 Time taken by traditional algorithm = 271.075290 (sec)
 min and max values of the distance matrix [0.143506 0.464159]
 Wanted to embed 365 magnets embedded 365 magnet
 Relaxing nanodisk array with pi/4 orientation as initial states for all disks and external field along x.
 Time Taken = 49.442000 picoseconds
 Relaxing nanodisk array with pi/4 orientation as initial states for all disks and external field along y.
 Time Taken = 49.442000 picoseconds
 Time taken by nanomagnet computing = 0.268937 (sec)
 Detection Rate 0.883366 at 0.114724 false alarm
startTime =

11-Jul-2014 18:25:31


endTIme =

11-Jul-2014 18:38:32

Elapsed time is 410.246999 seconds.

startTime =

11-Jul-2014 18:38:32

## Starting Data/S006I01A.PGM.atts

 336 longest primitives returned (171 lines, 165 arcs read, but returning only 3000 max elements for computational reasons)

 Time taken by traditional algorithm = 25.226031 (sec)
 min and max values of the distance matrix [0.155781 0.464159]
 Wanted to embed 336 magnets embedded 336 magnet
 Relaxing nanodisk array with pi/4 orientation as initial states for all disks and external field along x.
 Time Taken = 2.672000 picoseconds
 Relaxing nanodisk array with pi/4 orientation as initial states for all disks and external field along y.
 Time Taken = 2.672000 picoseconds
 Time taken by nanomagnet computing = 0.190308 (sec)
 Detection Rate 0.703204 at 0.099761 false alarm
startTime =

11-Jul-2014 18:38:32


endTIme =

11-Jul-2014 18:41:51

Elapsed time is 91.004514 seconds.
>> [Warning: Objects of graph2d.lineseries class exist - not clearing this class
or any of its superclasses] 
