
                            < M A T L A B (R) >
                  Copyright 1984-2012 The MathWorks, Inc.
                    R2012b (8.0.0.783) 64-bit (glnxa64)
                              August 22, 2012

 
To get started, type one of these: helpwin, helpdesk, or demo.
For product information, visit www.mathworks.com.
 

img1 =

010.pgm.atts


img2 =

019.pgm.atts


minGap =

    40


startTime =

11-Jul-2014 19:41:50

## Starting Data/010.pgm.atts

 399 longest primitives returned (146 lines, 253 arcs read, but returning only 3000 max elements for computational reasons)

 Time taken by traditional algorithm = 50.859985 (sec)
 min and max values of the distance matrix [0.183615 0.464159]
 Wanted to embed 399 magnets embedded 399 magnet
 Relaxing nanodisk array with pi/4 orientation as initial states for all disks and external field along x.
 Time Taken = 1.802000 picoseconds
 Relaxing nanodisk array with pi/4 orientation as initial states for all disks and external field along y.
 Time Taken = 1.802000 picoseconds
 Time taken by nanomagnet computing = 0.692170 (sec)
 Detection Rate 0.591454 at 0.282735 false alarm
startTime =

11-Jul-2014 19:41:50


endTIme =

11-Jul-2014 19:45:17

Elapsed time is 38.056439 seconds.

startTime =

11-Jul-2014 19:45:17

## Starting Data/019.pgm.atts

 541 longest primitives returned (224 lines, 317 arcs read, but returning only 3000 max elements for computational reasons)

 Time taken by traditional algorithm = 53.360092 (sec)
 min and max values of the distance matrix [0.127266 0.464159]
 Wanted to embed 541 magnets embedded 541 magnet
 Relaxing nanodisk array with pi/4 orientation as initial states for all disks and external field along x.
 Time Taken = 1.991000 picoseconds
 Relaxing nanodisk array with pi/4 orientation as initial states for all disks and external field along y.
 Time Taken = 1.991000 picoseconds
 Time taken by nanomagnet computing = 0.580898 (sec)
 Detection Rate 0.737007 at 0.296549 false alarm
startTime =

11-Jul-2014 19:45:17


endTIme =

11-Jul-2014 19:50:54

Elapsed time is 74.346589 seconds.
>> [Warning: Objects of graph2d.lineseries class exist - not clearing this class
or any of its superclasses] 
