
                            < M A T L A B (R) >
                  Copyright 1984-2012 The MathWorks, Inc.
                    R2012b (8.0.0.783) 64-bit (glnxa64)
                              August 22, 2012

 
To get started, type one of these: helpwin, helpdesk, or demo.
For product information, visit www.mathworks.com.
 

img1 =

S006I00B.PGM.atts


img2 =

S006I00E.PGM.atts


minGap =

    40


startTime =

11-Jul-2014 19:47:03

## Starting Data/S006I00B.PGM.atts

 340 longest primitives returned (170 lines, 170 arcs read, but returning only 3000 max elements for computational reasons)

 Time taken by traditional algorithm = 36.664559 (sec)
 min and max values of the distance matrix [0.148164 0.464159]
 Wanted to embed 340 magnets embedded 340 magnet
 Relaxing nanodisk array with pi/4 orientation as initial states for all disks and external field along x.
 Time Taken = 1.616000 picoseconds
 Relaxing nanodisk array with pi/4 orientation as initial states for all disks and external field along y.
 Time Taken = 1.616000 picoseconds
 Time taken by nanomagnet computing = 78.980847 (sec)
 Detection Rate 0.572715 at 0.544654 false alarm
startTime =

11-Jul-2014 19:47:03


endTIme =

11-Jul-2014 19:50:49

Elapsed time is 104.610627 seconds.

startTime =

11-Jul-2014 19:50:49

## Starting Data/S006I00E.PGM.atts

 444 longest primitives returned (214 lines, 230 arcs read, but returning only 3000 max elements for computational reasons)

 Time taken by traditional algorithm = 37.773707 (sec)
 min and max values of the distance matrix [0.151784 0.464159]
 Wanted to embed 444 magnets embedded 444 magnet
 Relaxing nanodisk array with pi/4 orientation as initial states for all disks and external field along x.
 Time Taken = 1.638000 picoseconds
 Relaxing nanodisk array with pi/4 orientation as initial states for all disks and external field along y.
 Time Taken = 1.638000 picoseconds
 Time taken by nanomagnet computing = 0.375461 (sec)
 Detection Rate 0.802067 at 0.333257 false alarm
startTime =

11-Jul-2014 19:50:49


endTIme =

11-Jul-2014 19:54:28

Elapsed time is 40.465339 seconds.
>> [Warning: Objects of graph2d.lineseries class exist - not clearing this class
or any of its superclasses] 
