
                            < M A T L A B (R) >
                  Copyright 1984-2012 The MathWorks, Inc.
                    R2012b (8.0.0.783) 64-bit (glnxa64)
                              August 22, 2012

 
To get started, type one of these: helpwin, helpdesk, or demo.
For product information, visit www.mathworks.com.
 

img1 =

rhino.pgm.atts


img2 =

school.pgm.atts


minGap =

    30


startTime =

11-Jul-2014 18:26:07

## Starting Data/rhino.pgm.atts

 291 longest primitives returned (103 lines, 188 arcs read, but returning only 3000 max elements for computational reasons)

 Time taken by traditional algorithm = 233.101211 (sec)
 min and max values of the distance matrix [0.183472 0.464159]
 Wanted to embed 291 magnets embedded 291 magnet
 Relaxing nanodisk array with pi/4 orientation as initial states for all disks and external field along x.
 Time Taken = 4.843000 picoseconds
 Relaxing nanodisk array with pi/4 orientation as initial states for all disks and external field along y.
 Time Taken = 4.843000 picoseconds
 Time taken by nanomagnet computing = 0.169969 (sec)
 Detection Rate 0.652620 at 0.099972 false alarm
startTime =

11-Jul-2014 18:26:07


endTIme =

11-Jul-2014 18:31:48

Elapsed time is 51.382499 seconds.

startTime =

11-Jul-2014 18:31:48

## Starting Data/school.pgm.atts

 534 longest primitives returned (264 lines, 270 arcs read, but returning only 3000 max elements for computational reasons)

 Time taken by traditional algorithm = 94.164478 (sec)
 min and max values of the distance matrix [0.133500 0.464159]
 Wanted to embed 534 magnets embedded 534 magnet
 Relaxing nanodisk array with pi/4 orientation as initial states for all disks and external field along x.
 Time Taken = 30.981000 picoseconds
 Relaxing nanodisk array with pi/4 orientation as initial states for all disks and external field along y.
 Time Taken = 30.981000 picoseconds
 Time taken by nanomagnet computing = 0.524474 (sec)
 Detection Rate 0.517000 at 0.097252 false alarm
startTime =

11-Jul-2014 18:31:48


endTIme =

11-Jul-2014 18:45:20

Elapsed time is 520.788331 seconds.
>> [Warning: Objects of graph2d.lineseries class exist - not clearing this class
or any of its superclasses] 
