
                            < M A T L A B (R) >
                  Copyright 1984-2012 The MathWorks, Inc.
                    R2012b (8.0.0.783) 64-bit (glnxa64)
                              August 22, 2012

 
To get started, type one of these: helpwin, helpdesk, or demo.
For product information, visit www.mathworks.com.
 

img1 =

103.pgm.atts


img2 =

104.pgm.atts


minGap =

    50


startTime =

12-Jul-2014 11:34:22

## Starting Data/103.pgm.atts

 524 longest primitives returned (188 lines, 336 arcs read, but returning only 3000 max elements for computational reasons)

 Time taken by traditional algorithm = 81.782255 (sec)
 min and max values of the distance matrix [0.141541 0.464159]
 Wanted to embed 524 magnets embedded 524 magnet
 Relaxing nanodisk array with pi/4 orientation as initial states for all disks and external field along x.
 Time Taken = 0.771000 picoseconds
 Relaxing nanodisk array with pi/4 orientation as initial states for all disks and external field along y.
 Time Taken = 0.771000 picoseconds
 Time taken by nanomagnet computing = 0.573575 (sec)
 Detection Rate 0.295795 at 0.606104 false alarm
startTime =

12-Jul-2014 11:34:22


endTIme =

12-Jul-2014 11:39:27

Elapsed time is 24.383496 seconds.

startTime =

12-Jul-2014 11:39:27

## Starting Data/104.pgm.atts

 657 longest primitives returned (337 lines, 320 arcs read, but returning only 3000 max elements for computational reasons)

 Time taken by traditional algorithm = 82.799729 (sec)
 min and max values of the distance matrix [0.152032 0.464159]
 Wanted to embed 657 magnets embedded 657 magnet
 Relaxing nanodisk array with pi/4 orientation as initial states for all disks and external field along x.
 Time Taken = 0.775000 picoseconds
 Relaxing nanodisk array with pi/4 orientation as initial states for all disks and external field along y.
 Time Taken = 0.775000 picoseconds
 Time taken by nanomagnet computing = 1.078031 (sec)
 Detection Rate 0.943755 at 0.290805 false alarm
startTime =

12-Jul-2014 11:39:27


endTIme =

12-Jul-2014 11:46:55

Elapsed time is 36.853135 seconds.
>> [Warning: Objects of graph2d.lineseries class exist - not clearing this class
or any of its superclasses] 
