
                            < M A T L A B (R) >
                  Copyright 1984-2012 The MathWorks, Inc.
                    R2012b (8.0.0.783) 64-bit (glnxa64)
                              August 22, 2012

 
To get started, type one of these: helpwin, helpdesk, or demo.
For product information, visit www.mathworks.com.
 

img1 =

S005I004.pgm.atts


img2 =

S005I005.pgm.atts


minGap =

    50


startTime =

12-Jul-2014 11:34:39

## Starting Data/S005I004.pgm.atts

 323 longest primitives returned (203 lines, 120 arcs read, but returning only 3000 max elements for computational reasons)

 Time taken by traditional algorithm = 34.604951 (sec)
 min and max values of the distance matrix [0.149010 0.464159]
 Wanted to embed 323 magnets embedded 323 magnet
 Relaxing nanodisk array with pi/4 orientation as initial states for all disks and external field along x.
 Time Taken = 0.744000 picoseconds
 Relaxing nanodisk array with pi/4 orientation as initial states for all disks and external field along y.
 Time Taken = 0.744000 picoseconds
 Time taken by nanomagnet computing = 0.198661 (sec)
 Detection Rate 0.645077 at 0.561718 false alarm
startTime =

12-Jul-2014 11:34:39


endTIme =

12-Jul-2014 11:37:52

Elapsed time is 80.613828 seconds.

startTime =

12-Jul-2014 11:37:52

## Starting Data/S005I005.pgm.atts

 385 longest primitives returned (203 lines, 182 arcs read, but returning only 3000 max elements for computational reasons)

 Time taken by traditional algorithm = 31.155550 (sec)
 min and max values of the distance matrix [0.154284 0.464159]
 Wanted to embed 385 magnets embedded 385 magnet
 Relaxing nanodisk array with pi/4 orientation as initial states for all disks and external field along x.
 Time Taken = 0.757000 picoseconds
 Relaxing nanodisk array with pi/4 orientation as initial states for all disks and external field along y.
 Time Taken = 0.757000 picoseconds
 Time taken by nanomagnet computing = 0.269749 (sec)
 Detection Rate 0.572245 at 0.273241 false alarm
startTime =

12-Jul-2014 11:37:52


endTIme =

12-Jul-2014 11:40:24

Elapsed time is 12.405902 seconds.
>> [Warning: Objects of graph2d.lineseries class exist - not clearing this class
or any of its superclasses] 
