
                            < M A T L A B (R) >
                  Copyright 1984-2012 The MathWorks, Inc.
                    R2012b (8.0.0.783) 64-bit (glnxa64)
                              August 22, 2012

 
To get started, type one of these: helpwin, helpdesk, or demo.
For product information, visit www.mathworks.com.
 

img1 =

giraffe.pgm.atts


img2 =

goldenbackedwoodpecker.pgm.atts


minGap =

    50


startTime =

12-Jul-2014 11:34:44

## Starting Data/giraffe.pgm.atts

 767 longest primitives returned (303 lines, 464 arcs read, but returning only 3000 max elements for computational reasons)

 Time taken by traditional algorithm = 182.504485 (sec)
 min and max values of the distance matrix [0.143804 0.464159]
 Wanted to embed 767 magnets embedded 767 magnet
 Relaxing nanodisk array with pi/4 orientation as initial states for all disks and external field along x.
 Time Taken = 0.782000 picoseconds
 Relaxing nanodisk array with pi/4 orientation as initial states for all disks and external field along y.
 Time Taken = 0.782000 picoseconds
 Time taken by nanomagnet computing = 1.479628 (sec)
 Detection Rate 0.944773 at 0.188333 false alarm
startTime =

12-Jul-2014 11:34:44


endTIme =

12-Jul-2014 11:45:43

Elapsed time is 53.601732 seconds.

startTime =

12-Jul-2014 11:45:43

## Starting Data/goldenbackedwoodpecker.pgm.atts

 601 longest primitives returned (192 lines, 409 arcs read, but returning only 3000 max elements for computational reasons)

 Time taken by traditional algorithm = 63.213898 (sec)
 min and max values of the distance matrix [0.177938 0.464159]
 Wanted to embed 601 magnets embedded 601 magnet
 Relaxing nanodisk array with pi/4 orientation as initial states for all disks and external field along x.
 Time Taken = 0.787000 picoseconds
 Relaxing nanodisk array with pi/4 orientation as initial states for all disks and external field along y.
 Time Taken = 0.787000 picoseconds
 Time taken by nanomagnet computing = 0.765499 (sec)
 Detection Rate 0.804420 at 0.209892 false alarm
startTime =

12-Jul-2014 11:45:43


endTIme =

12-Jul-2014 11:51:52

Elapsed time is 28.609812 seconds.
>> [Warning: Objects of graph2d.lineseries class exist - not clearing this class
or any of its superclasses] 
