
                            < M A T L A B (R) >
                  Copyright 1984-2012 The MathWorks, Inc.
                    R2012b (8.0.0.783) 64-bit (glnxa64)
                              August 22, 2012

 
To get started, type one of these: helpwin, helpdesk, or demo.
For product information, visit www.mathworks.com.
 

img1 =

S006I015.PGM.atts


img2 =

S006I016.PGM.atts


minGap =

    60


startTime =

12-Jul-2014 12:23:28

## Starting Data/S006I015.PGM.atts

 329 longest primitives returned (166 lines, 163 arcs read, but returning only 3000 max elements for computational reasons)

 Time taken by traditional algorithm = 140.933252 (sec)
 min and max values of the distance matrix [0.134488 0.464159]
 Wanted to embed 329 magnets embedded 329 magnet
 Relaxing nanodisk array with pi/4 orientation as initial states for all disks and external field along x.
 Time Taken = 0.535000 picoseconds
 Relaxing nanodisk array with pi/4 orientation as initial states for all disks and external field along y.
 Time Taken = 0.535000 picoseconds
 Time taken by nanomagnet computing = 0.227599 (sec)
 Detection Rate 0.054274 at 0.606418 false alarm
startTime =

12-Jul-2014 12:23:28


endTIme =

12-Jul-2014 12:27:17

Elapsed time is 8.573856 seconds.

startTime =

12-Jul-2014 12:27:17

## Starting Data/S006I016.PGM.atts

 322 longest primitives returned (169 lines, 153 arcs read, but returning only 3000 max elements for computational reasons)

 Time taken by traditional algorithm = 24.272560 (sec)
 min and max values of the distance matrix [0.154518 0.464159]
 Wanted to embed 322 magnets embedded 322 magnet
 Relaxing nanodisk array with pi/4 orientation as initial states for all disks and external field along x.
 Time Taken = 0.546000 picoseconds
 Relaxing nanodisk array with pi/4 orientation as initial states for all disks and external field along y.
 Time Taken = 0.546000 picoseconds
 Time taken by nanomagnet computing = 0.184219 (sec)
 Detection Rate 0.449655 at 0.441703 false alarm
startTime =

12-Jul-2014 12:27:17


endTIme =

12-Jul-2014 12:29:07

Elapsed time is 6.971673 seconds.
>> [Warning: Objects of graph2d.lineseries class exist - not clearing this class
or any of its superclasses] 
