
                            < M A T L A B (R) >
                  Copyright 1984-2012 The MathWorks, Inc.
                    R2012b (8.0.0.783) 64-bit (glnxa64)
                              August 22, 2012

 
To get started, type one of these: helpwin, helpdesk, or demo.
For product information, visit www.mathworks.com.
 

img1 =

126.pgm.atts


img2 =

131.pgm.atts


minGap =

    50


startTime =

12-Jul-2014 11:34:44

## Starting Data/126.pgm.atts

 320 longest primitives returned (146 lines, 174 arcs read, but returning only 3000 max elements for computational reasons)

 Time taken by traditional algorithm = 33.322336 (sec)
 min and max values of the distance matrix [0.167383 0.464159]
 Wanted to embed 320 magnets embedded 320 magnet
 Relaxing nanodisk array with pi/4 orientation as initial states for all disks and external field along x.
 Time Taken = 0.743000 picoseconds
 Relaxing nanodisk array with pi/4 orientation as initial states for all disks and external field along y.
 Time Taken = 0.743000 picoseconds
 Time taken by nanomagnet computing = 40.458998 (sec)
 Detection Rate 0.605955 at 0.145485 false alarm
startTime =

12-Jul-2014 11:34:44


endTIme =

12-Jul-2014 11:37:24

Elapsed time is 52.383358 seconds.

startTime =

12-Jul-2014 11:37:24

## Starting Data/131.pgm.atts

 594 longest primitives returned (284 lines, 310 arcs read, but returning only 3000 max elements for computational reasons)

 Time taken by traditional algorithm = 106.685776 (sec)
 min and max values of the distance matrix [0.143066 0.464159]
 Wanted to embed 594 magnets embedded 594 magnet
 Relaxing nanodisk array with pi/4 orientation as initial states for all disks and external field along x.
 Time Taken = 0.770000 picoseconds
 Relaxing nanodisk array with pi/4 orientation as initial states for all disks and external field along y.
 Time Taken = 0.770000 picoseconds
 Time taken by nanomagnet computing = 0.732654 (sec)
 Detection Rate 0.898050 at 0.316307 false alarm
startTime =

12-Jul-2014 11:37:24


endTIme =

12-Jul-2014 11:44:00

Elapsed time is 29.264186 seconds.
>> [Warning: Objects of graph2d.lineseries class exist - not clearing this class
or any of its superclasses] 
