
                            < M A T L A B (R) >
                  Copyright 1984-2012 The MathWorks, Inc.
                    R2012b (8.0.0.783) 64-bit (glnxa64)
                              August 22, 2012

 
To get started, type one of these: helpwin, helpdesk, or demo.
For product information, visit www.mathworks.com.
 

img1 =

110.pgm.atts


img2 =

125.pgm.atts


minGap =

    50


startTime =

12-Jul-2014 11:34:39

## Starting Data/110.pgm.atts

 922 longest primitives returned (376 lines, 546 arcs read, but returning only 3000 max elements for computational reasons)

 Time taken by traditional algorithm = 252.508302 (sec)
 min and max values of the distance matrix [0.167863 0.464159]
 Wanted to embed 922 magnets embedded 922 magnet
 Relaxing nanodisk array with pi/4 orientation as initial states for all disks and external field along x.
 Time Taken = 0.790000 picoseconds
 Relaxing nanodisk array with pi/4 orientation as initial states for all disks and external field along y.
 Time Taken = 0.790000 picoseconds
 Time taken by nanomagnet computing = 2.792213 (sec)
 Detection Rate 0.984940 at 0.185148 false alarm
startTime =

12-Jul-2014 11:34:39


endTIme =

12-Jul-2014 11:50:13

Elapsed time is 69.633400 seconds.

startTime =

12-Jul-2014 11:50:13

## Starting Data/125.pgm.atts

 711 longest primitives returned (326 lines, 385 arcs read, but returning only 3000 max elements for computational reasons)

 Time taken by traditional algorithm = 85.238398 (sec)
 min and max values of the distance matrix [0.146186 0.464159]
 Wanted to embed 711 magnets embedded 711 magnet
 Relaxing nanodisk array with pi/4 orientation as initial states for all disks and external field along x.
 Time Taken = 0.778000 picoseconds
 Relaxing nanodisk array with pi/4 orientation as initial states for all disks and external field along y.
 Time Taken = 0.778000 picoseconds
 Time taken by nanomagnet computing = 1.157426 (sec)
 Detection Rate 0.871012 at 0.258861 false alarm
startTime =

12-Jul-2014 11:50:13


endTIme =

12-Jul-2014 11:58:18

Elapsed time is 34.309436 seconds.
>> [Warning: Objects of graph2d.lineseries class exist - not clearing this class
or any of its superclasses] 
