
                            < M A T L A B (R) >
                  Copyright 1984-2012 The MathWorks, Inc.
                    R2012b (8.0.0.783) 64-bit (glnxa64)
                              August 22, 2012

 
To get started, type one of these: helpwin, helpdesk, or demo.
For product information, visit www.mathworks.com.
 

img1 =

golfcart.pgm.atts


img2 =

homes.pgm.atts


minGap =

    60


startTime =

12-Jul-2014 12:23:23

## Starting Data/golfcart.pgm.atts

 770 longest primitives returned (323 lines, 447 arcs read, but returning only 3000 max elements for computational reasons)

 Time taken by traditional algorithm = 226.337589 (sec)
 min and max values of the distance matrix [0.149600 0.464159]
 Wanted to embed 770 magnets embedded 770 magnet
 Relaxing nanodisk array with pi/4 orientation as initial states for all disks and external field along x.
 Time Taken = 0.561000 picoseconds
 Relaxing nanodisk array with pi/4 orientation as initial states for all disks and external field along y.
 Time Taken = 0.561000 picoseconds
 Time taken by nanomagnet computing = 1.427111 (sec)
 Detection Rate 0.982685 at 0.173259 false alarm
startTime =

12-Jul-2014 12:23:23


endTIme =

12-Jul-2014 12:34:53

Elapsed time is 35.505969 seconds.

startTime =

12-Jul-2014 12:34:53

## Starting Data/homes.pgm.atts

 954 longest primitives returned (455 lines, 499 arcs read, but returning only 3000 max elements for computational reasons)

 Time taken by traditional algorithm = 211.226244 (sec)
 min and max values of the distance matrix [0.161484 0.464159]