
                            < M A T L A B (R) >
                  Copyright 1984-2012 The MathWorks, Inc.
                    R2012b (8.0.0.783) 64-bit (glnxa64)
                              August 22, 2012

 
To get started, type one of these: helpwin, helpdesk, or demo.
For product information, visit www.mathworks.com.
 

img1 =

boatbilledheron.pgm.atts


img2 =

buildings.pgm.atts


minGap =

    60


startTime =

12-Jul-2014 12:23:18

## Starting Data/boatbilledheron.pgm.atts

 257 longest primitives returned (104 lines, 153 arcs read, but returning only 3000 max elements for computational reasons)

 Time taken by traditional algorithm = 24.341242 (sec)
 min and max values of the distance matrix [0.195008 0.464159]
 Wanted to embed 257 magnets embedded 257 magnet
 Relaxing nanodisk array with pi/4 orientation as initial states for all disks and external field along x.
 Time Taken = 0.548000 picoseconds
 Relaxing nanodisk array with pi/4 orientation as initial states for all disks and external field along y.
 Time Taken = 0.548000 picoseconds
 Time taken by nanomagnet computing = 0.398664 (sec)
 Detection Rate 0.620845 at 0.206803 false alarm
startTime =

12-Jul-2014 12:23:18


endTIme =

12-Jul-2014 12:24:43

Elapsed time is 9.609696 seconds.

startTime =

12-Jul-2014 12:24:43

## Starting Data/buildings.pgm.atts

 699 longest primitives returned (290 lines, 409 arcs read, but returning only 3000 max elements for computational reasons)

 Time taken by traditional algorithm = 170.352825 (sec)
 min and max values of the distance matrix [0.162696 0.464159]
 Wanted to embed 699 magnets embedded 699 magnet
 Relaxing nanodisk array with pi/4 orientation as initial states for all disks and external field along x.
 Time Taken = 0.559000 picoseconds
 Relaxing nanodisk array with pi/4 orientation as initial states for all disks and external field along y.
 Time Taken = 0.559000 picoseconds
 Time taken by nanomagnet computing = 1.087739 (sec)
 Detection Rate 0.933147 at 0.278699 false alarm
startTime =

12-Jul-2014 12:24:43


endTIme =

12-Jul-2014 12:34:08

Elapsed time is 29.663902 seconds.
>> [Warning: Objects of graph2d.lineseries class exist - not clearing this class
or any of its superclasses] 
