
                            < M A T L A B (R) >
                  Copyright 1984-2012 The MathWorks, Inc.
                    R2012b (8.0.0.783) 64-bit (glnxa64)
                              August 22, 2012

 
To get started, type one of these: helpwin, helpdesk, or demo.
For product information, visit www.mathworks.com.
 

img1 =

image10.pgm.atts


img2 =

image12.pgm.atts


minGap =

    60


startTime =

12-Jul-2014 12:23:22

## Starting Data/image10.pgm.atts

 266 longest primitives returned (105 lines, 161 arcs read, but returning only 3000 max elements for computational reasons)

 Time taken by traditional algorithm = 24.686565 (sec)
 min and max values of the distance matrix [0.180732 0.464159]
 Wanted to embed 266 magnets embedded 266 magnet
 Relaxing nanodisk array with pi/4 orientation as initial states for all disks and external field along x.
 Time Taken = 0.548000 picoseconds
 Relaxing nanodisk array with pi/4 orientation as initial states for all disks and external field along y.
 Time Taken = 0.548000 picoseconds
 Time taken by nanomagnet computing = 0.149533 (sec)
 Detection Rate 0.552566 at 0.274054 false alarm
startTime =

12-Jul-2014 12:23:22


endTIme =

12-Jul-2014 12:24:43

Elapsed time is 5.849248 seconds.

startTime =

12-Jul-2014 12:24:43

## Starting Data/image12.pgm.atts

 249 longest primitives returned (106 lines, 143 arcs read, but returning only 3000 max elements for computational reasons)

 Time taken by traditional algorithm = 17.345315 (sec)
 min and max values of the distance matrix [0.182262 0.464159]
 Wanted to embed 249 magnets embedded 249 magnet
 Relaxing nanodisk array with pi/4 orientation as initial states for all disks and external field along x.
 Time Taken = 0.548000 picoseconds
 Relaxing nanodisk array with pi/4 orientation as initial states for all disks and external field along y.
 Time Taken = 0.548000 picoseconds
 Time taken by nanomagnet computing = 0.100297 (sec)
 Detection Rate 0.593663 at 0.229659 false alarm
startTime =

12-Jul-2014 12:24:43


endTIme =

12-Jul-2014 12:27:04

Elapsed time is 79.063311 seconds.
>> [Warning: Objects of graph2d.lineseries class exist - not clearing this class
or any of its superclasses] 
