
                            < M A T L A B (R) >
                  Copyright 1984-2012 The MathWorks, Inc.
                    R2012b (8.0.0.783) 64-bit (glnxa64)
                              August 22, 2012

 
To get started, type one of these: helpwin, helpdesk, or demo.
For product information, visit www.mathworks.com.
 

img1 =

lilacbreastedroller.pgm.atts


img2 =

mailbox.pgm.atts


minGap =

    60


startTime =

12-Jul-2014 12:23:21

## Starting Data/lilacbreastedroller.pgm.atts

 385 longest primitives returned (150 lines, 235 arcs read, but returning only 3000 max elements for computational reasons)

 Time taken by traditional algorithm = 138.665103 (sec)
 min and max values of the distance matrix [0.184549 0.464159]
 Wanted to embed 385 magnets embedded 385 magnet
 Relaxing nanodisk array with pi/4 orientation as initial states for all disks and external field along x.
 Time Taken = 0.551000 picoseconds
 Relaxing nanodisk array with pi/4 orientation as initial states for all disks and external field along y.
 Time Taken = 0.551000 picoseconds
 Time taken by nanomagnet computing = 0.303525 (sec)
 Detection Rate 0.844812 at 0.317229 false alarm
startTime =

12-Jul-2014 12:23:21


endTIme =

12-Jul-2014 12:27:37

Elapsed time is 10.401797 seconds.

startTime =

12-Jul-2014 12:27:37

## Starting Data/mailbox.pgm.atts

 790 longest primitives returned (354 lines, 436 arcs read, but returning only 3000 max elements for computational reasons)

 Time taken by traditional algorithm = 102.583799 (sec)
 min and max values of the distance matrix [0.166811 0.464159]
 Wanted to embed 790 magnets embedded 790 magnet
 Relaxing nanodisk array with pi/4 orientation as initial states for all disks and external field along x.
 Time Taken = 0.561000 picoseconds
 Relaxing nanodisk array with pi/4 orientation as initial states for all disks and external field along y.
 Time Taken = 0.561000 picoseconds
 Time taken by nanomagnet computing = 1.474561 (sec)
 Detection Rate 0.910144 at 0.193450 false alarm
startTime =

12-Jul-2014 12:27:37


endTIme =

12-Jul-2014 12:37:24

Elapsed time is 35.374250 seconds.
>> [Warning: Objects of graph2d.lineseries class exist - not clearing this class
or any of its superclasses] 
