
                            < M A T L A B (R) >
                  Copyright 1984-2012 The MathWorks, Inc.
                    R2012b (8.0.0.783) 64-bit (glnxa64)
                              August 22, 2012

 
To get started, type one of these: helpwin, helpdesk, or demo.
For product information, visit www.mathworks.com.
 

img1 =

giraffe.pgm.atts


img2 =

goldenbackedwoodpecker.pgm.atts


minGap =

    60


startTime =

12-Jul-2014 12:23:21

## Starting Data/giraffe.pgm.atts

 767 longest primitives returned (303 lines, 464 arcs read, but returning only 3000 max elements for computational reasons)

 Time taken by traditional algorithm = 185.379185 (sec)
 min and max values of the distance matrix [0.143804 0.464159]
 Wanted to embed 767 magnets embedded 767 magnet
 Relaxing nanodisk array with pi/4 orientation as initial states for all disks and external field along x.
 Time Taken = 0.561000 picoseconds
 Relaxing nanodisk array with pi/4 orientation as initial states for all disks and external field along y.
 Time Taken = 0.561000 picoseconds
 Time taken by nanomagnet computing = 1.484142 (sec)
 Detection Rate 0.956943 at 0.198554 false alarm
startTime =

12-Jul-2014 12:23:21


endTIme =

12-Jul-2014 12:34:07

Elapsed time is 39.473538 seconds.

startTime =

12-Jul-2014 12:34:07

## Starting Data/goldenbackedwoodpecker.pgm.atts

 601 longest primitives returned (192 lines, 409 arcs read, but returning only 3000 max elements for computational reasons)

 Time taken by traditional algorithm = 64.126461 (sec)
 min and max values of the distance matrix [0.177938 0.464159]
 Wanted to embed 601 magnets embedded 601 magnet
 Relaxing nanodisk array with pi/4 orientation as initial states for all disks and external field along x.
 Time Taken = 0.565000 picoseconds
 Relaxing nanodisk array with pi/4 orientation as initial states for all disks and external field along y.
 Time Taken = 0.565000 picoseconds
 Time taken by nanomagnet computing = 0.797400 (sec)
 Detection Rate 0.826743 at 0.232375 false alarm
startTime =

12-Jul-2014 12:34:07


endTIme =

12-Jul-2014 12:40:07

Elapsed time is 22.700745 seconds.
>> [Warning: Objects of graph2d.lineseries class exist - not clearing this class
or any of its superclasses] 
