
                            < M A T L A B (R) >
                  Copyright 1984-2012 The MathWorks, Inc.
                    R2012b (8.0.0.783) 64-bit (glnxa64)
                              August 22, 2012

 
To get started, type one of these: helpwin, helpdesk, or demo.
For product information, visit www.mathworks.com.
 

img1 =

image41.pgm.atts


img2 =

largebuilding.pgm.atts


minGap =

    50


startTime =

12-Jul-2014 11:34:47

## Starting Data/image41.pgm.atts

 210 longest primitives returned (210 lines, 0 arcs read, but returning only 3000 max elements for computational reasons)

 Time taken by traditional algorithm = 17.643411 (sec)
 min and max values of the distance matrix [0.190577 0.464159]
 Wanted to embed 210 magnets embedded 210 magnet
 Relaxing nanodisk array with pi/4 orientation as initial states for all disks and external field along x.
 Time Taken = 0.735000 picoseconds
 Relaxing nanodisk array with pi/4 orientation as initial states for all disks and external field along y.
 Time Taken = 0.735000 picoseconds
 Time taken by nanomagnet computing = 0.093874 (sec)
 Detection Rate 0.702526 at 0.110486 false alarm
startTime =

12-Jul-2014 11:34:47


endTIme =

12-Jul-2014 11:35:44

Elapsed time is 5.443733 seconds.

startTime =

12-Jul-2014 11:35:44

## Starting Data/largebuilding.pgm.atts

 1004 longest primitives returned (441 lines, 563 arcs read, but returning only 3000 max elements for computational reasons)

 Time taken by traditional algorithm = 338.005545 (sec)
 min and max values of the distance matrix [0.151453 0.464159]
 Wanted to embed 1004 magnets embedded 1004 magnet
 Relaxing nanodisk array with pi/4 orientation as initial states for all disks and external field along x.
 Time Taken = 0.793000 picoseconds
 Relaxing nanodisk array with pi/4 orientation as initial states for all disks and external field along y.
 Time Taken = 0.793000 picoseconds
 Time taken by nanomagnet computing = 2.664236 (sec)
 Detection Rate 0.976361 at 0.214395 false alarm
startTime =

12-Jul-2014 11:35:44


endTIme =

12-Jul-2014 11:54:54

Elapsed time is 79.322717 seconds.
>> [Warning: Objects of graph2d.lineseries class exist - not clearing this class
or any of its superclasses] 
