
                            < M A T L A B (R) >
                  Copyright 1984-2012 The MathWorks, Inc.
                    R2012b (8.0.0.783) 64-bit (glnxa64)
                              August 22, 2012

 
To get started, type one of these: helpwin, helpdesk, or demo.
For product information, visit www.mathworks.com.
 

img1 =

dog2.pgm.atts


img2 =

dog3.pgm.atts


minGap =

    60


startTime =

12-Jul-2014 12:23:26

## Starting Data/dog2.pgm.atts

 544 longest primitives returned (236 lines, 308 arcs read, but returning only 3000 max elements for computational reasons)

 Time taken by traditional algorithm = 114.198221 (sec)
 min and max values of the distance matrix [0.174817 0.464159]
 Wanted to embed 544 magnets embedded 544 magnet
 Relaxing nanodisk array with pi/4 orientation as initial states for all disks and external field along x.
 Time Taken = 0.560000 picoseconds
 Relaxing nanodisk array with pi/4 orientation as initial states for all disks and external field along y.
 Time Taken = 0.560000 picoseconds
 Time taken by nanomagnet computing = 0.592201 (sec)
 Detection Rate 0.881735 at 0.206377 false alarm
startTime =

12-Jul-2014 12:23:26


endTIme =

12-Jul-2014 12:28:54

Elapsed time is 19.073725 seconds.

startTime =

12-Jul-2014 12:28:54

## Starting Data/dog3.pgm.atts

 619 longest primitives returned (288 lines, 331 arcs read, but returning only 3000 max elements for computational reasons)

 Time taken by traditional algorithm = 57.403320 (sec)
 min and max values of the distance matrix [0.176009 0.464159]
 Wanted to embed 619 magnets embedded 619 magnet
 Relaxing nanodisk array with pi/4 orientation as initial states for all disks and external field along x.
 Time Taken = 0.558000 picoseconds
 Relaxing nanodisk array with pi/4 orientation as initial states for all disks and external field along y.
 Time Taken = 0.558000 picoseconds
 Time taken by nanomagnet computing = 0.725902 (sec)
 Detection Rate 0.930492 at 0.199986 false alarm
startTime =

12-Jul-2014 12:28:54


endTIme =

12-Jul-2014 12:34:22

Elapsed time is 18.880770 seconds.
>> [Warning: Objects of graph2d.lineseries class exist - not clearing this class
or any of its superclasses] 
