
                            < M A T L A B (R) >
                  Copyright 1984-2012 The MathWorks, Inc.
                    R2012b (8.0.0.783) 64-bit (glnxa64)
                              August 22, 2012

 
To get started, type one of these: helpwin, helpdesk, or demo.
For product information, visit www.mathworks.com.
 

img1 =

103.pgm.atts


img2 =

104.pgm.atts


minGap =

    60


startTime =

12-Jul-2014 12:23:20

## Starting Data/103.pgm.atts

 524 longest primitives returned (188 lines, 336 arcs read, but returning only 3000 max elements for computational reasons)

 Time taken by traditional algorithm = 110.029977 (sec)
 min and max values of the distance matrix [0.141541 0.464159]
 Wanted to embed 524 magnets embedded 524 magnet
 Relaxing nanodisk array with pi/4 orientation as initial states for all disks and external field along x.
 Time Taken = 0.563000 picoseconds
 Relaxing nanodisk array with pi/4 orientation as initial states for all disks and external field along y.
 Time Taken = 0.563000 picoseconds
 Time taken by nanomagnet computing = 0.579053 (sec)
 Detection Rate 0.397040 at 0.569435 false alarm
startTime =

12-Jul-2014 12:23:20


endTIme =

12-Jul-2014 12:28:45

Elapsed time is 18.111802 seconds.

startTime =

12-Jul-2014 12:28:45

## Starting Data/104.pgm.atts

 657 longest primitives returned (337 lines, 320 arcs read, but returning only 3000 max elements for computational reasons)

 Time taken by traditional algorithm = 74.741410 (sec)
 min and max values of the distance matrix [0.152032 0.464159]
 Wanted to embed 657 magnets embedded 657 magnet
 Relaxing nanodisk array with pi/4 orientation as initial states for all disks and external field along x.
 Time Taken = 0.559000 picoseconds
 Relaxing nanodisk array with pi/4 orientation as initial states for all disks and external field along y.
 Time Taken = 0.559000 picoseconds
 Time taken by nanomagnet computing = 0.994651 (sec)
 Detection Rate 0.970254 at 0.294227 false alarm
startTime =

12-Jul-2014 12:28:45


endTIme =

12-Jul-2014 12:36:06

Elapsed time is 25.560196 seconds.
>> [Warning: Objects of graph2d.lineseries class exist - not clearing this class
or any of its superclasses] 
