
                            < M A T L A B (R) >
                  Copyright 1984-2012 The MathWorks, Inc.
                    R2012b (8.0.0.783) 64-bit (glnxa64)
                              August 22, 2012

 
To get started, type one of these: helpwin, helpdesk, or demo.
For product information, visit www.mathworks.com.
 

img1 =

tiger_m.pgm.atts


img2 =

woods.pgm.atts


minGap =

    50


startTime =

12-Jul-2014 11:34:44

## Starting Data/tiger_m.pgm.atts

 648 longest primitives returned (252 lines, 396 arcs read, but returning only 3000 max elements for computational reasons)

 Time taken by traditional algorithm = 127.136632 (sec)
 min and max values of the distance matrix [0.186162 0.464159]
 Wanted to embed 648 magnets embedded 648 magnet
 Relaxing nanodisk array with pi/4 orientation as initial states for all disks and external field along x.
 Time Taken = 0.779000 picoseconds
 Relaxing nanodisk array with pi/4 orientation as initial states for all disks and external field along y.
 Time Taken = 0.779000 picoseconds
 Time taken by nanomagnet computing = 1.273995 (sec)
 Detection Rate 0.867899 at 0.260458 false alarm
startTime =

12-Jul-2014 11:34:44


endTIme =

12-Jul-2014 11:42:27

Elapsed time is 35.474447 seconds.

startTime =

12-Jul-2014 11:42:27

## Starting Data/woods.pgm.atts

 576 longest primitives returned (221 lines, 355 arcs read, but returning only 3000 max elements for computational reasons)

 Time taken by traditional algorithm = 59.150093 (sec)
 min and max values of the distance matrix [0.173338 0.464159]
 Wanted to embed 576 magnets embedded 576 magnet
 Relaxing nanodisk array with pi/4 orientation as initial states for all disks and external field along x.
 Time Taken = 0.781000 picoseconds
 Relaxing nanodisk array with pi/4 orientation as initial states for all disks and external field along y.
 Time Taken = 0.781000 picoseconds
 Time taken by nanomagnet computing = 0.677995 (sec)
 Detection Rate 0.853847 at 0.208345 false alarm
startTime =

12-Jul-2014 11:42:27


endTIme =

12-Jul-2014 11:48:05

Elapsed time is 27.812111 seconds.
>> [Warning: Objects of graph2d.lineseries class exist - not clearing this class
or any of its superclasses] 
