
                            < M A T L A B (R) >
                  Copyright 1984-2012 The MathWorks, Inc.
                    R2012b (8.0.0.783) 64-bit (glnxa64)
                              August 22, 2012

 
To get started, type one of these: helpwin, helpdesk, or demo.
For product information, visit www.mathworks.com.
 

img1 =

image29.pgm.atts


img2 =

image32.pgm.atts


minGap =

    60


startTime =

12-Jul-2014 12:23:27

## Starting Data/image29.pgm.atts

 194 longest primitives returned (93 lines, 101 arcs read, but returning only 3000 max elements for computational reasons)

 Time taken by traditional algorithm = 15.290336 (sec)
 min and max values of the distance matrix [0.151823 0.464159]
 Wanted to embed 194 magnets embedded 194 magnet
 Relaxing nanodisk array with pi/4 orientation as initial states for all disks and external field along x.
 Time Taken = 0.543000 picoseconds
 Relaxing nanodisk array with pi/4 orientation as initial states for all disks and external field along y.
 Time Taken = 0.543000 picoseconds
 Time taken by nanomagnet computing = 0.079708 (sec)
 Detection Rate 0.631262 at 0.223814 false alarm
startTime =

12-Jul-2014 12:23:27


endTIme =

12-Jul-2014 12:24:14

Elapsed time is 5.365868 seconds.

startTime =

12-Jul-2014 12:24:14

## Starting Data/image32.pgm.atts

 218 longest primitives returned (86 lines, 132 arcs read, but returning only 3000 max elements for computational reasons)

 Time taken by traditional algorithm = 14.721581 (sec)
 min and max values of the distance matrix [0.167709 0.464159]
 Wanted to embed 218 magnets embedded 218 magnet
 Relaxing nanodisk array with pi/4 orientation as initial states for all disks and external field along x.
 Time Taken = 0.554000 picoseconds
 Relaxing nanodisk array with pi/4 orientation as initial states for all disks and external field along y.
 Time Taken = 0.554000 picoseconds
 Time taken by nanomagnet computing = 0.071584 (sec)
 Detection Rate 0.478596 at 0.177154 false alarm
startTime =

12-Jul-2014 12:24:14


endTIme =

12-Jul-2014 12:27:05

Elapsed time is 123.376495 seconds.
>> [Warning: Objects of graph2d.lineseries class exist - not clearing this class
or any of its superclasses] 
