
                            < M A T L A B (R) >
                  Copyright 1984-2012 The MathWorks, Inc.
                    R2012b (8.0.0.783) 64-bit (glnxa64)
                              August 22, 2012

 
To get started, type one of these: helpwin, helpdesk, or demo.
For product information, visit www.mathworks.com.
 

img1 =

020.pgm.atts


img2 =

101.pgm.atts


minGap =

    50


startTime =

12-Jul-2014 11:32:26

## Starting Data/020.pgm.atts

 668 longest primitives returned (269 lines, 399 arcs read, but returning only 3000 max elements for computational reasons)

 Time taken by traditional algorithm = 148.575114 (sec)
 min and max values of the distance matrix [0.165379 0.464159]
 Wanted to embed 668 magnets embedded 668 magnet
 Relaxing nanodisk array with pi/4 orientation as initial states for all disks and external field along x.
 Time Taken = 0.781000 picoseconds
 Relaxing nanodisk array with pi/4 orientation as initial states for all disks and external field along y.
 Time Taken = 0.781000 picoseconds
 Time taken by nanomagnet computing = 0.983388 (sec)
 Detection Rate 0.895433 at 0.184362 false alarm
startTime =

12-Jul-2014 11:32:26


endTIme =

12-Jul-2014 11:40:52

Elapsed time is 36.458613 seconds.

startTime =

12-Jul-2014 11:40:52

## Starting Data/101.pgm.atts

 831 longest primitives returned (343 lines, 488 arcs read, but returning only 3000 max elements for computational reasons)

 Time taken by traditional algorithm = 113.709940 (sec)
 min and max values of the distance matrix [0.122635 0.464159]
 Wanted to embed 831 magnets embedded 831 magnet
 Relaxing nanodisk array with pi/4 orientation as initial states for all disks and external field along x.
 Time Taken = 0.785000 picoseconds
 Relaxing nanodisk array with pi/4 orientation as initial states for all disks and external field along y.
 Time Taken = 0.785000 picoseconds
 Time taken by nanomagnet computing = 1.749973 (sec)
 Detection Rate 0.945714 at 0.225594 false alarm
startTime =

12-Jul-2014 11:40:52


endTIme =

12-Jul-2014 11:51:51

Elapsed time is 52.041762 seconds.
>> [Warning: Objects of graph2d.lineseries class exist - not clearing this class
or any of its superclasses] 
