
                            < M A T L A B (R) >
                  Copyright 1984-2012 The MathWorks, Inc.
                    R2012b (8.0.0.783) 64-bit (glnxa64)
                              August 22, 2012

 
To get started, type one of these: helpwin, helpdesk, or demo.
For product information, visit www.mathworks.com.
 

img1 =

010.pgm.atts


img2 =

019.pgm.atts


minGap =

    50


startTime =

12-Jul-2014 11:32:31

## Starting Data/010.pgm.atts

 399 longest primitives returned (146 lines, 253 arcs read, but returning only 3000 max elements for computational reasons)

 Time taken by traditional algorithm = 51.358662 (sec)
 min and max values of the distance matrix [0.183615 0.464159]
 Wanted to embed 399 magnets embedded 399 magnet
 Relaxing nanodisk array with pi/4 orientation as initial states for all disks and external field along x.
 Time Taken = 0.768000 picoseconds
 Relaxing nanodisk array with pi/4 orientation as initial states for all disks and external field along y.
 Time Taken = 0.768000 picoseconds
 Time taken by nanomagnet computing = 0.708976 (sec)
 Detection Rate 0.535275 at 0.295513 false alarm
startTime =

12-Jul-2014 11:32:31


endTIme =

12-Jul-2014 11:35:39

Elapsed time is 17.502740 seconds.

startTime =

12-Jul-2014 11:35:39

## Starting Data/019.pgm.atts

 541 longest primitives returned (224 lines, 317 arcs read, but returning only 3000 max elements for computational reasons)

 Time taken by traditional algorithm = 53.782542 (sec)
 min and max values of the distance matrix [0.127266 0.464159]
 Wanted to embed 541 magnets embedded 541 magnet
 Relaxing nanodisk array with pi/4 orientation as initial states for all disks and external field along x.
 Time Taken = 0.761000 picoseconds
 Relaxing nanodisk array with pi/4 orientation as initial states for all disks and external field along y.
 Time Taken = 0.761000 picoseconds
 Time taken by nanomagnet computing = 0.587537 (sec)
 Detection Rate 0.653055 at 0.239915 false alarm
startTime =

12-Jul-2014 11:35:39


endTIme =

12-Jul-2014 11:40:31

Elapsed time is 27.351537 seconds.
>> [Warning: Objects of graph2d.lineseries class exist - not clearing this class
or any of its superclasses] 
