
                            < M A T L A B (R) >
                  Copyright 1984-2012 The MathWorks, Inc.
                    R2012b (8.0.0.783) 64-bit (glnxa64)
                              August 22, 2012

 
To get started, type one of these: helpwin, helpdesk, or demo.
For product information, visit www.mathworks.com.
 

img1 =

S006I017.PGM.atts


img2 =

S006I018.PGM.atts


minGap =

    50


startTime =

12-Jul-2014 11:34:44

## Starting Data/S006I017.PGM.atts

 338 longest primitives returned (179 lines, 159 arcs read, but returning only 3000 max elements for computational reasons)

 Time taken by traditional algorithm = 102.146722 (sec)
 min and max values of the distance matrix [0.145383 0.464159]
 Wanted to embed 338 magnets embedded 338 magnet
 Relaxing nanodisk array with pi/4 orientation as initial states for all disks and external field along x.
 Time Taken = 0.737000 picoseconds
 Relaxing nanodisk array with pi/4 orientation as initial states for all disks and external field along y.
 Time Taken = 0.737000 picoseconds
 Time taken by nanomagnet computing = 0.217595 (sec)
 Detection Rate 0.548445 at 0.485884 false alarm
startTime =

12-Jul-2014 11:34:44


endTIme =

12-Jul-2014 11:38:00

Elapsed time is 10.921899 seconds.

startTime =

12-Jul-2014 11:38:00

## Starting Data/S006I018.PGM.atts

 347 longest primitives returned (168 lines, 179 arcs read, but returning only 3000 max elements for computational reasons)

 Time taken by traditional algorithm = 26.588867 (sec)
 min and max values of the distance matrix [0.141560 0.464159]
 Wanted to embed 347 magnets embedded 347 magnet
 Relaxing nanodisk array with pi/4 orientation as initial states for all disks and external field along x.
 Time Taken = 0.753000 picoseconds
 Relaxing nanodisk array with pi/4 orientation as initial states for all disks and external field along y.
 Time Taken = 0.753000 picoseconds
 Time taken by nanomagnet computing = 0.209088 (sec)
 Detection Rate 0.684173 at 0.354875 false alarm
startTime =

12-Jul-2014 11:38:00


endTIme =

12-Jul-2014 11:40:04

Elapsed time is 9.727312 seconds.
>> [Warning: Objects of graph2d.lineseries class exist - not clearing this class
or any of its superclasses] 
