
                            < M A T L A B (R) >
                  Copyright 1984-2012 The MathWorks, Inc.
                    R2012b (8.0.0.783) 64-bit (glnxa64)
                              August 22, 2012

 
To get started, type one of these: helpwin, helpdesk, or demo.
For product information, visit www.mathworks.com.
 

img1 =

tiger_m.pgm.atts


img2 =

woods.pgm.atts


minGap =

    60


startTime =

12-Jul-2014 12:23:21

## Starting Data/tiger_m.pgm.atts

 648 longest primitives returned (252 lines, 396 arcs read, but returning only 3000 max elements for computational reasons)

 Time taken by traditional algorithm = 124.265900 (sec)
 min and max values of the distance matrix [0.186162 0.464159]
 Wanted to embed 648 magnets embedded 648 magnet
 Relaxing nanodisk array with pi/4 orientation as initial states for all disks and external field along x.
 Time Taken = 0.559000 picoseconds
 Relaxing nanodisk array with pi/4 orientation as initial states for all disks and external field along y.
 Time Taken = 0.559000 picoseconds
 Time taken by nanomagnet computing = 0.949987 (sec)
 Detection Rate 0.915774 at 0.221307 false alarm
startTime =

12-Jul-2014 12:23:21


endTIme =

12-Jul-2014 12:30:50

Elapsed time is 25.914293 seconds.

startTime =

12-Jul-2014 12:30:50

## Starting Data/woods.pgm.atts

 576 longest primitives returned (221 lines, 355 arcs read, but returning only 3000 max elements for computational reasons)

 Time taken by traditional algorithm = 59.229229 (sec)
 min and max values of the distance matrix [0.173338 0.464159]
 Wanted to embed 576 magnets embedded 576 magnet
 Relaxing nanodisk array with pi/4 orientation as initial states for all disks and external field along x.
 Time Taken = 0.563000 picoseconds
 Relaxing nanodisk array with pi/4 orientation as initial states for all disks and external field along y.
 Time Taken = 0.563000 picoseconds
 Time taken by nanomagnet computing = 0.683662 (sec)
 Detection Rate 0.830744 at 0.230287 false alarm
startTime =

12-Jul-2014 12:30:50


endTIme =

12-Jul-2014 12:36:20

Elapsed time is 18.957559 seconds.
>> [Warning: Objects of graph2d.lineseries class exist - not clearing this class
or any of its superclasses] 
