
                            < M A T L A B (R) >
                  Copyright 1984-2012 The MathWorks, Inc.
                    R2012b (8.0.0.783) 64-bit (glnxa64)
                              August 22, 2012

 
To get started, type one of these: helpwin, helpdesk, or demo.
For product information, visit www.mathworks.com.
 

img1 =

S004I00C.PGM.atts


img2 =

S004I00D.PGM.atts


minGap =

    50


startTime =

12-Jul-2014 11:34:46

## Starting Data/S004I00C.PGM.atts

 361 longest primitives returned (173 lines, 188 arcs read, but returning only 3000 max elements for computational reasons)

 Time taken by traditional algorithm = 103.574527 (sec)
 min and max values of the distance matrix [0.134978 0.464159]
 Wanted to embed 361 magnets embedded 361 magnet
 Relaxing nanodisk array with pi/4 orientation as initial states for all disks and external field along x.
 Time Taken = 0.752000 picoseconds
 Relaxing nanodisk array with pi/4 orientation as initial states for all disks and external field along y.
 Time Taken = 0.752000 picoseconds
 Time taken by nanomagnet computing = 0.264014 (sec)
 Detection Rate 0.508800 at 0.481719 false alarm
startTime =

12-Jul-2014 11:34:46


endTIme =

12-Jul-2014 11:38:21

Elapsed time is 16.096559 seconds.

startTime =

12-Jul-2014 11:38:21

## Starting Data/S004I00D.PGM.atts

 455 longest primitives returned (214 lines, 241 arcs read, but returning only 3000 max elements for computational reasons)

 Time taken by traditional algorithm = 40.064528 (sec)
 min and max values of the distance matrix [0.144927 0.464159]
 Wanted to embed 455 magnets embedded 455 magnet
 Relaxing nanodisk array with pi/4 orientation as initial states for all disks and external field along x.
 Time Taken = 0.769000 picoseconds
 Relaxing nanodisk array with pi/4 orientation as initial states for all disks and external field along y.
 Time Taken = 0.769000 picoseconds
 Time taken by nanomagnet computing = 0.385807 (sec)
 Detection Rate 0.692351 at 0.271820 false alarm
startTime =

12-Jul-2014 11:38:21


endTIme =

12-Jul-2014 11:41:53

Elapsed time is 15.375463 seconds.
>> [Warning: Objects of graph2d.lineseries class exist - not clearing this class
or any of its superclasses] 
