
                            < M A T L A B (R) >
                  Copyright 1984-2012 The MathWorks, Inc.
                    R2012b (8.0.0.783) 64-bit (glnxa64)
                              August 22, 2012

 
To get started, type one of these: helpwin, helpdesk, or demo.
For product information, visit www.mathworks.com.
 

img1 =

rhino.pgm.atts


img2 =

school.pgm.atts


minGap =

    50


startTime =

12-Jul-2014 11:34:40

## Starting Data/rhino.pgm.atts

 291 longest primitives returned (103 lines, 188 arcs read, but returning only 3000 max elements for computational reasons)

 Time taken by traditional algorithm = 28.928498 (sec)
 min and max values of the distance matrix [0.183472 0.464159]
 Wanted to embed 291 magnets embedded 291 magnet
 Relaxing nanodisk array with pi/4 orientation as initial states for all disks and external field along x.
 Time Taken = 0.746000 picoseconds
 Relaxing nanodisk array with pi/4 orientation as initial states for all disks and external field along y.
 Time Taken = 0.746000 picoseconds
 Time taken by nanomagnet computing = 0.165792 (sec)
 Detection Rate 0.580395 at 0.165510 false alarm
startTime =

12-Jul-2014 11:34:40


endTIme =

12-Jul-2014 11:36:20

Elapsed time is 8.974256 seconds.

startTime =

12-Jul-2014 11:36:20

## Starting Data/school.pgm.atts

 534 longest primitives returned (264 lines, 270 arcs read, but returning only 3000 max elements for computational reasons)

 Time taken by traditional algorithm = 84.658295 (sec)
 min and max values of the distance matrix [0.133500 0.464159]
 Wanted to embed 534 magnets embedded 534 magnet
 Relaxing nanodisk array with pi/4 orientation as initial states for all disks and external field along x.
 Time Taken = 0.771000 picoseconds
 Relaxing nanodisk array with pi/4 orientation as initial states for all disks and external field along y.
 Time Taken = 0.771000 picoseconds
 Time taken by nanomagnet computing = 0.561206 (sec)
 Detection Rate 0.715819 at 0.357318 false alarm
startTime =

12-Jul-2014 11:36:20


endTIme =

12-Jul-2014 11:41:35

Elapsed time is 24.200709 seconds.
>> [Warning: Objects of graph2d.lineseries class exist - not clearing this class
or any of its superclasses] 
