
                            < M A T L A B (R) >
                  Copyright 1984-2012 The MathWorks, Inc.
                    R2012b (8.0.0.783) 64-bit (glnxa64)
                              August 22, 2012

 
To get started, type one of these: helpwin, helpdesk, or demo.
For product information, visit www.mathworks.com.
 

img1 =

S005I00A.PGM.atts


img2 =

S005I00B.PGM.atts


minGap =

    50


startTime =

12-Jul-2014 11:34:48

## Starting Data/S005I00A.PGM.atts

 235 longest primitives returned (112 lines, 123 arcs read, but returning only 3000 max elements for computational reasons)

 Time taken by traditional algorithm = 20.571452 (sec)
 min and max values of the distance matrix [0.198491 0.464159]
 Wanted to embed 235 magnets embedded 235 magnet
 Relaxing nanodisk array with pi/4 orientation as initial states for all disks and external field along x.
 Time Taken = 0.718000 picoseconds
 Relaxing nanodisk array with pi/4 orientation as initial states for all disks and external field along y.
 Time Taken = 0.718000 picoseconds
 Time taken by nanomagnet computing = 0.118337 (sec)
 Detection Rate 0.378796 at 0.517462 false alarm
startTime =

12-Jul-2014 11:34:48


endTIme =

12-Jul-2014 11:35:57

Elapsed time is 7.569600 seconds.

startTime =

12-Jul-2014 11:35:57

## Starting Data/S005I00B.PGM.atts

 454 longest primitives returned (256 lines, 198 arcs read, but returning only 3000 max elements for computational reasons)

 Time taken by traditional algorithm = 61.417203 (sec)
 min and max values of the distance matrix [0.173701 0.464159]
 Wanted to embed 454 magnets embedded 454 magnet
 Relaxing nanodisk array with pi/4 orientation as initial states for all disks and external field along x.
 Time Taken = 0.764000 picoseconds
 Relaxing nanodisk array with pi/4 orientation as initial states for all disks and external field along y.
 Time Taken = 0.764000 picoseconds
 Time taken by nanomagnet computing = 0.401427 (sec)
 Detection Rate 0.881783 at 0.098067 false alarm
startTime =

12-Jul-2014 11:35:57


endTIme =

12-Jul-2014 11:39:44

Elapsed time is 16.595325 seconds.
>> [Warning: Objects of graph2d.lineseries class exist - not clearing this class
or any of its superclasses] 
