
                            < M A T L A B (R) >
                  Copyright 1984-2012 The MathWorks, Inc.
                    R2012b (8.0.0.783) 64-bit (glnxa64)
                              August 22, 2012

 
To get started, type one of these: helpwin, helpdesk, or demo.
For product information, visit www.mathworks.com.
 

img1 =

S006I00B.PGM.atts


img2 =

S006I00E.PGM.atts


minGap =

    50


startTime =

12-Jul-2014 11:34:33

## Starting Data/S006I00B.PGM.atts

 340 longest primitives returned (170 lines, 170 arcs read, but returning only 3000 max elements for computational reasons)

 Time taken by traditional algorithm = 34.221747 (sec)
 min and max values of the distance matrix [0.148164 0.464159]
 Wanted to embed 340 magnets embedded 340 magnet
 Relaxing nanodisk array with pi/4 orientation as initial states for all disks and external field along x.
 Time Taken = 0.747000 picoseconds
 Relaxing nanodisk array with pi/4 orientation as initial states for all disks and external field along y.
 Time Taken = 0.747000 picoseconds
 Time taken by nanomagnet computing = 50.975480 (sec)
 Detection Rate 0.575867 at 0.535843 false alarm
startTime =

12-Jul-2014 11:34:33


endTIme =

12-Jul-2014 11:37:28

Elapsed time is 61.558936 seconds.

startTime =

12-Jul-2014 11:37:28

## Starting Data/S006I00E.PGM.atts

 444 longest primitives returned (214 lines, 230 arcs read, but returning only 3000 max elements for computational reasons)

 Time taken by traditional algorithm = 33.425160 (sec)
 min and max values of the distance matrix [0.151784 0.464159]
 Wanted to embed 444 magnets embedded 444 magnet
 Relaxing nanodisk array with pi/4 orientation as initial states for all disks and external field along x.
 Time Taken = 0.772000 picoseconds
 Relaxing nanodisk array with pi/4 orientation as initial states for all disks and external field along y.
 Time Taken = 0.772000 picoseconds
 Time taken by nanomagnet computing = 0.331902 (sec)
 Detection Rate 0.757929 at 0.324275 false alarm
startTime =

12-Jul-2014 11:37:28


endTIme =

12-Jul-2014 11:40:22

Elapsed time is 14.454360 seconds.
>> [Warning: Objects of graph2d.lineseries class exist - not clearing this class
or any of its superclasses] 
