
                            < M A T L A B (R) >
                  Copyright 1984-2012 The MathWorks, Inc.
                    R2012b (8.0.0.783) 64-bit (glnxa64)
                              August 22, 2012

 
To get started, type one of these: helpwin, helpdesk, or demo.
For product information, visit www.mathworks.com.
 

img1 =

223.pgm.atts


img2 =

56.pgm.atts


minGap =

    50


startTime =

12-Jul-2014 11:34:34

## Starting Data/223.pgm.atts

 638 longest primitives returned (254 lines, 384 arcs read, but returning only 3000 max elements for computational reasons)

 Time taken by traditional algorithm = 105.619859 (sec)
 min and max values of the distance matrix [0.168413 0.464159]
 Wanted to embed 638 magnets embedded 638 magnet
 Relaxing nanodisk array with pi/4 orientation as initial states for all disks and external field along x.
 Time Taken = 0.774000 picoseconds
 Relaxing nanodisk array with pi/4 orientation as initial states for all disks and external field along y.
 Time Taken = 0.774000 picoseconds
 Time taken by nanomagnet computing = 0.782659 (sec)
 Detection Rate 0.808313 at 0.226032 false alarm
startTime =

12-Jul-2014 11:34:34


endTIme =

12-Jul-2014 11:41:15

Elapsed time is 30.037805 seconds.

startTime =

12-Jul-2014 11:41:15

## Starting Data/56.pgm.atts

 486 longest primitives returned (233 lines, 253 arcs read, but returning only 3000 max elements for computational reasons)

 Time taken by traditional algorithm = 38.363798 (sec)
 min and max values of the distance matrix [0.163986 0.464159]
 Wanted to embed 486 magnets embedded 486 magnet
 Relaxing nanodisk array with pi/4 orientation as initial states for all disks and external field along x.
 Time Taken = 0.771000 picoseconds
 Relaxing nanodisk array with pi/4 orientation as initial states for all disks and external field along y.
 Time Taken = 0.771000 picoseconds
 Time taken by nanomagnet computing = 0.377464 (sec)
 Detection Rate 0.655111 at 0.300429 false alarm
startTime =

12-Jul-2014 11:41:15


endTIme =

12-Jul-2014 11:44:39

Elapsed time is 13.955707 seconds.
>> [Warning: Objects of graph2d.lineseries class exist - not clearing this class
or any of its superclasses] 
