
                            < M A T L A B (R) >
                  Copyright 1984-2012 The MathWorks, Inc.
                    R2012b (8.0.0.783) 64-bit (glnxa64)
                              August 22, 2012

 
To get started, type one of these: helpwin, helpdesk, or demo.
For product information, visit www.mathworks.com.
 

img1 =

image41.pgm.atts


img2 =

largebuilding.pgm.atts


minGap =

    60


startTime =

12-Jul-2014 12:23:23

## Starting Data/image41.pgm.atts

 210 longest primitives returned (210 lines, 0 arcs read, but returning only 3000 max elements for computational reasons)

 Time taken by traditional algorithm = 18.059306 (sec)
 min and max values of the distance matrix [0.190577 0.464159]
 Wanted to embed 210 magnets embedded 210 magnet
 Relaxing nanodisk array with pi/4 orientation as initial states for all disks and external field along x.
 Time Taken = 0.545000 picoseconds
 Relaxing nanodisk array with pi/4 orientation as initial states for all disks and external field along y.
 Time Taken = 0.545000 picoseconds
 Time taken by nanomagnet computing = 0.099111 (sec)
 Detection Rate 0.636079 at 0.106331 false alarm
startTime =

12-Jul-2014 12:23:23


endTIme =

12-Jul-2014 12:24:23

Elapsed time is 9.935553 seconds.

startTime =

12-Jul-2014 12:24:23

## Starting Data/largebuilding.pgm.atts

 1004 longest primitives returned (441 lines, 563 arcs read, but returning only 3000 max elements for computational reasons)

 Time taken by traditional algorithm = 344.481710 (sec)
 min and max values of the distance matrix [0.151453 0.464159]