
                            < M A T L A B (R) >
                  Copyright 1984-2012 The MathWorks, Inc.
                    R2012b (8.0.0.783) 64-bit (glnxa64)
                              August 22, 2012

 
To get started, type one of these: helpwin, helpdesk, or demo.
For product information, visit www.mathworks.com.
 

img1 =

airfield_edges.pgm.pgm.atts


img2 =

airplane.pgm.atts


minGap =

    60


startTime =

12-Jul-2014 12:23:16


startTime =

12-Jul-2014 12:23:16


endTIme =

12-Jul-2014 12:23:17

Elapsed time is 0.960071 seconds.

startTime =

12-Jul-2014 12:23:17

## Starting Data/airplane.pgm.atts

 525 longest primitives returned (324 lines, 201 arcs read, but returning only 3000 max elements for computational reasons)

 Time taken by traditional algorithm = 88.438799 (sec)
 min and max values of the distance matrix [0.133082 0.464159]
 Wanted to embed 525 magnets embedded 525 magnet
 Relaxing nanodisk array with pi/4 orientation as initial states for all disks and external field along x.
 Time Taken = 0.556000 picoseconds
 Relaxing nanodisk array with pi/4 orientation as initial states for all disks and external field along y.
 Time Taken = 0.556000 picoseconds
 Time taken by nanomagnet computing = 0.595523 (sec)
 Detection Rate 0.692051 at 0.627805 false alarm
startTime =

12-Jul-2014 12:23:17


endTIme =

12-Jul-2014 12:28:22

Elapsed time is 18.099732 seconds.
>> [Warning: Objects of graph2d.lineseries class exist - not clearing this class
or any of its superclasses] 
