
                            < M A T L A B (R) >
                  Copyright 1984-2012 The MathWorks, Inc.
                    R2012b (8.0.0.783) 64-bit (glnxa64)
                              August 22, 2012

 
To get started, type one of these: helpwin, helpdesk, or demo.
For product information, visit www.mathworks.com.
 

img1 =

S004I00E.PGM.atts


img2 =

S005I001.pgm.atts


minGap =

    60


startTime =

12-Jul-2014 12:23:19

## Starting Data/S004I00E.PGM.atts

 683 longest primitives returned (242 lines, 441 arcs read, but returning only 3000 max elements for computational reasons)

 Time taken by traditional algorithm = 168.437360 (sec)
 min and max values of the distance matrix [0.165351 0.464159]
 Wanted to embed 683 magnets embedded 683 magnet
 Relaxing nanodisk array with pi/4 orientation as initial states for all disks and external field along x.
 Time Taken = 0.559000 picoseconds
 Relaxing nanodisk array with pi/4 orientation as initial states for all disks and external field along y.
 Time Taken = 0.559000 picoseconds
 Time taken by nanomagnet computing = 1.145912 (sec)
 Detection Rate 0.812906 at 0.171853 false alarm
startTime =

12-Jul-2014 12:23:19


endTIme =

12-Jul-2014 12:32:13

Elapsed time is 30.687993 seconds.

startTime =

12-Jul-2014 12:32:13

## Starting Data/S005I001.pgm.atts

 396 longest primitives returned (198 lines, 198 arcs read, but returning only 3000 max elements for computational reasons)

 Time taken by traditional algorithm = 31.932536 (sec)
 min and max values of the distance matrix [0.149493 0.464159]
 Wanted to embed 396 magnets embedded 396 magnet
 Relaxing nanodisk array with pi/4 orientation as initial states for all disks and external field along x.
 Time Taken = 0.541000 picoseconds
 Relaxing nanodisk array with pi/4 orientation as initial states for all disks and external field along y.
 Time Taken = 0.541000 picoseconds
 Time taken by nanomagnet computing = 0.288929 (sec)
 Detection Rate 0.592311 at 0.391090 false alarm
startTime =

12-Jul-2014 12:32:13


endTIme =

12-Jul-2014 12:34:48

Elapsed time is 7.486558 seconds.
>> [Warning: Objects of graph2d.lineseries class exist - not clearing this class
or any of its superclasses] 
