
                            < M A T L A B (R) >
                  Copyright 1984-2012 The MathWorks, Inc.
                    R2012b (8.0.0.783) 64-bit (glnxa64)
                              August 22, 2012

 
To get started, type one of these: helpwin, helpdesk, or demo.
For product information, visit www.mathworks.com.
 

img1 =

image10.pgm.atts


img2 =

image12.pgm.atts


minGap =

    50


startTime =

12-Jul-2014 11:34:35

## Starting Data/image10.pgm.atts

 266 longest primitives returned (105 lines, 161 arcs read, but returning only 3000 max elements for computational reasons)

 Time taken by traditional algorithm = 24.817498 (sec)
 min and max values of the distance matrix [0.180732 0.464159]
 Wanted to embed 266 magnets embedded 266 magnet
 Relaxing nanodisk array with pi/4 orientation as initial states for all disks and external field along x.
 Time Taken = 0.733000 picoseconds
 Relaxing nanodisk array with pi/4 orientation as initial states for all disks and external field along y.
 Time Taken = 0.733000 picoseconds
 Time taken by nanomagnet computing = 69.020052 (sec)
 Detection Rate 0.651020 at 0.281958 false alarm
startTime =

12-Jul-2014 11:34:35


endTIme =

12-Jul-2014 11:37:09

Elapsed time is 78.781447 seconds.

startTime =

12-Jul-2014 11:37:09

## Starting Data/image12.pgm.atts

 249 longest primitives returned (106 lines, 143 arcs read, but returning only 3000 max elements for computational reasons)

 Time taken by traditional algorithm = 17.446405 (sec)
 min and max values of the distance matrix [0.182262 0.464159]
 Wanted to embed 249 magnets embedded 249 magnet
 Relaxing nanodisk array with pi/4 orientation as initial states for all disks and external field along x.
 Time Taken = 0.720000 picoseconds
 Relaxing nanodisk array with pi/4 orientation as initial states for all disks and external field along y.
 Time Taken = 0.720000 picoseconds
 Time taken by nanomagnet computing = 0.100344 (sec)
 Detection Rate 0.563810 at 0.209702 false alarm
startTime =

12-Jul-2014 11:37:09


endTIme =

12-Jul-2014 11:38:25

Elapsed time is 13.865634 seconds.
>> [Warning: Objects of graph2d.lineseries class exist - not clearing this class
or any of its superclasses] 
