
                            < M A T L A B (R) >
                  Copyright 1984-2012 The MathWorks, Inc.
                    R2012b (8.0.0.783) 64-bit (glnxa64)
                              August 22, 2012

 
To get started, type one of these: helpwin, helpdesk, or demo.
For product information, visit www.mathworks.com.
 

img1 =

S006I009.PGM.atts


img2 =

S006I00A.PGM.atts


minGap =

    60


startTime =

12-Jul-2014 12:23:20

## Starting Data/S006I009.PGM.atts

 406 longest primitives returned (213 lines, 193 arcs read, but returning only 3000 max elements for computational reasons)

 Time taken by traditional algorithm = 157.149489 (sec)
 min and max values of the distance matrix [0.165035 0.464159]
 Wanted to embed 406 magnets embedded 406 magnet
 Relaxing nanodisk array with pi/4 orientation as initial states for all disks and external field along x.
 Time Taken = 0.558000 picoseconds
 Relaxing nanodisk array with pi/4 orientation as initial states for all disks and external field along y.
 Time Taken = 0.558000 picoseconds
 Time taken by nanomagnet computing = 0.318563 (sec)
 Detection Rate 0.801598 at 0.191738 false alarm
startTime =

12-Jul-2014 12:23:20


endTIme =

12-Jul-2014 12:28:10

Elapsed time is 14.664270 seconds.

startTime =

12-Jul-2014 12:28:10

## Starting Data/S006I00A.PGM.atts

 429 longest primitives returned (219 lines, 210 arcs read, but returning only 3000 max elements for computational reasons)

 Time taken by traditional algorithm = 36.220098 (sec)
 min and max values of the distance matrix [0.192804 0.464159]
 Wanted to embed 429 magnets embedded 429 magnet
 Relaxing nanodisk array with pi/4 orientation as initial states for all disks and external field along x.
 Time Taken = 0.560000 picoseconds
 Relaxing nanodisk array with pi/4 orientation as initial states for all disks and external field along y.
 Time Taken = 0.560000 picoseconds
 Time taken by nanomagnet computing = 0.349947 (sec)
 Detection Rate 0.774427 at 0.244622 false alarm
startTime =

12-Jul-2014 12:28:10


endTIme =

12-Jul-2014 12:31:09

Elapsed time is 10.515692 seconds.
>> [Warning: Objects of graph2d.lineseries class exist - not clearing this class
or any of its superclasses] 
