
                            < M A T L A B (R) >
                  Copyright 1984-2012 The MathWorks, Inc.
                    R2012b (8.0.0.783) 64-bit (glnxa64)
                              August 22, 2012

 
To get started, type one of these: helpwin, helpdesk, or demo.
For product information, visit www.mathworks.com.
 

img1 =

020.pgm.atts


img2 =

101.pgm.atts


minGap =

    60


startTime =

12-Jul-2014 12:23:16

## Starting Data/020.pgm.atts

 668 longest primitives returned (269 lines, 399 arcs read, but returning only 3000 max elements for computational reasons)

 Time taken by traditional algorithm = 133.286676 (sec)
 min and max values of the distance matrix [0.165379 0.464159]
 Wanted to embed 668 magnets embedded 668 magnet
 Relaxing nanodisk array with pi/4 orientation as initial states for all disks and external field along x.
 Time Taken = 0.560000 picoseconds
 Relaxing nanodisk array with pi/4 orientation as initial states for all disks and external field along y.
 Time Taken = 0.560000 picoseconds
 Time taken by nanomagnet computing = 1.021648 (sec)
 Detection Rate 0.904475 at 0.165840 false alarm
startTime =

12-Jul-2014 12:23:16


endTIme =

12-Jul-2014 12:31:22

Elapsed time is 28.412592 seconds.

startTime =

12-Jul-2014 12:31:22

## Starting Data/101.pgm.atts

 831 longest primitives returned (343 lines, 488 arcs read, but returning only 3000 max elements for computational reasons)

 Time taken by traditional algorithm = 114.377898 (sec)
 min and max values of the distance matrix [0.122635 0.464159]
 Wanted to embed 831 magnets embedded 831 magnet
 Relaxing nanodisk array with pi/4 orientation as initial states for all disks and external field along x.
 Time Taken = 0.562000 picoseconds
 Relaxing nanodisk array with pi/4 orientation as initial states for all disks and external field along y.
 Time Taken = 0.562000 picoseconds
 Time taken by nanomagnet computing = 1.780084 (sec)
 Detection Rate 0.961494 at 0.210808 false alarm
startTime =

12-Jul-2014 12:31:22


endTIme =

12-Jul-2014 12:42:11

Elapsed time is 38.127847 seconds.
>> [Warning: Objects of graph2d.lineseries class exist - not clearing this class
or any of its superclasses] 
