
                            < M A T L A B (R) >
                  Copyright 1984-2012 The MathWorks, Inc.
                    R2012b (8.0.0.783) 64-bit (glnxa64)
                              August 22, 2012

 
To get started, type one of these: helpwin, helpdesk, or demo.
For product information, visit www.mathworks.com.
 

img1 =

airfield.pgm.atts


img2 =

airfield_edges.pgm.atts


minGap =

    20


startTime =

11-Jul-2014 17:10:14

## Starting Data/airfield.pgm.atts

 903 longest primitives returned (386 lines, 517 arcs read, but returning only 3000 max elements for computational reasons)

 Time taken by traditional algorithm = 322.461844 (sec)
 min and max values of the distance matrix [0.142249 0.464159]
 Wanted to embed 903 magnets embedded 903 magnet
 Relaxing nanodisk array with pi/4 orientation as initial states for all disks and external field along x.
 Time Taken = 28.604000 picoseconds
 Relaxing nanodisk array with pi/4 orientation as initial states for all disks and external field along y.
 Time Taken = 28.604000 picoseconds
 Time taken by nanomagnet computing = 2.600284 (sec)
 Detection Rate 0.505238 at 0.085517 false alarm
startTime =

11-Jul-2014 17:10:14


endTIme =

11-Jul-2014 17:53:48

Elapsed time is 1701.459894 seconds.

startTime =

11-Jul-2014 17:53:48

## Starting Data/airfield_edges.pgm.atts

 1190 longest primitives returned (669 lines, 521 arcs read, but returning only 3000 max elements for computational reasons)
