
                            < M A T L A B (R) >
                  Copyright 1984-2012 The MathWorks, Inc.
                    R2012b (8.0.0.783) 64-bit (glnxa64)
                              August 22, 2012

 
To get started, type one of these: helpwin, helpdesk, or demo.
For product information, visit www.mathworks.com.
 

img1 =

S005I008.pgm.atts


img2 =

S005I009.pgm.atts


minGap =

    20


startTime =

11-Jul-2014 17:10:16

## Starting Data/S005I008.pgm.atts

 384 longest primitives returned (217 lines, 167 arcs read, but returning only 3000 max elements for computational reasons)

 Time taken by traditional algorithm = 45.832335 (sec)
 min and max values of the distance matrix [0.164701 0.464159]
 Wanted to embed 384 magnets embedded 384 magnet
 Relaxing nanodisk array with pi/4 orientation as initial states for all disks and external field along x.
 Time Taken = 12.048000 picoseconds
 Relaxing nanodisk array with pi/4 orientation as initial states for all disks and external field along y.
 Time Taken = 12.048000 picoseconds
 Time taken by nanomagnet computing = 41.274492 (sec)
 Detection Rate 0.778586 at 0.087246 false alarm
startTime =

11-Jul-2014 17:10:16


endTIme =

11-Jul-2014 17:15:23

Elapsed time is 151.472062 seconds.

startTime =

11-Jul-2014 17:15:23

## Starting Data/S005I009.pgm.atts

 367 longest primitives returned (215 lines, 152 arcs read, but returning only 3000 max elements for computational reasons)

 Time taken by traditional algorithm = 29.946286 (sec)
 min and max values of the distance matrix [0.150971 0.464159]
 Wanted to embed 367 magnets embedded 367 magnet
 Relaxing nanodisk array with pi/4 orientation as initial states for all disks and external field along x.
 Time Taken = 7.331000 picoseconds
 Relaxing nanodisk array with pi/4 orientation as initial states for all disks and external field along y.
 Time Taken = 7.331000 picoseconds
 Time taken by nanomagnet computing = 0.264870 (sec)
 Detection Rate 0.884629 at 0.088506 false alarm
startTime =

11-Jul-2014 17:15:23


endTIme =

11-Jul-2014 17:19:50

Elapsed time is 137.161955 seconds.
>> [Warning: Objects of graph2d.lineseries class exist - not clearing this class
or any of its superclasses] 
