
                            < M A T L A B (R) >
                  Copyright 1984-2012 The MathWorks, Inc.
                    R2012b (8.0.0.783) 64-bit (glnxa64)
                              August 22, 2012

 
To get started, type one of these: helpwin, helpdesk, or demo.
For product information, visit www.mathworks.com.
 

img1 =

S006I019.PGM.atts


img2 =

S006I01A.PGM.atts


minGap =

    20


startTime =

11-Jul-2014 17:10:17

## Starting Data/S006I019.PGM.atts

 365 longest primitives returned (190 lines, 175 arcs read, but returning only 3000 max elements for computational reasons)

 Time taken by traditional algorithm = 41.964554 (sec)
 min and max values of the distance matrix [0.143506 0.464159]
 Wanted to embed 365 magnets embedded 365 magnet
 Relaxing nanodisk array with pi/4 orientation as initial states for all disks and external field along x.
 Time Taken = 20.872000 picoseconds
 Relaxing nanodisk array with pi/4 orientation as initial states for all disks and external field along y.
 Time Taken = 20.872000 picoseconds
 Time taken by nanomagnet computing = 57.509142 (sec)
 Detection Rate 0.972498 at 0.094484 false alarm
startTime =

11-Jul-2014 17:10:17


endTIme =

11-Jul-2014 17:16:15

Elapsed time is 219.878223 seconds.

startTime =

11-Jul-2014 17:16:15

## Starting Data/S006I01A.PGM.atts

 336 longest primitives returned (171 lines, 165 arcs read, but returning only 3000 max elements for computational reasons)

 Time taken by traditional algorithm = 25.101023 (sec)
 min and max values of the distance matrix [0.155781 0.464159]
 Wanted to embed 336 magnets embedded 336 magnet
 Relaxing nanodisk array with pi/4 orientation as initial states for all disks and external field along x.
 Time Taken = 5.062000 picoseconds
 Relaxing nanodisk array with pi/4 orientation as initial states for all disks and external field along y.
 Time Taken = 5.062000 picoseconds
 Time taken by nanomagnet computing = 0.186391 (sec)
 Detection Rate 0.662547 at 0.096098 false alarm
startTime =

11-Jul-2014 17:16:15


endTIme =

11-Jul-2014 17:18:54

Elapsed time is 51.713293 seconds.
>> [Warning: Objects of graph2d.lineseries class exist - not clearing this class
or any of its superclasses] 
