
                            < M A T L A B (R) >
                  Copyright 1984-2012 The MathWorks, Inc.
                    R2012b (8.0.0.783) 64-bit (glnxa64)
                              August 22, 2012

 
To get started, type one of these: helpwin, helpdesk, or demo.
For product information, visit www.mathworks.com.
 

img1 =

S004I001.PGM.atts


img2 =

S004I003.PGM.atts


minGap =

    20


startTime =

11-Jul-2014 17:10:20

## Starting Data/S004I001.PGM.atts

 408 longest primitives returned (183 lines, 225 arcs read, but returning only 3000 max elements for computational reasons)

 Time taken by traditional algorithm = 152.285308 (sec)
 min and max values of the distance matrix [0.143827 0.464159]
 Wanted to embed 408 magnets embedded 408 magnet
 Relaxing nanodisk array with pi/4 orientation as initial states for all disks and external field along x.
 Time Taken = 13.572000 picoseconds
 Relaxing nanodisk array with pi/4 orientation as initial states for all disks and external field along y.
 Time Taken = 13.572000 picoseconds
 Time taken by nanomagnet computing = 0.323272 (sec)
 Detection Rate 0.653974 at 0.094579 false alarm
startTime =

11-Jul-2014 17:10:20


endTIme =

11-Jul-2014 17:18:55

Elapsed time is 242.910002 seconds.

startTime =

11-Jul-2014 17:18:55

## Starting Data/S004I003.PGM.atts

 383 longest primitives returned (167 lines, 216 arcs read, but returning only 3000 max elements for computational reasons)

 Time taken by traditional algorithm = 30.791807 (sec)
 min and max values of the distance matrix [0.147216 0.464159]
 Wanted to embed 383 magnets embedded 383 magnet
 Relaxing nanodisk array with pi/4 orientation as initial states for all disks and external field along x.
 Time Taken = 5.567000 picoseconds
 Relaxing nanodisk array with pi/4 orientation as initial states for all disks and external field along y.
 Time Taken = 5.567000 picoseconds
 Time taken by nanomagnet computing = 0.254571 (sec)
 Detection Rate 0.877023 at 0.098979 false alarm
startTime =

11-Jul-2014 17:18:55


endTIme =

11-Jul-2014 17:22:06

Elapsed time is 53.194622 seconds.
>> [Warning: Objects of graph2d.lineseries class exist - not clearing this class
or any of its superclasses] 
