
                            < M A T L A B (R) >
                  Copyright 1984-2012 The MathWorks, Inc.
                    R2012b (8.0.0.783) 64-bit (glnxa64)
                              August 22, 2012

 
To get started, type one of these: helpwin, helpdesk, or demo.
For product information, visit www.mathworks.com.
 

img1 =

giraffe.pgm.atts


img2 =

goldenbackedwoodpecker.pgm.atts


minGap =

    20


startTime =

11-Jul-2014 17:10:18

## Starting Data/giraffe.pgm.atts

 767 longest primitives returned (303 lines, 464 arcs read, but returning only 3000 max elements for computational reasons)

 Time taken by traditional algorithm = 259.781686 (sec)
 min and max values of the distance matrix [0.143804 0.464159]
 Wanted to embed 767 magnets embedded 767 magnet
 Relaxing nanodisk array with pi/4 orientation as initial states for all disks and external field along x.
 Time Taken = 19.613000 picoseconds
 Relaxing nanodisk array with pi/4 orientation as initial states for all disks and external field along y.
 Time Taken = 19.613000 picoseconds
 Time taken by nanomagnet computing = 1.533649 (sec)
 Detection Rate 0.425539 at 0.091339 false alarm
startTime =

11-Jul-2014 17:10:18


endTIme =

11-Jul-2014 17:33:26

Elapsed time is 706.974509 seconds.

startTime =

11-Jul-2014 17:33:26

## Starting Data/goldenbackedwoodpecker.pgm.atts

 601 longest primitives returned (192 lines, 409 arcs read, but returning only 3000 max elements for computational reasons)

 Time taken by traditional algorithm = 64.052630 (sec)
 min and max values of the distance matrix [0.177938 0.464159]
 Wanted to embed 601 magnets embedded 601 magnet
 Relaxing nanodisk array with pi/4 orientation as initial states for all disks and external field along x.
 Time Taken = 3.575000 picoseconds
 Relaxing nanodisk array with pi/4 orientation as initial states for all disks and external field along y.
 Time Taken = 3.575000 picoseconds
 Time taken by nanomagnet computing = 0.768173 (sec)
 Detection Rate 0.438953 at 0.099727 false alarm
startTime =

11-Jul-2014 17:33:26


endTIme =

11-Jul-2014 17:48:54

Elapsed time is 601.152748 seconds.
>> [Warning: Objects of graph2d.lineseries class exist - not clearing this class
or any of its superclasses] 
