
                            < M A T L A B (R) >
                  Copyright 1984-2012 The MathWorks, Inc.
                    R2012b (8.0.0.783) 64-bit (glnxa64)
                              August 22, 2012

 
To get started, type one of these: helpwin, helpdesk, or demo.
For product information, visit www.mathworks.com.
 

img1 =

S003I005.PGM.atts


img2 =

S003I007.pgm.atts


minGap =

    20


startTime =

11-Jul-2014 17:10:17

## Starting Data/S003I005.PGM.atts

 425 longest primitives returned (210 lines, 215 arcs read, but returning only 3000 max elements for computational reasons)

 Time taken by traditional algorithm = 154.556837 (sec)
 min and max values of the distance matrix [0.157060 0.464159]
 Wanted to embed 425 magnets embedded 425 magnet
 Relaxing nanodisk array with pi/4 orientation as initial states for all disks and external field along x.
 Time Taken = 114.401000 picoseconds
 Relaxing nanodisk array with pi/4 orientation as initial states for all disks and external field along y.
 Time Taken = 114.401000 picoseconds
 Time taken by nanomagnet computing = 0.330251 (sec)
 Detection Rate 0.739282 at 0.099074 false alarm
startTime =

11-Jul-2014 17:10:17


endTIme =

11-Jul-2014 17:30:02

Elapsed time is 910.141083 seconds.

startTime =

11-Jul-2014 17:30:02

## Starting Data/S003I007.pgm.atts

 373 longest primitives returned (207 lines, 166 arcs read, but returning only 3000 max elements for computational reasons)

 Time taken by traditional algorithm = 25.949785 (sec)
 min and max values of the distance matrix [0.153554 0.464159]
 Wanted to embed 373 magnets embedded 373 magnet
 Relaxing nanodisk array with pi/4 orientation as initial states for all disks and external field along x.
 Time Taken = 4.407000 picoseconds
 Relaxing nanodisk array with pi/4 orientation as initial states for all disks and external field along y.
 Time Taken = 4.407000 picoseconds
 Time taken by nanomagnet computing = 0.216612 (sec)
 Detection Rate 0.801222 at 0.089724 false alarm
startTime =

11-Jul-2014 17:30:02


endTIme =

11-Jul-2014 17:33:20

Elapsed time is 82.666367 seconds.
>> [Warning: Objects of graph2d.lineseries class exist - not clearing this class
or any of its superclasses] 
