
                            < M A T L A B (R) >
                  Copyright 1984-2012 The MathWorks, Inc.
                    R2012b (8.0.0.783) 64-bit (glnxa64)
                              August 22, 2012

 
To get started, type one of these: helpwin, helpdesk, or demo.
For product information, visit www.mathworks.com.
 

img1 =

020.pgm.atts


img2 =

101.pgm.atts


minGap =

    20


startTime =

11-Jul-2014 17:03:06

## Starting Data/020.pgm.atts

 668 longest primitives returned (269 lines, 399 arcs read, but returning only 3000 max elements for computational reasons)

 Time taken by traditional algorithm = 130.602776 (sec)
 min and max values of the distance matrix [0.165379 0.464159]
 Wanted to embed 668 magnets embedded 668 magnet
 Relaxing nanodisk array with pi/4 orientation as initial states for all disks and external field along x.
 Time Taken = 14.850000 picoseconds
 Relaxing nanodisk array with pi/4 orientation as initial states for all disks and external field along y.
 Time Taken = 14.850000 picoseconds
 Time taken by nanomagnet computing = 1.211829 (sec)
 Detection Rate 0.565784 at 0.096712 false alarm
startTime =

11-Jul-2014 17:03:06


endTIme =

11-Jul-2014 17:20:10

Elapsed time is 572.676488 seconds.

startTime =

11-Jul-2014 17:20:10

## Starting Data/101.pgm.atts

 831 longest primitives returned (343 lines, 488 arcs read, but returning only 3000 max elements for computational reasons)

 Time taken by traditional algorithm = 156.993755 (sec)
 min and max values of the distance matrix [0.122635 0.464159]
 Wanted to embed 831 magnets embedded 831 magnet
 Relaxing nanodisk array with pi/4 orientation as initial states for all disks and external field along x.
 Time Taken = 13.880000 picoseconds
 Relaxing nanodisk array with pi/4 orientation as initial states for all disks and external field along y.
 Time Taken = 13.880000 picoseconds
 Time taken by nanomagnet computing = 1.777090 (sec)
 Detection Rate 0.406106 at 0.067090 false alarm
startTime =

11-Jul-2014 17:20:10


endTIme =

11-Jul-2014 17:41:15

Elapsed time is 589.501646 seconds.
>> [Warning: Objects of graph2d.lineseries class exist - not clearing this class
or any of its superclasses] 
