
                            < M A T L A B (R) >
                  Copyright 1984-2012 The MathWorks, Inc.
                    R2012b (8.0.0.783) 64-bit (glnxa64)
                              August 22, 2012

 
To get started, type one of these: helpwin, helpdesk, or demo.
For product information, visit www.mathworks.com.
 

img1 =

rhino.pgm.atts


img2 =

school.pgm.atts


minGap =

    20


startTime =

11-Jul-2014 17:10:18

## Starting Data/rhino.pgm.atts

 291 longest primitives returned (103 lines, 188 arcs read, but returning only 3000 max elements for computational reasons)

 Time taken by traditional algorithm = 27.423752 (sec)
 min and max values of the distance matrix [0.183472 0.464159]
 Wanted to embed 291 magnets embedded 291 magnet
 Relaxing nanodisk array with pi/4 orientation as initial states for all disks and external field along x.
 Time Taken = 3.633000 picoseconds
 Relaxing nanodisk array with pi/4 orientation as initial states for all disks and external field along y.
 Time Taken = 3.633000 picoseconds
 Time taken by nanomagnet computing = 0.155648 (sec)
 Detection Rate 0.662418 at 0.092474 false alarm
startTime =

11-Jul-2014 17:10:18


endTIme =

11-Jul-2014 17:14:50

Elapsed time is 186.282703 seconds.

startTime =

11-Jul-2014 17:14:50

## Starting Data/school.pgm.atts

 534 longest primitives returned (264 lines, 270 arcs read, but returning only 3000 max elements for computational reasons)

 Time taken by traditional algorithm = 62.566434 (sec)
 min and max values of the distance matrix [0.133500 0.464159]
 Wanted to embed 534 magnets embedded 534 magnet
 Relaxing nanodisk array with pi/4 orientation as initial states for all disks and external field along x.
 Time Taken = 1.737000 picoseconds
 Relaxing nanodisk array with pi/4 orientation as initial states for all disks and external field along y.
 Time Taken = 1.737000 picoseconds
 Time taken by nanomagnet computing = 0.541242 (sec)
 Detection Rate 0.573338 at 0.074086 false alarm
startTime =

11-Jul-2014 17:14:50


endTIme =

11-Jul-2014 17:20:09

Elapsed time is 47.473203 seconds.
>> [Warning: Objects of graph2d.lineseries class exist - not clearing this class
or any of its superclasses] 
