
                            < M A T L A B (R) >
                  Copyright 1984-2012 The MathWorks, Inc.
                    R2012b (8.0.0.783) 64-bit (glnxa64)
                              August 22, 2012

 
To get started, type one of these: helpwin, helpdesk, or demo.
For product information, visit www.mathworks.com.
 

img1 =

007.pgm.atts


img2 =

008.pgm.atts


minGap =

    20


startTime =

11-Jul-2014 16:42:57

## Starting Data/007.pgm.atts

 448 longest primitives returned (185 lines, 263 arcs read, but returning only 3000 max elements for computational reasons)

 Time taken by traditional algorithm = 61.521366 (sec)
 min and max values of the distance matrix [0.155914 0.464159]
 Wanted to embed 448 magnets embedded 448 magnet
 Relaxing nanodisk array with pi/4 orientation as initial states for all disks and external field along x.
 Time Taken = 5.555000 picoseconds
 Relaxing nanodisk array with pi/4 orientation as initial states for all disks and external field along y.
 Time Taken = 5.555000 picoseconds
 Time taken by nanomagnet computing = 0.438652 (sec)
 Detection Rate 0.770336 at 0.094828 false alarm
startTime =

11-Jul-2014 16:42:57


endTIme =

11-Jul-2014 16:48:36

Elapsed time is 133.190201 seconds.

startTime =

11-Jul-2014 16:48:37

## Starting Data/008.pgm.atts

 443 longest primitives returned (178 lines, 265 arcs read, but returning only 3000 max elements for computational reasons)

 Time taken by traditional algorithm = 38.349538 (sec)
 min and max values of the distance matrix [0.161151 0.464159]
 Wanted to embed 443 magnets embedded 443 magnet
 Relaxing nanodisk array with pi/4 orientation as initial states for all disks and external field along x.
 Time Taken = 62.184000 picoseconds
 Relaxing nanodisk array with pi/4 orientation as initial states for all disks and external field along y.
 Time Taken = 62.184000 picoseconds
 Time taken by nanomagnet computing = 0.364366 (sec)
 Detection Rate 0.560049 at 0.098425 false alarm
startTime =

11-Jul-2014 16:48:37


endTIme =

11-Jul-2014 17:01:42

Elapsed time is 604.342017 seconds.
>> [Warning: Objects of graph2d.lineseries class exist - not clearing this class
or any of its superclasses] 
