
                            < M A T L A B (R) >
                  Copyright 1984-2012 The MathWorks, Inc.
                    R2012b (8.0.0.783) 64-bit (glnxa64)
                              August 22, 2012

 
To get started, type one of these: helpwin, helpdesk, or demo.
For product information, visit www.mathworks.com.
 

img1 =

105.pgm.atts


img2 =

108.pgm.atts


minGap =

    20


startTime =

11-Jul-2014 17:03:02

## Starting Data/105.pgm.atts

 544 longest primitives returned (247 lines, 297 arcs read, but returning only 3000 max elements for computational reasons)

 Time taken by traditional algorithm = 89.017796 (sec)
 min and max values of the distance matrix [0.150419 0.464159]
 Wanted to embed 544 magnets embedded 544 magnet
 Relaxing nanodisk array with pi/4 orientation as initial states for all disks and external field along x.
 Time Taken = 14.896000 picoseconds
 Relaxing nanodisk array with pi/4 orientation as initial states for all disks and external field along y.
 Time Taken = 14.896000 picoseconds
 Time taken by nanomagnet computing = 1.246395 (sec)
 Detection Rate 0.457551 at 0.078615 false alarm
startTime =

11-Jul-2014 17:03:02


endTIme =

11-Jul-2014 17:13:35

Elapsed time is 327.185478 seconds.

startTime =

11-Jul-2014 17:13:35

## Starting Data/108.pgm.atts

 772 longest primitives returned (320 lines, 452 arcs read, but returning only 3000 max elements for computational reasons)

 Time taken by traditional algorithm = 100.158431 (sec)
 min and max values of the distance matrix [0.149737 0.464159]
 Wanted to embed 772 magnets embedded 772 magnet
 Relaxing nanodisk array with pi/4 orientation as initial states for all disks and external field along x.
 Time Taken = 16.178000 picoseconds
 Relaxing nanodisk array with pi/4 orientation as initial states for all disks and external field along y.
 Time Taken = 16.178000 picoseconds
 Time taken by nanomagnet computing = 1.366539 (sec)
 Detection Rate 0.272075 at 0.093372 false alarm
startTime =

11-Jul-2014 17:13:35


endTIme =

11-Jul-2014 17:30:57

Elapsed time is 505.409204 seconds.
>> [Warning: Objects of graph2d.lineseries class exist - not clearing this class
or any of its superclasses] 
