
                            < M A T L A B (R) >
                  Copyright 1984-2012 The MathWorks, Inc.
                    R2012b (8.0.0.783) 64-bit (glnxa64)
                              August 22, 2012

 
To get started, type one of these: helpwin, helpdesk, or demo.
For product information, visit www.mathworks.com.
 

img1 =

lilacbreastedroller.pgm.atts


img2 =

mailbox.pgm.atts


minGap =

    20


startTime =

11-Jul-2014 17:10:15

## Starting Data/lilacbreastedroller.pgm.atts

 385 longest primitives returned (150 lines, 235 arcs read, but returning only 3000 max elements for computational reasons)

 Time taken by traditional algorithm = 175.342422 (sec)
 min and max values of the distance matrix [0.184549 0.464159]
 Wanted to embed 385 magnets embedded 385 magnet
 Relaxing nanodisk array with pi/4 orientation as initial states for all disks and external field along x.
 Time Taken = 6.243000 picoseconds
 Relaxing nanodisk array with pi/4 orientation as initial states for all disks and external field along y.
 Time Taken = 6.243000 picoseconds
 Time taken by nanomagnet computing = 0.300966 (sec)
 Detection Rate 0.543828 at 0.098016 false alarm
startTime =

11-Jul-2014 17:10:15


endTIme =

11-Jul-2014 17:16:55

Elapsed time is 115.090657 seconds.

startTime =

11-Jul-2014 17:16:55

## Starting Data/mailbox.pgm.atts

 790 longest primitives returned (354 lines, 436 arcs read, but returning only 3000 max elements for computational reasons)

 Time taken by traditional algorithm = 122.315622 (sec)
 min and max values of the distance matrix [0.166811 0.464159]
 Wanted to embed 790 magnets embedded 790 magnet
 Relaxing nanodisk array with pi/4 orientation as initial states for all disks and external field along x.
 Time Taken = 4.881000 picoseconds
 Relaxing nanodisk array with pi/4 orientation as initial states for all disks and external field along y.
 Time Taken = 4.881000 picoseconds
 Time taken by nanomagnet computing = 1.495105 (sec)
 Detection Rate 0.577308 at 0.079207 false alarm
startTime =

11-Jul-2014 17:16:55


endTIme =

11-Jul-2014 17:30:34

Elapsed time is 220.258172 seconds.
>> [Warning: Objects of graph2d.lineseries class exist - not clearing this class
or any of its superclasses] 
