
                            < M A T L A B (R) >
                  Copyright 1984-2012 The MathWorks, Inc.
                    R2012b (8.0.0.783) 64-bit (glnxa64)
                              August 22, 2012

 
To get started, type one of these: helpwin, helpdesk, or demo.
For product information, visit www.mathworks.com.
 

img1 =

image24.pgm.atts


img2 =

image25.pgm.atts


minGap =

    20


startTime =

11-Jul-2014 17:10:17

## Starting Data/image24.pgm.atts

 321 longest primitives returned (111 lines, 210 arcs read, but returning only 3000 max elements for computational reasons)

 Time taken by traditional algorithm = 31.818810 (sec)
 min and max values of the distance matrix [0.170211 0.464159]
 Wanted to embed 321 magnets embedded 321 magnet
 Relaxing nanodisk array with pi/4 orientation as initial states for all disks and external field along x.
 Time Taken = 7.169000 picoseconds
 Relaxing nanodisk array with pi/4 orientation as initial states for all disks and external field along y.
 Time Taken = 7.169000 picoseconds
 Time taken by nanomagnet computing = 0.181381 (sec)
 Detection Rate 0.770485 at 0.089900 false alarm
startTime =

11-Jul-2014 17:10:17


endTIme =

11-Jul-2014 17:14:04

Elapsed time is 125.162627 seconds.

startTime =

11-Jul-2014 17:14:04

## Starting Data/image25.pgm.atts

 236 longest primitives returned (100 lines, 136 arcs read, but returning only 3000 max elements for computational reasons)

 Time taken by traditional algorithm = 15.277512 (sec)
 min and max values of the distance matrix [0.204975 0.464159]
 Wanted to embed 236 magnets embedded 236 magnet
 Relaxing nanodisk array with pi/4 orientation as initial states for all disks and external field along x.
 Time Taken = 2.015000 picoseconds
 Relaxing nanodisk array with pi/4 orientation as initial states for all disks and external field along y.
 Time Taken = 2.015000 picoseconds
 Time taken by nanomagnet computing = 0.079791 (sec)
 Detection Rate 0.915515 at 0.098428 false alarm
startTime =

11-Jul-2014 17:14:04


endTIme =

11-Jul-2014 17:15:22

Elapsed time is 25.169438 seconds.
>> [Warning: Objects of graph2d.lineseries class exist - not clearing this class
or any of its superclasses] 
