
                            < M A T L A B (R) >
                  Copyright 1984-2012 The MathWorks, Inc.
                    R2012b (8.0.0.783) 64-bit (glnxa64)
                              August 22, 2012

 
To get started, type one of these: helpwin, helpdesk, or demo.
For product information, visit www.mathworks.com.
 

img1 =

colobus.pgm.atts


img2 =

dog1.pgm.atts


minGap =

    20


startTime =

11-Jul-2014 17:10:19

## Starting Data/colobus.pgm.atts

 87 longest primitives returned (42 lines, 45 arcs read, but returning only 3000 max elements for computational reasons)

 Time taken by traditional algorithm = 3.051994 (sec)
 min and max values of the distance matrix [0.215282 0.464159]
 Wanted to embed 87 magnets embedded 87 magnet
 Relaxing nanodisk array with pi/4 orientation as initial states for all disks and external field along x.
 Time Taken = 2.195000 picoseconds
 Relaxing nanodisk array with pi/4 orientation as initial states for all disks and external field along y.
 Time Taken = 2.195000 picoseconds
 Time taken by nanomagnet computing = 0.035329 (sec)
 Detection Rate 0.844716 at 0.159527 false alarm
startTime =

11-Jul-2014 17:10:19


endTIme =

11-Jul-2014 17:10:32

Elapsed time is 4.470330 seconds.

startTime =

11-Jul-2014 17:10:32

## Starting Data/dog1.pgm.atts

 457 longest primitives returned (205 lines, 252 arcs read, but returning only 3000 max elements for computational reasons)

 Time taken by traditional algorithm = 58.527241 (sec)
 min and max values of the distance matrix [0.163272 0.464159]
 Wanted to embed 457 magnets embedded 457 magnet
 Relaxing nanodisk array with pi/4 orientation as initial states for all disks and external field along x.
 Time Taken = 78.345000 picoseconds
 Relaxing nanodisk array with pi/4 orientation as initial states for all disks and external field along y.
 Time Taken = 78.345000 picoseconds
 Time taken by nanomagnet computing = 0.366240 (sec)
 Detection Rate 0.516839 at 0.098579 false alarm
startTime =

11-Jul-2014 17:10:32


endTIme =

11-Jul-2014 17:29:56

Elapsed time is 963.264887 seconds.
>> [Warning: Objects of graph2d.lineseries class exist - not clearing this class
or any of its superclasses] 
