
                            < M A T L A B (R) >
                  Copyright 1984-2012 The MathWorks, Inc.
                    R2012b (8.0.0.783) 64-bit (glnxa64)
                              August 22, 2012

 
To get started, type one of these: helpwin, helpdesk, or demo.
For product information, visit www.mathworks.com.
 

img1 =

S004I00C.PGM.atts


img2 =

S004I00D.PGM.atts


minGap =

    20


startTime =

11-Jul-2014 17:10:15

## Starting Data/S004I00C.PGM.atts

 361 longest primitives returned (173 lines, 188 arcs read, but returning only 3000 max elements for computational reasons)

 Time taken by traditional algorithm = 41.864110 (sec)
 min and max values of the distance matrix [0.134978 0.464159]
 Wanted to embed 361 magnets embedded 361 magnet
 Relaxing nanodisk array with pi/4 orientation as initial states for all disks and external field along x.
 Time Taken = 2.582000 picoseconds
 Relaxing nanodisk array with pi/4 orientation as initial states for all disks and external field along y.
 Time Taken = 2.582000 picoseconds
 Time taken by nanomagnet computing = 93.031015 (sec)
 Detection Rate 0.919361 at 0.098488 false alarm
startTime =

11-Jul-2014 17:10:15


endTIme =

11-Jul-2014 17:14:52

Elapsed time is 136.503344 seconds.

startTime =

11-Jul-2014 17:14:52

## Starting Data/S004I00D.PGM.atts

 455 longest primitives returned (214 lines, 241 arcs read, but returning only 3000 max elements for computational reasons)

 Time taken by traditional algorithm = 45.868820 (sec)
 min and max values of the distance matrix [0.144927 0.464159]
 Wanted to embed 455 magnets embedded 455 magnet
 Relaxing nanodisk array with pi/4 orientation as initial states for all disks and external field along x.
 Time Taken = 2.565000 picoseconds
 Relaxing nanodisk array with pi/4 orientation as initial states for all disks and external field along y.
 Time Taken = 2.565000 picoseconds
 Time taken by nanomagnet computing = 0.410541 (sec)
 Detection Rate 0.670907 at 0.081815 false alarm
startTime =

11-Jul-2014 17:14:52


endTIme =

11-Jul-2014 17:36:25

Elapsed time is 1072.289296 seconds.
>> [Warning: Objects of graph2d.lineseries class exist - not clearing this class
or any of its superclasses] 
