
                            < M A T L A B (R) >
                  Copyright 1984-2012 The MathWorks, Inc.
                    R2012b (8.0.0.783) 64-bit (glnxa64)
                              August 22, 2012

 
To get started, type one of these: helpwin, helpdesk, or demo.
For product information, visit www.mathworks.com.
 

img1 =

110.pgm.atts


img2 =

125.pgm.atts


minGap =

    20


startTime =

11-Jul-2014 17:07:29

## Starting Data/110.pgm.atts

 922 longest primitives returned (376 lines, 546 arcs read, but returning only 3000 max elements for computational reasons)

 Time taken by traditional algorithm = 315.047854 (sec)
 min and max values of the distance matrix [0.167863 0.464159]
 Wanted to embed 922 magnets embedded 922 magnet
 Relaxing nanodisk array with pi/4 orientation as initial states for all disks and external field along x.
 Time Taken = 5.309000 picoseconds
 Relaxing nanodisk array with pi/4 orientation as initial states for all disks and external field along y.
 Time Taken = 5.309000 picoseconds
 Time taken by nanomagnet computing = 2.616476 (sec)
 Detection Rate 0.512648 at 0.094608 false alarm
startTime =

11-Jul-2014 17:07:29


endTIme =

11-Jul-2014 17:29:13

Elapsed time is 420.621494 seconds.

startTime =

11-Jul-2014 17:29:13

## Starting Data/125.pgm.atts

 711 longest primitives returned (326 lines, 385 arcs read, but returning only 3000 max elements for computational reasons)

 Time taken by traditional algorithm = 73.312289 (sec)
 min and max values of the distance matrix [0.146186 0.464159]
 Wanted to embed 711 magnets embedded 711 magnet
 Relaxing nanodisk array with pi/4 orientation as initial states for all disks and external field along x.
 Time Taken = 18.609000 picoseconds
 Relaxing nanodisk array with pi/4 orientation as initial states for all disks and external field along y.
 Time Taken = 18.609000 picoseconds
 Time taken by nanomagnet computing = 1.004630 (sec)
 Detection Rate 0.443971 at 0.077758 false alarm
startTime =

11-Jul-2014 17:29:13


endTIme =

11-Jul-2014 17:53:50

Elapsed time is 1078.861166 seconds.
>> [Warning: Objects of graph2d.lineseries class exist - not clearing this class
or any of its superclasses] 
