
                            < M A T L A B (R) >
                  Copyright 1984-2012 The MathWorks, Inc.
                    R2012b (8.0.0.783) 64-bit (glnxa64)
                              August 22, 2012

 
To get started, type one of these: helpwin, helpdesk, or demo.
For product information, visit www.mathworks.com.
 

img1 =

dog2.pgm.atts


img2 =

dog3.pgm.atts


minGap =

    20


startTime =

11-Jul-2014 17:10:19

## Starting Data/dog2.pgm.atts

 544 longest primitives returned (236 lines, 308 arcs read, but returning only 3000 max elements for computational reasons)

 Time taken by traditional algorithm = 114.178607 (sec)
 min and max values of the distance matrix [0.174817 0.464159]
 Wanted to embed 544 magnets embedded 544 magnet
 Relaxing nanodisk array with pi/4 orientation as initial states for all disks and external field along x.
 Time Taken = 7.302000 picoseconds
 Relaxing nanodisk array with pi/4 orientation as initial states for all disks and external field along y.
 Time Taken = 7.302000 picoseconds
 Time taken by nanomagnet computing = 0.680847 (sec)
 Detection Rate 0.498484 at 0.084983 false alarm
startTime =

11-Jul-2014 17:10:19


endTIme =

11-Jul-2014 17:21:26

Elapsed time is 338.188080 seconds.

startTime =

11-Jul-2014 17:21:26

## Starting Data/dog3.pgm.atts

 619 longest primitives returned (288 lines, 331 arcs read, but returning only 3000 max elements for computational reasons)

 Time taken by traditional algorithm = 69.104664 (sec)
 min and max values of the distance matrix [0.176009 0.464159]
 Wanted to embed 619 magnets embedded 619 magnet
 Relaxing nanodisk array with pi/4 orientation as initial states for all disks and external field along x.
 Time Taken = 3.010000 picoseconds
 Relaxing nanodisk array with pi/4 orientation as initial states for all disks and external field along y.
 Time Taken = 3.010000 picoseconds
 Time taken by nanomagnet computing = 0.845595 (sec)
 Detection Rate 0.492541 at 0.098532 false alarm
startTime =

11-Jul-2014 17:21:26


endTIme =

11-Jul-2014 17:28:46

Elapsed time is 85.610765 seconds.
>> [Warning: Objects of graph2d.lineseries class exist - not clearing this class
or any of its superclasses] 
