
                            < M A T L A B (R) >
                  Copyright 1984-2012 The MathWorks, Inc.
                    R2012b (8.0.0.783) 64-bit (glnxa64)
                              August 22, 2012

 
To get started, type one of these: helpwin, helpdesk, or demo.
For product information, visit www.mathworks.com.
 

img1 =

223.pgm.atts


img2 =

56.pgm.atts


minGap =

    20


startTime =

11-Jul-2014 17:10:09

## Starting Data/223.pgm.atts

 638 longest primitives returned (254 lines, 384 arcs read, but returning only 3000 max elements for computational reasons)

 Time taken by traditional algorithm = 120.638661 (sec)
 min and max values of the distance matrix [0.168413 0.464159]
 Wanted to embed 638 magnets embedded 638 magnet
 Relaxing nanodisk array with pi/4 orientation as initial states for all disks and external field along x.
 Time Taken = 16.886000 picoseconds
 Relaxing nanodisk array with pi/4 orientation as initial states for all disks and external field along y.
 Time Taken = 16.886000 picoseconds
 Time taken by nanomagnet computing = 1.177252 (sec)
 Detection Rate 0.612180 at 0.071788 false alarm
startTime =

11-Jul-2014 17:10:09


endTIme =

11-Jul-2014 17:23:33

Elapsed time is 394.092702 seconds.

startTime =

11-Jul-2014 17:23:34

## Starting Data/56.pgm.atts

 486 longest primitives returned (233 lines, 253 arcs read, but returning only 3000 max elements for computational reasons)

 Time taken by traditional algorithm = 43.832827 (sec)
 min and max values of the distance matrix [0.163986 0.464159]
 Wanted to embed 486 magnets embedded 486 magnet
 Relaxing nanodisk array with pi/4 orientation as initial states for all disks and external field along x.
 Time Taken = 1.896000 picoseconds
 Relaxing nanodisk array with pi/4 orientation as initial states for all disks and external field along y.
 Time Taken = 1.896000 picoseconds
 Time taken by nanomagnet computing = 0.425303 (sec)
 Detection Rate 0.718008 at 0.093831 false alarm
startTime =

11-Jul-2014 17:23:34


endTIme =

11-Jul-2014 17:27:52

Elapsed time is 43.046269 seconds.
>> [Warning: Objects of graph2d.lineseries class exist - not clearing this class
or any of its superclasses] 
