
                            < M A T L A B (R) >
                  Copyright 1984-2012 The MathWorks, Inc.
                    R2012b (8.0.0.783) 64-bit (glnxa64)
                              August 22, 2012

 
To get started, type one of these: helpwin, helpdesk, or demo.
For product information, visit www.mathworks.com.
 

img1 =

S005I002.pgm.atts


img2 =

S005I003.pgm.atts


minGap =

    20


startTime =

11-Jul-2014 17:10:08

## Starting Data/S005I002.pgm.atts

 389 longest primitives returned (234 lines, 155 arcs read, but returning only 3000 max elements for computational reasons)

 Time taken by traditional algorithm = 140.180240 (sec)
 min and max values of the distance matrix [0.140263 0.464159]
 Wanted to embed 389 magnets embedded 389 magnet
 Relaxing nanodisk array with pi/4 orientation as initial states for all disks and external field along x.
 Time Taken = 6.303000 picoseconds
 Relaxing nanodisk array with pi/4 orientation as initial states for all disks and external field along y.
 Time Taken = 6.303000 picoseconds
 Time taken by nanomagnet computing = 0.299723 (sec)
 Detection Rate 0.615657 at 0.099808 false alarm
startTime =

11-Jul-2014 17:10:08


endTIme =

11-Jul-2014 17:15:31

Elapsed time is 72.098044 seconds.

startTime =

11-Jul-2014 17:15:31

## Starting Data/S005I003.pgm.atts

 381 longest primitives returned (228 lines, 153 arcs read, but returning only 3000 max elements for computational reasons)

 Time taken by traditional algorithm = 31.035834 (sec)
 min and max values of the distance matrix [0.150293 0.464159]
 Wanted to embed 381 magnets embedded 381 magnet
 Relaxing nanodisk array with pi/4 orientation as initial states for all disks and external field along x.
 Time Taken = 2.020000 picoseconds
 Relaxing nanodisk array with pi/4 orientation as initial states for all disks and external field along y.
 Time Taken = 2.020000 picoseconds
 Time taken by nanomagnet computing = 0.261285 (sec)
 Detection Rate 0.564118 at 0.092061 false alarm
startTime =

11-Jul-2014 17:15:31


endTIme =

11-Jul-2014 17:18:20

Elapsed time is 31.298794 seconds.
>> [Warning: Objects of graph2d.lineseries class exist - not clearing this class
or any of its superclasses] 
