
                            < M A T L A B (R) >
                  Copyright 1984-2012 The MathWorks, Inc.
                    R2012b (8.0.0.783) 64-bit (glnxa64)
                              August 22, 2012

 
To get started, type one of these: helpwin, helpdesk, or demo.
For product information, visit www.mathworks.com.
 

img1 =

series.pgm.atts


img2 =

tiger.pgm.atts


minGap =

    20


startTime =

11-Jul-2014 17:10:19

## Starting Data/series.pgm.atts

 630 longest primitives returned (344 lines, 286 arcs read, but returning only 3000 max elements for computational reasons)

 Time taken by traditional algorithm = 163.912221 (sec)
 min and max values of the distance matrix [0.153270 0.464159]
 Wanted to embed 630 magnets embedded 630 magnet
 Relaxing nanodisk array with pi/4 orientation as initial states for all disks and external field along x.
 Time Taken = 15.012000 picoseconds
 Relaxing nanodisk array with pi/4 orientation as initial states for all disks and external field along y.
 Time Taken = 15.012000 picoseconds
 Time taken by nanomagnet computing = 0.944208 (sec)
 Detection Rate 0.509128 at 0.087422 false alarm
startTime =

11-Jul-2014 17:10:19


endTIme =

11-Jul-2014 17:37:29

Elapsed time is 1173.065380 seconds.

startTime =

11-Jul-2014 17:37:29

## Starting Data/tiger.pgm.atts

 253 longest primitives returned (253 lines, 0 arcs read, but returning only 3000 max elements for computational reasons)

 Time taken by traditional algorithm = 17.853983 (sec)
 min and max values of the distance matrix [0.220321 0.464159]
 Wanted to embed 253 magnets embedded 253 magnet
 Relaxing nanodisk array with pi/4 orientation as initial states for all disks and external field along x.
 Time Taken = 17.757000 picoseconds
 Relaxing nanodisk array with pi/4 orientation as initial states for all disks and external field along y.
 Time Taken = 17.757000 picoseconds
 Time taken by nanomagnet computing = 0.100546 (sec)
 Detection Rate 0.791504 at 0.097679 false alarm
startTime =

11-Jul-2014 17:37:29


endTIme =

11-Jul-2014 17:39:37

Elapsed time is 62.938928 seconds.
>> [Warning: Objects of graph2d.lineseries class exist - not clearing this class
or any of its superclasses] 
