
                            < M A T L A B (R) >
                  Copyright 1984-2012 The MathWorks, Inc.
                    R2012b (8.0.0.783) 64-bit (glnxa64)
                              August 22, 2012

 
To get started, type one of these: helpwin, helpdesk, or demo.
For product information, visit www.mathworks.com.
 

img1 =

image29.pgm.atts


img2 =

image32.pgm.atts


minGap =

    20


startTime =

11-Jul-2014 17:10:20

## Starting Data/image29.pgm.atts

 194 longest primitives returned (93 lines, 101 arcs read, but returning only 3000 max elements for computational reasons)

 Time taken by traditional algorithm = 18.005362 (sec)
 min and max values of the distance matrix [0.151823 0.464159]
 Wanted to embed 194 magnets embedded 194 magnet
 Relaxing nanodisk array with pi/4 orientation as initial states for all disks and external field along x.
 Time Taken = 3.343000 picoseconds
 Relaxing nanodisk array with pi/4 orientation as initial states for all disks and external field along y.
 Time Taken = 3.343000 picoseconds
 Time taken by nanomagnet computing = 0.078805 (sec)
 Detection Rate 0.972866 at 0.099672 false alarm
startTime =

11-Jul-2014 17:10:20


endTIme =

11-Jul-2014 17:14:06

Elapsed time is 179.369117 seconds.

startTime =

11-Jul-2014 17:14:06

## Starting Data/image32.pgm.atts

 218 longest primitives returned (86 lines, 132 arcs read, but returning only 3000 max elements for computational reasons)

 Time taken by traditional algorithm = 15.401706 (sec)
 min and max values of the distance matrix [0.167709 0.464159]
 Wanted to embed 218 magnets embedded 218 magnet
 Relaxing nanodisk array with pi/4 orientation as initial states for all disks and external field along x.
 Time Taken = 11.991000 picoseconds
 Relaxing nanodisk array with pi/4 orientation as initial states for all disks and external field along y.
 Time Taken = 11.991000 picoseconds
 Time taken by nanomagnet computing = 0.074799 (sec)
 Detection Rate 0.939950 at 0.094471 false alarm
startTime =

11-Jul-2014 17:14:06


endTIme =

11-Jul-2014 17:16:24

Elapsed time is 87.123622 seconds.
>> [Warning: Objects of graph2d.lineseries class exist - not clearing this class
or any of its superclasses] 
