
                            < M A T L A B (R) >
                  Copyright 1984-2012 The MathWorks, Inc.
                    R2012b (8.0.0.783) 64-bit (glnxa64)
                              August 22, 2012

 
To get started, type one of these: helpwin, helpdesk, or demo.
For product information, visit www.mathworks.com.
 

img1 =

boatbilledheron.pgm.atts


img2 =

buildings.pgm.atts


minGap =

    20


startTime =

11-Jul-2014 17:10:00

## Starting Data/boatbilledheron.pgm.atts

 257 longest primitives returned (104 lines, 153 arcs read, but returning only 3000 max elements for computational reasons)

 Time taken by traditional algorithm = 26.227008 (sec)
 min and max values of the distance matrix [0.195008 0.464159]
 Wanted to embed 257 magnets embedded 257 magnet
 Relaxing nanodisk array with pi/4 orientation as initial states for all disks and external field along x.
 Time Taken = 27.753000 picoseconds
 Relaxing nanodisk array with pi/4 orientation as initial states for all disks and external field along y.
 Time Taken = 27.753000 picoseconds
 Time taken by nanomagnet computing = 0.161833 (sec)
 Detection Rate 0.763866 at 0.098155 false alarm
startTime =

11-Jul-2014 17:10:00


endTIme =

11-Jul-2014 17:13:36

Elapsed time is 141.263206 seconds.

startTime =

11-Jul-2014 17:13:36

## Starting Data/buildings.pgm.atts

 699 longest primitives returned (290 lines, 409 arcs read, but returning only 3000 max elements for computational reasons)

 Time taken by traditional algorithm = 224.199788 (sec)
 min and max values of the distance matrix [0.162696 0.464159]
 Wanted to embed 699 magnets embedded 699 magnet
 Relaxing nanodisk array with pi/4 orientation as initial states for all disks and external field along x.
 Time Taken = 94.808000 picoseconds
 Relaxing nanodisk array with pi/4 orientation as initial states for all disks and external field along y.
 Time Taken = 94.808000 picoseconds
 Time taken by nanomagnet computing = 1.163348 (sec)
 Detection Rate 0.501904 at 0.097112 false alarm
startTime =

11-Jul-2014 17:13:36


endTIme =

11-Jul-2014 18:08:29

Elapsed time is 2688.432108 seconds.
>> [Warning: Objects of graph2d.lineseries class exist - not clearing this class
or any of its superclasses] 
