
                            < M A T L A B (R) >
                  Copyright 1984-2012 The MathWorks, Inc.
                    R2012b (8.0.0.783) 64-bit (glnxa64)
                              August 22, 2012

 
To get started, type one of these: helpwin, helpdesk, or demo.
For product information, visit www.mathworks.com.
 

img1 =

image41.pgm.atts


img2 =

largebuilding.pgm.atts


minGap =

    20


startTime =

11-Jul-2014 17:10:13

## Starting Data/image41.pgm.atts

 210 longest primitives returned (210 lines, 0 arcs read, but returning only 3000 max elements for computational reasons)

 Time taken by traditional algorithm = 17.788963 (sec)
 min and max values of the distance matrix [0.190577 0.464159]
 Wanted to embed 210 magnets embedded 210 magnet
 Relaxing nanodisk array with pi/4 orientation as initial states for all disks and external field along x.
 Time Taken = 1.657000 picoseconds
 Relaxing nanodisk array with pi/4 orientation as initial states for all disks and external field along y.
 Time Taken = 1.657000 picoseconds
 Time taken by nanomagnet computing = 0.101244 (sec)
 Detection Rate 0.701219 at 0.093376 false alarm
startTime =

11-Jul-2014 17:10:13


endTIme =

11-Jul-2014 17:11:20

Elapsed time is 15.607420 seconds.

startTime =

11-Jul-2014 17:11:20

## Starting Data/largebuilding.pgm.atts

 1004 longest primitives returned (441 lines, 563 arcs read, but returning only 3000 max elements for computational reasons)

 Time taken by traditional algorithm = 428.204157 (sec)
 min and max values of the distance matrix [0.151453 0.464159]
 Wanted to embed 1004 magnets embedded 1004 magnet
 Relaxing nanodisk array with pi/4 orientation as initial states for all disks and external field along x.
 Time Taken = 10.488000 picoseconds
 Relaxing nanodisk array with pi/4 orientation as initial states for all disks and external field along y.
 Time Taken = 10.488000 picoseconds
 Time taken by nanomagnet computing = 2.806496 (sec)
 Detection Rate 0.516462 at 0.096556 false alarm
startTime =

11-Jul-2014 17:11:20


endTIme =

11-Jul-2014 18:03:48

Elapsed time is 1969.090130 seconds.
>> [Warning: Objects of graph2d.lineseries class exist - not clearing this class
or any of its superclasses] 
