
                            < M A T L A B (R) >
                  Copyright 1984-2012 The MathWorks, Inc.
                    R2012b (8.0.0.783) 64-bit (glnxa64)
                              August 22, 2012

 
To get started, type one of these: helpwin, helpdesk, or demo.
For product information, visit www.mathworks.com.
 

img1 =

126.pgm.atts


img2 =

131.pgm.atts


minGap =

    20


startTime =

11-Jul-2014 17:07:27

## Starting Data/126.pgm.atts

 320 longest primitives returned (146 lines, 174 arcs read, but returning only 3000 max elements for computational reasons)

 Time taken by traditional algorithm = 35.113070 (sec)
 min and max values of the distance matrix [0.167383 0.464159]
 Wanted to embed 320 magnets embedded 320 magnet
 Relaxing nanodisk array with pi/4 orientation as initial states for all disks and external field along x.
 Time Taken = 1.852000 picoseconds
 Relaxing nanodisk array with pi/4 orientation as initial states for all disks and external field along y.
 Time Taken = 1.852000 picoseconds
 Time taken by nanomagnet computing = 4.098094 (sec)
 Detection Rate 0.507862 at 0.093062 false alarm
startTime =

11-Jul-2014 17:07:27


endTIme =

11-Jul-2014 17:09:57

Elapsed time is 40.451720 seconds.

startTime =

11-Jul-2014 17:09:57

## Starting Data/131.pgm.atts

 594 longest primitives returned (284 lines, 310 arcs read, but returning only 3000 max elements for computational reasons)

 Time taken by traditional algorithm = 135.912774 (sec)
 min and max values of the distance matrix [0.143066 0.464159]
 Wanted to embed 594 magnets embedded 594 magnet
 Relaxing nanodisk array with pi/4 orientation as initial states for all disks and external field along x.
 Time Taken = 16.130000 picoseconds
 Relaxing nanodisk array with pi/4 orientation as initial states for all disks and external field along y.
 Time Taken = 16.130000 picoseconds
 Time taken by nanomagnet computing = 0.800697 (sec)
 Detection Rate 0.518963 at 0.095957 false alarm
startTime =

11-Jul-2014 17:09:57


endTIme =

11-Jul-2014 17:23:11

Elapsed time is 406.142837 seconds.
>> [Warning: Objects of graph2d.lineseries class exist - not clearing this class
or any of its superclasses] 
