
                            < M A T L A B (R) >
                  Copyright 1984-2012 The MathWorks, Inc.
                    R2012b (8.0.0.783) 64-bit (glnxa64)
                              August 22, 2012

 
To get started, type one of these: helpwin, helpdesk, or demo.
For product information, visit www.mathworks.com.
 

img1 =

golfcart.pgm.atts


img2 =

homes.pgm.atts


minGap =

    20


startTime =

11-Jul-2014 17:10:15

## Starting Data/golfcart.pgm.atts

 770 longest primitives returned (323 lines, 447 arcs read, but returning only 3000 max elements for computational reasons)

 Time taken by traditional algorithm = 268.523136 (sec)
 min and max values of the distance matrix [0.149600 0.464159]
 Wanted to embed 770 magnets embedded 770 magnet
 Relaxing nanodisk array with pi/4 orientation as initial states for all disks and external field along x.
 Time Taken = 7.125000 picoseconds
 Relaxing nanodisk array with pi/4 orientation as initial states for all disks and external field along y.
 Time Taken = 7.125000 picoseconds
 Time taken by nanomagnet computing = 1.449915 (sec)
 Detection Rate 0.586419 at 0.095664 false alarm
startTime =

11-Jul-2014 17:10:15


endTIme =

11-Jul-2014 17:29:58

Elapsed time is 478.602707 seconds.

startTime =

11-Jul-2014 17:29:58

## Starting Data/homes.pgm.atts

 954 longest primitives returned (455 lines, 499 arcs read, but returning only 3000 max elements for computational reasons)

 Time taken by traditional algorithm = 201.544427 (sec)
 min and max values of the distance matrix [0.161484 0.464159]
 Wanted to embed 954 magnets embedded 954 magnet
 Relaxing nanodisk array with pi/4 orientation as initial states for all disks and external field along x.
 Time Taken = 4.580000 picoseconds
 Relaxing nanodisk array with pi/4 orientation as initial states for all disks and external field along y.
 Time Taken = 4.580000 picoseconds
 Time taken by nanomagnet computing = 2.532860 (sec)
 Detection Rate 0.285722 at 0.090179 false alarm
startTime =

11-Jul-2014 17:29:58


endTIme =

11-Jul-2014 18:03:42

Elapsed time is 1103.430961 seconds.
>> [Warning: Objects of graph2d.lineseries class exist - not clearing this class
or any of its superclasses] 
