
                            < M A T L A B (R) >
                  Copyright 1984-2012 The MathWorks, Inc.
                    R2012b (8.0.0.783) 64-bit (glnxa64)
                              August 22, 2012

 
To get started, type one of these: helpwin, helpdesk, or demo.
For product information, visit www.mathworks.com.
 

img1 =

103.pgm.atts


img2 =

104.pgm.atts


minGap =

    20


startTime =

11-Jul-2014 17:03:09

## Starting Data/103.pgm.atts

 524 longest primitives returned (188 lines, 336 arcs read, but returning only 3000 max elements for computational reasons)

 Time taken by traditional algorithm = 86.000378 (sec)
 min and max values of the distance matrix [0.141541 0.464159]
 Wanted to embed 524 magnets embedded 524 magnet
 Relaxing nanodisk array with pi/4 orientation as initial states for all disks and external field along x.
 Time Taken = 5.315000 picoseconds
 Relaxing nanodisk array with pi/4 orientation as initial states for all disks and external field along y.
 Time Taken = 5.315000 picoseconds
 Time taken by nanomagnet computing = 1.672133 (sec)
 Detection Rate 0.826024 at 0.089898 false alarm
startTime =

11-Jul-2014 17:03:09


endTIme =

11-Jul-2014 17:13:36

Elapsed time is 341.190381 seconds.

startTime =

11-Jul-2014 17:13:36

## Starting Data/104.pgm.atts

 657 longest primitives returned (337 lines, 320 arcs read, but returning only 3000 max elements for computational reasons)

 Time taken by traditional algorithm = 124.840629 (sec)
 min and max values of the distance matrix [0.152032 0.464159]
 Wanted to embed 657 magnets embedded 657 magnet
 Relaxing nanodisk array with pi/4 orientation as initial states for all disks and external field along x.
 Time Taken = 4.760000 picoseconds
 Relaxing nanodisk array with pi/4 orientation as initial states for all disks and external field along y.