
                            < M A T L A B (R) >
                  Copyright 1984-2012 The MathWorks, Inc.
                    R2012b (8.0.0.783) 64-bit (glnxa64)
                              August 22, 2012

 
To get started, type one of these: helpwin, helpdesk, or demo.
For product information, visit www.mathworks.com.
 

img1 =

217.pgm.atts


img2 =

217095.pgm.atts


minGap =

    20


startTime =

11-Jul-2014 17:07:51

## Starting Data/217.pgm.atts

 558 longest primitives returned (211 lines, 347 arcs read, but returning only 3000 max elements for computational reasons)

 Time taken by traditional algorithm = 91.453289 (sec)
 min and max values of the distance matrix [0.136169 0.464159]
 Wanted to embed 558 magnets embedded 558 magnet
 Relaxing nanodisk array with pi/4 orientation as initial states for all disks and external field along x.
 Time Taken = 3.148000 picoseconds
 Relaxing nanodisk array with pi/4 orientation as initial states for all disks and external field along y.
 Time Taken = 3.148000 picoseconds
 Time taken by nanomagnet computing = 61.506352 (sec)
 Detection Rate 0.567439 at 0.079516 false alarm
startTime =

11-Jul-2014 17:07:51


endTIme =

11-Jul-2014 17:19:30

Elapsed time is 383.392742 seconds.

startTime =

11-Jul-2014 17:19:31

## Starting Data/217095.pgm.atts

 707 longest primitives returned (276 lines, 431 arcs read, but returning only 3000 max elements for computational reasons)

 Time taken by traditional algorithm = 89.156325 (sec)
 min and max values of the distance matrix [0.208028 0.464159]
 Wanted to embed 707 magnets embedded 707 magnet
 Relaxing nanodisk array with pi/4 orientation as initial states for all disks and external field along x.
 Time Taken = 15.767000 picoseconds
 Relaxing nanodisk array with pi/4 orientation as initial states for all disks and external field along y.
 Time Taken = 15.767000 picoseconds
 Time taken by nanomagnet computing = 1.151963 (sec)
 Detection Rate 0.278134 at 0.080331 false alarm
startTime =

11-Jul-2014 17:19:31


endTIme =

11-Jul-2014 17:39:13

Elapsed time is 727.345795 seconds.
>> [Warning: Objects of graph2d.lineseries class exist - not clearing this class
or any of its superclasses] 
