
                            < M A T L A B (R) >
                  Copyright 1984-2012 The MathWorks, Inc.
                    R2012b (8.0.0.783) 64-bit (glnxa64)
                              August 22, 2012

 
To get started, type one of these: helpwin, helpdesk, or demo.
For product information, visit www.mathworks.com.
 

img1 =

S006I019.PGM.atts


img2 =

S006I01A.PGM.atts


minGap =

   110


startTime =

13-Jul-2014 00:27:48

## Starting Data/S006I019.PGM.atts

 365 longest primitives returned (190 lines, 175 arcs read, but returning only 3000 max elements for computational reasons)

 Time taken by traditional algorithm = 153.453776 (sec)
 min and max values of the distance matrix [0.143506 0.464159]
 Wanted to embed 365 magnets embedded 365 magnet
 Relaxing nanodisk array with pi/4 orientation as initial states for all disks and external field along x.
 Time Taken = 0.348000 picoseconds
 Relaxing nanodisk array with pi/4 orientation as initial states for all disks and external field along y.
 Time Taken = 0.348000 picoseconds
 Time taken by nanomagnet computing = 0.575655 (sec)
 Detection Rate 0.626993 at 0.478142 false alarm
startTime =

13-Jul-2014 00:27:48


endTIme =

13-Jul-2014 00:32:07

Elapsed time is 10.028637 seconds.

startTime =

13-Jul-2014 00:32:07

## Starting Data/S006I01A.PGM.atts

 336 longest primitives returned (171 lines, 165 arcs read, but returning only 3000 max elements for computational reasons)

 Time taken by traditional algorithm = 25.284387 (sec)
 min and max values of the distance matrix [0.155781 0.464159]
 Wanted to embed 336 magnets embedded 336 magnet
 Relaxing nanodisk array with pi/4 orientation as initial states for all disks and external field along x.
 Time Taken = 0.348000 picoseconds
 Relaxing nanodisk array with pi/4 orientation as initial states for all disks and external field along y.
 Time Taken = 0.348000 picoseconds
 Time taken by nanomagnet computing = 0.195988 (sec)
 Detection Rate 0.653570 at 0.408587 false alarm
startTime =

13-Jul-2014 00:32:07


endTIme =

13-Jul-2014 00:34:00

Elapsed time is 5.548852 seconds.
>> [Warning: Objects of graph2d.lineseries class exist - not clearing this class
or any of its superclasses] 
