
                            < M A T L A B (R) >
                  Copyright 1984-2012 The MathWorks, Inc.
                    R2012b (8.0.0.783) 64-bit (glnxa64)
                              August 22, 2012

 
To get started, type one of these: helpwin, helpdesk, or demo.
For product information, visit www.mathworks.com.
 

img1 =

007.pgm.atts


img2 =

008.pgm.atts


minGap =

   110


startTime =

13-Jul-2014 00:27:03

## Starting Data/007.pgm.atts

 448 longest primitives returned (185 lines, 263 arcs read, but returning only 3000 max elements for computational reasons)

 Time taken by traditional algorithm = 167.414020 (sec)
 min and max values of the distance matrix [0.155914 0.464159]
 Wanted to embed 448 magnets embedded 448 magnet
 Relaxing nanodisk array with pi/4 orientation as initial states for all disks and external field along x.
 Time Taken = 0.349000 picoseconds
 Relaxing nanodisk array with pi/4 orientation as initial states for all disks and external field along y.
 Time Taken = 0.349000 picoseconds
 Time taken by nanomagnet computing = 0.421422 (sec)
 Detection Rate 0.876462 at 0.264536 false alarm
startTime =

13-Jul-2014 00:27:03


endTIme =

13-Jul-2014 00:32:26

Elapsed time is 8.356978 seconds.

startTime =

13-Jul-2014 00:32:26

## Starting Data/008.pgm.atts

 443 longest primitives returned (178 lines, 265 arcs read, but returning only 3000 max elements for computational reasons)

 Time taken by traditional algorithm = 38.031473 (sec)
 min and max values of the distance matrix [0.161151 0.464159]
 Wanted to embed 443 magnets embedded 443 magnet
 Relaxing nanodisk array with pi/4 orientation as initial states for all disks and external field along x.
 Time Taken = 0.349000 picoseconds
 Relaxing nanodisk array with pi/4 orientation as initial states for all disks and external field along y.
 Time Taken = 0.349000 picoseconds
 Time taken by nanomagnet computing = 0.388072 (sec)
 Detection Rate 0.974855 at 0.259310 false alarm
startTime =

13-Jul-2014 00:32:26


endTIme =

13-Jul-2014 00:35:33

Elapsed time is 7.906087 seconds.
>> [Warning: Objects of graph2d.lineseries class exist - not clearing this class
or any of its superclasses] 
