
                            < M A T L A B (R) >
                  Copyright 1984-2012 The MathWorks, Inc.
                    R2012b (8.0.0.783) 64-bit (glnxa64)
                              August 22, 2012

 
To get started, type one of these: helpwin, helpdesk, or demo.
For product information, visit www.mathworks.com.
 

img1 =

image29.pgm.atts


img2 =

image32.pgm.atts


minGap =

   120


startTime =

13-Jul-2014 01:47:24

## Starting Data/image29.pgm.atts

 194 longest primitives returned (93 lines, 101 arcs read, but returning only 3000 max elements for computational reasons)

 Time taken by traditional algorithm = 16.242855 (sec)
 min and max values of the distance matrix [0.151823 0.464159]
 Wanted to embed 194 magnets embedded 194 magnet
 Relaxing nanodisk array with pi/4 orientation as initial states for all disks and external field along x.
 Time Taken = 0.338000 picoseconds
 Relaxing nanodisk array with pi/4 orientation as initial states for all disks and external field along y.
 Time Taken = 0.338000 picoseconds
 Time taken by nanomagnet computing = 0.083764 (sec)
 Detection Rate 0.280148 at 0.262757 false alarm
startTime =

13-Jul-2014 01:47:24


endTIme =

13-Jul-2014 01:48:16

Elapsed time is 8.003053 seconds.

startTime =

13-Jul-2014 01:48:16

## Starting Data/image32.pgm.atts

 218 longest primitives returned (86 lines, 132 arcs read, but returning only 3000 max elements for computational reasons)

 Time taken by traditional algorithm = 15.219187 (sec)
 min and max values of the distance matrix [0.167709 0.464159]
 Wanted to embed 218 magnets embedded 218 magnet
 Relaxing nanodisk array with pi/4 orientation as initial states for all disks and external field along x.
 Time Taken = 0.340000 picoseconds
 Relaxing nanodisk array with pi/4 orientation as initial states for all disks and external field along y.
 Time Taken = 0.340000 picoseconds
 Time taken by nanomagnet computing = 0.076676 (sec)
 Detection Rate 0.600227 at 0.192263 false alarm
startTime =

13-Jul-2014 01:48:16


endTIme =

13-Jul-2014 01:51:20

Elapsed time is 134.205220 seconds.
>> [Warning: Objects of graph2d.lineseries class exist - not clearing this class
or any of its superclasses] 
