
                            < M A T L A B (R) >
                  Copyright 1984-2012 The MathWorks, Inc.
                    R2012b (8.0.0.783) 64-bit (glnxa64)
                              August 22, 2012

 
To get started, type one of these: helpwin, helpdesk, or demo.
For product information, visit www.mathworks.com.
 

img1 =

S005I008.pgm.atts


img2 =

S005I009.pgm.atts


minGap =

   110


startTime =

13-Jul-2014 00:27:49

## Starting Data/S005I008.pgm.atts

 384 longest primitives returned (217 lines, 167 arcs read, but returning only 3000 max elements for computational reasons)

 Time taken by traditional algorithm = 145.622533 (sec)
 min and max values of the distance matrix [0.164701 0.464159]
 Wanted to embed 384 magnets embedded 384 magnet
 Relaxing nanodisk array with pi/4 orientation as initial states for all disks and external field along x.
 Time Taken = 0.348000 picoseconds
 Relaxing nanodisk array with pi/4 orientation as initial states for all disks and external field along y.
 Time Taken = 0.348000 picoseconds
 Time taken by nanomagnet computing = 0.295305 (sec)
 Detection Rate 0.803012 at 0.341115 false alarm
startTime =

13-Jul-2014 00:27:49


endTIme =

13-Jul-2014 00:32:07

Elapsed time is 6.630794 seconds.

startTime =

13-Jul-2014 00:32:07

## Starting Data/S005I009.pgm.atts

 367 longest primitives returned (215 lines, 152 arcs read, but returning only 3000 max elements for computational reasons)

 Time taken by traditional algorithm = 29.100040 (sec)
 min and max values of the distance matrix [0.150971 0.464159]
 Wanted to embed 367 magnets embedded 367 magnet
 Relaxing nanodisk array with pi/4 orientation as initial states for all disks and external field along x.
 Time Taken = 0.351000 picoseconds
 Relaxing nanodisk array with pi/4 orientation as initial states for all disks and external field along y.
 Time Taken = 0.351000 picoseconds
 Time taken by nanomagnet computing = 0.264376 (sec)
 Detection Rate 0.610562 at 0.408936 false alarm
startTime =

13-Jul-2014 00:32:07


endTIme =

13-Jul-2014 00:34:21

Elapsed time is 5.819338 seconds.
>> [Warning: Objects of graph2d.lineseries class exist - not clearing this class
or any of its superclasses] 
