
                            < M A T L A B (R) >
                  Copyright 1984-2012 The MathWorks, Inc.
                    R2012b (8.0.0.783) 64-bit (glnxa64)
                              August 22, 2012

 
To get started, type one of these: helpwin, helpdesk, or demo.
For product information, visit www.mathworks.com.
 

img1 =

colobus.pgm.atts


img2 =

dog1.pgm.atts


minGap =

   110


startTime =

13-Jul-2014 00:27:57

## Starting Data/colobus.pgm.atts

 87 longest primitives returned (42 lines, 45 arcs read, but returning only 3000 max elements for computational reasons)

 Time taken by traditional algorithm = 4.509372 (sec)
 min and max values of the distance matrix [0.215282 0.464159]
 Wanted to embed 87 magnets embedded 87 magnet
 Relaxing nanodisk array with pi/4 orientation as initial states for all disks and external field along x.
 Time Taken = 0.355000 picoseconds
 Relaxing nanodisk array with pi/4 orientation as initial states for all disks and external field along y.
 Time Taken = 0.355000 picoseconds
 Time taken by nanomagnet computing = 0.043276 (sec)
 Detection Rate 0.492451 at 0.130970 false alarm
startTime =

13-Jul-2014 00:27:57


endTIme =

13-Jul-2014 00:28:16

Elapsed time is 7.972784 seconds.

startTime =

13-Jul-2014 00:28:16

## Starting Data/dog1.pgm.atts

 457 longest primitives returned (205 lines, 252 arcs read, but returning only 3000 max elements for computational reasons)

 Time taken by traditional algorithm = 62.754573 (sec)
 min and max values of the distance matrix [0.163272 0.464159]
 Wanted to embed 457 magnets embedded 457 magnet
 Relaxing nanodisk array with pi/4 orientation as initial states for all disks and external field along x.
 Time Taken = 0.349000 picoseconds
 Relaxing nanodisk array with pi/4 orientation as initial states for all disks and external field along y.
 Time Taken = 0.349000 picoseconds
 Time taken by nanomagnet computing = 0.420994 (sec)
 Detection Rate 0.976805 at 0.215832 false alarm
startTime =

13-Jul-2014 00:28:16


endTIme =

13-Jul-2014 00:31:58

Elapsed time is 8.797220 seconds.
>> [Warning: Objects of graph2d.lineseries class exist - not clearing this class
or any of its superclasses] 
