
                            < M A T L A B (R) >
                  Copyright 1984-2012 The MathWorks, Inc.
                    R2012b (8.0.0.783) 64-bit (glnxa64)
                              August 22, 2012

 
To get started, type one of these: helpwin, helpdesk, or demo.
For product information, visit www.mathworks.com.
 

img1 =

S004I007.PGM.atts


img2 =

S004I008.PGM.atts


minGap =

   120


startTime =

13-Jul-2014 01:47:30

## Starting Data/S004I007.PGM.atts

 457 longest primitives returned (212 lines, 245 arcs read, but returning only 3000 max elements for computational reasons)

 Time taken by traditional algorithm = 136.887523 (sec)
 min and max values of the distance matrix [0.160386 0.464159]
 Wanted to embed 457 magnets embedded 457 magnet
 Relaxing nanodisk array with pi/4 orientation as initial states for all disks and external field along x.
 Time Taken = 0.339000 picoseconds
 Relaxing nanodisk array with pi/4 orientation as initial states for all disks and external field along y.
 Time Taken = 0.339000 picoseconds
 Time taken by nanomagnet computing = 1.456408 (sec)
 Detection Rate 0.982270 at 0.367010 false alarm
startTime =

13-Jul-2014 01:47:30


endTIme =

13-Jul-2014 01:52:33

Elapsed time is 14.686093 seconds.

startTime =

13-Jul-2014 01:52:34

## Starting Data/S004I008.PGM.atts

 458 longest primitives returned (204 lines, 254 arcs read, but returning only 3000 max elements for computational reasons)

 Time taken by traditional algorithm = 40.893439 (sec)
 min and max values of the distance matrix [0.158826 0.464159]
 Wanted to embed 458 magnets embedded 458 magnet
 Relaxing nanodisk array with pi/4 orientation as initial states for all disks and external field along x.
 Time Taken = 0.339000 picoseconds
 Relaxing nanodisk array with pi/4 orientation as initial states for all disks and external field along y.
 Time Taken = 0.339000 picoseconds
 Time taken by nanomagnet computing = 0.423536 (sec)
 Detection Rate 0.990444 at 0.286721 false alarm
startTime =

13-Jul-2014 01:52:34


endTIme =

13-Jul-2014 01:55:57

Elapsed time is 9.459685 seconds.
>> [Warning: Objects of graph2d.lineseries class exist - not clearing this class
or any of its superclasses] 
