
                            < M A T L A B (R) >
                  Copyright 1984-2012 The MathWorks, Inc.
                    R2012b (8.0.0.783) 64-bit (glnxa64)
                              August 22, 2012

 
To get started, type one of these: helpwin, helpdesk, or demo.
For product information, visit www.mathworks.com.
 

img1 =

S006I00B.PGM.atts


img2 =

S006I00E.PGM.atts


minGap =

   110


startTime =

13-Jul-2014 00:27:57

## Starting Data/S006I00B.PGM.atts

 340 longest primitives returned (170 lines, 170 arcs read, but returning only 3000 max elements for computational reasons)

 Time taken by traditional algorithm = 36.363354 (sec)
 min and max values of the distance matrix [0.148164 0.464159]
 Wanted to embed 340 magnets embedded 340 magnet
 Relaxing nanodisk array with pi/4 orientation as initial states for all disks and external field along x.
 Time Taken = 0.348000 picoseconds
 Relaxing nanodisk array with pi/4 orientation as initial states for all disks and external field along y.
 Time Taken = 0.348000 picoseconds
 Time taken by nanomagnet computing = 136.948460 (sec)
 Detection Rate 0.789959 at 0.540120 false alarm
startTime =

13-Jul-2014 00:27:57


endTIme =

13-Jul-2014 00:32:22

Elapsed time is 145.109342 seconds.

startTime =

13-Jul-2014 00:32:23

## Starting Data/S006I00E.PGM.atts

 444 longest primitives returned (214 lines, 230 arcs read, but returning only 3000 max elements for computational reasons)

 Time taken by traditional algorithm = 37.846306 (sec)
 min and max values of the distance matrix [0.151784 0.464159]
 Wanted to embed 444 magnets embedded 444 magnet
 Relaxing nanodisk array with pi/4 orientation as initial states for all disks and external field along x.
 Time Taken = 0.349000 picoseconds
 Relaxing nanodisk array with pi/4 orientation as initial states for all disks and external field along y.
 Time Taken = 0.349000 picoseconds
 Time taken by nanomagnet computing = 0.394680 (sec)
 Detection Rate 0.964879 at 0.306618 false alarm
startTime =

13-Jul-2014 00:32:23


endTIme =

13-Jul-2014 00:35:30

Elapsed time is 7.551223 seconds.
>> [Warning: Objects of graph2d.lineseries class exist - not clearing this class
or any of its superclasses] 
