
                            < M A T L A B (R) >
                  Copyright 1984-2012 The MathWorks, Inc.
                    R2012b (8.0.0.783) 64-bit (glnxa64)
                              August 22, 2012

 
To get started, type one of these: helpwin, helpdesk, or demo.
For product information, visit www.mathworks.com.
 

img1 =

boatbilledheron.pgm.atts


img2 =

buildings.pgm.atts


minGap =

   110


startTime =

13-Jul-2014 00:27:53

## Starting Data/boatbilledheron.pgm.atts

 257 longest primitives returned (104 lines, 153 arcs read, but returning only 3000 max elements for computational reasons)

 Time taken by traditional algorithm = 23.474235 (sec)
 min and max values of the distance matrix [0.195008 0.464159]
 Wanted to embed 257 magnets embedded 257 magnet
 Relaxing nanodisk array with pi/4 orientation as initial states for all disks and external field along x.
 Time Taken = 0.356000 picoseconds
 Relaxing nanodisk array with pi/4 orientation as initial states for all disks and external field along y.
 Time Taken = 0.356000 picoseconds
 Time taken by nanomagnet computing = 138.391440 (sec)
 Detection Rate 0.689541 at 0.209003 false alarm
startTime =

13-Jul-2014 00:27:53


endTIme =

13-Jul-2014 00:31:28

Elapsed time is 144.085001 seconds.

startTime =

13-Jul-2014 00:31:28

## Starting Data/buildings.pgm.atts

 699 longest primitives returned (290 lines, 409 arcs read, but returning only 3000 max elements for computational reasons)

 Time taken by traditional algorithm = 180.247529 (sec)
 min and max values of the distance matrix [0.162696 0.464159]