
                            < M A T L A B (R) >
                  Copyright 1984-2012 The MathWorks, Inc.
                    R2012b (8.0.0.783) 64-bit (glnxa64)
                              August 22, 2012

 
To get started, type one of these: helpwin, helpdesk, or demo.
For product information, visit www.mathworks.com.
 

img1 =

rhino.pgm.atts


img2 =

school.pgm.atts


minGap =

   110


startTime =

13-Jul-2014 00:27:57

## Starting Data/rhino.pgm.atts

 291 longest primitives returned (103 lines, 188 arcs read, but returning only 3000 max elements for computational reasons)

 Time taken by traditional algorithm = 28.662088 (sec)
 min and max values of the distance matrix [0.183472 0.464159]
 Wanted to embed 291 magnets embedded 291 magnet
 Relaxing nanodisk array with pi/4 orientation as initial states for all disks and external field along x.
 Time Taken = 0.348000 picoseconds
 Relaxing nanodisk array with pi/4 orientation as initial states for all disks and external field along y.
 Time Taken = 0.348000 picoseconds
 Time taken by nanomagnet computing = 144.252197 (sec)
 Detection Rate 0.718694 at 0.165232 false alarm
startTime =

13-Jul-2014 00:27:57


endTIme =

13-Jul-2014 00:32:02

Elapsed time is 153.999384 seconds.

startTime =

13-Jul-2014 00:32:02

## Starting Data/school.pgm.atts

 534 longest primitives returned (264 lines, 270 arcs read, but returning only 3000 max elements for computational reasons)

 Time taken by traditional algorithm = 51.810353 (sec)
 min and max values of the distance matrix [0.133500 0.464159]