
                            < M A T L A B (R) >
                  Copyright 1984-2012 The MathWorks, Inc.
                    R2012b (8.0.0.783) 64-bit (glnxa64)
                              August 22, 2012

 
To get started, type one of these: helpwin, helpdesk, or demo.
For product information, visit www.mathworks.com.
 

img1 =

010.pgm.atts


img2 =

019.pgm.atts


minGap =

   110


startTime =

13-Jul-2014 00:27:00

## Starting Data/010.pgm.atts

 399 longest primitives returned (146 lines, 253 arcs read, but returning only 3000 max elements for computational reasons)

 Time taken by traditional algorithm = 49.447512 (sec)
 min and max values of the distance matrix [0.183615 0.464159]
 Wanted to embed 399 magnets embedded 399 magnet
 Relaxing nanodisk array with pi/4 orientation as initial states for all disks and external field along x.
 Time Taken = 0.350000 picoseconds
 Relaxing nanodisk array with pi/4 orientation as initial states for all disks and external field along y.
 Time Taken = 0.350000 picoseconds
 Time taken by nanomagnet computing = 130.302209 (sec)
 Detection Rate 0.808999 at 0.250332 false alarm
startTime =

13-Jul-2014 00:27:00


endTIme =

13-Jul-2014 00:32:10

Elapsed time is 143.297158 seconds.

startTime =

13-Jul-2014 00:32:10

## Starting Data/019.pgm.atts

 541 longest primitives returned (224 lines, 317 arcs read, but returning only 3000 max elements for computational reasons)

 Time taken by traditional algorithm = 54.522080 (sec)
 min and max values of the distance matrix [0.127266 0.464159]