
                            < M A T L A B (R) >
                  Copyright 1984-2012 The MathWorks, Inc.
                    R2012b (8.0.0.783) 64-bit (glnxa64)
                              August 22, 2012

 
To get started, type one of these: helpwin, helpdesk, or demo.
For product information, visit www.mathworks.com.
 

img1 =

S004I001.PGM.atts


img2 =

S004I003.PGM.atts


minGap =

   120


startTime =

13-Jul-2014 01:47:22

## Starting Data/S004I001.PGM.atts

 408 longest primitives returned (183 lines, 225 arcs read, but returning only 3000 max elements for computational reasons)

 Time taken by traditional algorithm = 167.446803 (sec)
 min and max values of the distance matrix [0.143827 0.464159]
 Wanted to embed 408 magnets embedded 408 magnet
 Relaxing nanodisk array with pi/4 orientation as initial states for all disks and external field along x.
 Time Taken = 0.339000 picoseconds
 Relaxing nanodisk array with pi/4 orientation as initial states for all disks and external field along y.
 Time Taken = 0.339000 picoseconds
 Time taken by nanomagnet computing = 0.334131 (sec)
 Detection Rate 0.988525 at 0.311353 false alarm
startTime =

13-Jul-2014 01:47:22


endTIme =

13-Jul-2014 01:52:18

Elapsed time is 7.199391 seconds.

startTime =

13-Jul-2014 01:52:18

## Starting Data/S004I003.PGM.atts

 383 longest primitives returned (167 lines, 216 arcs read, but returning only 3000 max elements for computational reasons)

 Time taken by traditional algorithm = 30.674681 (sec)
 min and max values of the distance matrix [0.147216 0.464159]
 Wanted to embed 383 magnets embedded 383 magnet
 Relaxing nanodisk array with pi/4 orientation as initial states for all disks and external field along x.
 Time Taken = 0.344000 picoseconds
 Relaxing nanodisk array with pi/4 orientation as initial states for all disks and external field along y.
 Time Taken = 0.344000 picoseconds
 Time taken by nanomagnet computing = 0.270556 (sec)
 Detection Rate 0.815931 at 0.376596 false alarm
startTime =

13-Jul-2014 01:52:18


endTIme =

13-Jul-2014 01:54:40

Elapsed time is 5.449250 seconds.
>> [Warning: Objects of graph2d.lineseries class exist - not clearing this class
or any of its superclasses] 
