
                            < M A T L A B (R) >
                  Copyright 1984-2012 The MathWorks, Inc.
                    R2012b (8.0.0.783) 64-bit (glnxa64)
                              August 22, 2012

 
To get started, type one of these: helpwin, helpdesk, or demo.
For product information, visit www.mathworks.com.
 

img1 =

S004I00C.PGM.atts


img2 =

S004I00D.PGM.atts


minGap =

   110


startTime =

13-Jul-2014 00:27:47

## Starting Data/S004I00C.PGM.atts

 361 longest primitives returned (173 lines, 188 arcs read, but returning only 3000 max elements for computational reasons)

 Time taken by traditional algorithm = 41.650189 (sec)
 min and max values of the distance matrix [0.134978 0.464159]
 Wanted to embed 361 magnets embedded 361 magnet
 Relaxing nanodisk array with pi/4 orientation as initial states for all disks and external field along x.
 Time Taken = 0.359000 picoseconds
 Relaxing nanodisk array with pi/4 orientation as initial states for all disks and external field along y.
 Time Taken = 0.359000 picoseconds
 Time taken by nanomagnet computing = 129.675457 (sec)
 Detection Rate 0.567708 at 0.489959 false alarm
startTime =

13-Jul-2014 00:27:47


endTIme =

13-Jul-2014 00:32:23

Elapsed time is 140.517397 seconds.

startTime =

13-Jul-2014 00:32:23

## Starting Data/S004I00D.PGM.atts

 455 longest primitives returned (214 lines, 241 arcs read, but returning only 3000 max elements for computational reasons)

 Time taken by traditional algorithm = 40.061482 (sec)
 min and max values of the distance matrix [0.144927 0.464159]
 Wanted to embed 455 magnets embedded 455 magnet
 Relaxing nanodisk array with pi/4 orientation as initial states for all disks and external field along x.
 Time Taken = 0.349000 picoseconds
 Relaxing nanodisk array with pi/4 orientation as initial states for all disks and external field along y.
 Time Taken = 0.349000 picoseconds
 Time taken by nanomagnet computing = 0.403999 (sec)
 Detection Rate 0.911427 at 0.257089 false alarm
startTime =

13-Jul-2014 00:32:23


endTIme =

13-Jul-2014 00:35:50

Elapsed time is 8.343239 seconds.
>> [Warning: Objects of graph2d.lineseries class exist - not clearing this class
or any of its superclasses] 
