
                            < M A T L A B (R) >
                  Copyright 1984-2012 The MathWorks, Inc.
                    R2012b (8.0.0.783) 64-bit (glnxa64)
                              August 22, 2012

 
To get started, type one of these: helpwin, helpdesk, or demo.
For product information, visit www.mathworks.com.
 

img1 =

image35.pgm.atts


img2 =

image36.pgm.atts


minGap =

   120


startTime =

13-Jul-2014 01:47:38

## Starting Data/image35.pgm.atts

 116 longest primitives returned (49 lines, 67 arcs read, but returning only 3000 max elements for computational reasons)

 Time taken by traditional algorithm = 4.396669 (sec)
 min and max values of the distance matrix [0.170626 0.464159]
 Wanted to embed 116 magnets embedded 116 magnet
 Relaxing nanodisk array with pi/4 orientation as initial states for all disks and external field along x.
 Time Taken = 0.340000 picoseconds
 Relaxing nanodisk array with pi/4 orientation as initial states for all disks and external field along y.
 Time Taken = 0.340000 picoseconds
 Time taken by nanomagnet computing = 0.044492 (sec)
 Detection Rate 0.615649 at 0.248018 false alarm
startTime =

13-Jul-2014 01:47:38


endTIme =

13-Jul-2014 01:47:59

Elapsed time is 5.100722 seconds.

startTime =

13-Jul-2014 01:47:59

## Starting Data/image36.pgm.atts

 168 longest primitives returned (75 lines, 93 arcs read, but returning only 3000 max elements for computational reasons)

 Time taken by traditional algorithm = 12.231762 (sec)
 min and max values of the distance matrix [0.153558 0.464159]
 Wanted to embed 168 magnets embedded 168 magnet
 Relaxing nanodisk array with pi/4 orientation as initial states for all disks and external field along x.
 Time Taken = 0.339000 picoseconds
 Relaxing nanodisk array with pi/4 orientation as initial states for all disks and external field along y.
 Time Taken = 0.339000 picoseconds
 Time taken by nanomagnet computing = 0.046231 (sec)
 Detection Rate 0.407502 at 0.273341 false alarm
startTime =

13-Jul-2014 01:47:59


endTIme =

13-Jul-2014 01:48:33

Elapsed time is 1.146486 seconds.
>> [Warning: Objects of graph2d.lineseries class exist - not clearing this class
or any of its superclasses] 
