
                            < M A T L A B (R) >
                  Copyright 1984-2012 The MathWorks, Inc.
                    R2012b (8.0.0.783) 64-bit (glnxa64)
                              August 22, 2012

 
To get started, type one of these: helpwin, helpdesk, or demo.
For product information, visit www.mathworks.com.
 

img1 =

S006I009.PGM.atts


img2 =

S006I00A.PGM.atts


minGap =

   100


startTime =

12-Jul-2014 22:48:43

## Starting Data/S006I009.PGM.atts

 406 longest primitives returned (213 lines, 193 arcs read, but returning only 3000 max elements for computational reasons)

 Time taken by traditional algorithm = 160.957708 (sec)
 min and max values of the distance matrix [0.165035 0.464159]
 Wanted to embed 406 magnets embedded 406 magnet
 Relaxing nanodisk array with pi/4 orientation as initial states for all disks and external field along x.
 Time Taken = 0.362000 picoseconds
 Relaxing nanodisk array with pi/4 orientation as initial states for all disks and external field along y.
 Time Taken = 0.362000 picoseconds
 Time taken by nanomagnet computing = 0.300537 (sec)
 Detection Rate 0.922560 at 0.184785 false alarm
startTime =

12-Jul-2014 22:48:43


endTIme =

12-Jul-2014 22:53:19

Elapsed time is 6.686961 seconds.

startTime =

12-Jul-2014 22:53:19

## Starting Data/S006I00A.PGM.atts

 429 longest primitives returned (219 lines, 210 arcs read, but returning only 3000 max elements for computational reasons)

 Time taken by traditional algorithm = 31.896456 (sec)
 min and max values of the distance matrix [0.192804 0.464159]
 Wanted to embed 429 magnets embedded 429 magnet
 Relaxing nanodisk array with pi/4 orientation as initial states for all disks and external field along x.
 Time Taken = 0.362000 picoseconds
 Relaxing nanodisk array with pi/4 orientation as initial states for all disks and external field along y.
 Time Taken = 0.362000 picoseconds
 Time taken by nanomagnet computing = 0.314582 (sec)
 Detection Rate 0.943733 at 0.215261 false alarm
startTime =

12-Jul-2014 22:53:19


endTIme =

12-Jul-2014 22:55:56

Elapsed time is 6.504834 seconds.
>> [Warning: Objects of graph2d.lineseries class exist - not clearing this class
or any of its superclasses] 
