
                            < M A T L A B (R) >
                  Copyright 1984-2012 The MathWorks, Inc.
                    R2012b (8.0.0.783) 64-bit (glnxa64)
                              August 22, 2012

 
To get started, type one of these: helpwin, helpdesk, or demo.
For product information, visit www.mathworks.com.
 

img1 =

S003I005.PGM.atts


img2 =

S003I007.pgm.atts


minGap =

   100


startTime =

12-Jul-2014 22:48:48

## Starting Data/S003I005.PGM.atts

 425 longest primitives returned (210 lines, 215 arcs read, but returning only 3000 max elements for computational reasons)

 Time taken by traditional algorithm = 180.946420 (sec)
 min and max values of the distance matrix [0.157060 0.464159]
 Wanted to embed 425 magnets embedded 425 magnet
 Relaxing nanodisk array with pi/4 orientation as initial states for all disks and external field along x.
 Time Taken = 0.362000 picoseconds
 Relaxing nanodisk array with pi/4 orientation as initial states for all disks and external field along y.
 Time Taken = 0.362000 picoseconds
 Time taken by nanomagnet computing = 0.371712 (sec)
 Detection Rate 0.825709 at 0.326485 false alarm
startTime =

12-Jul-2014 22:48:48


endTIme =

12-Jul-2014 22:54:07

Elapsed time is 8.194410 seconds.

startTime =

12-Jul-2014 22:54:07

## Starting Data/S003I007.pgm.atts

 373 longest primitives returned (207 lines, 166 arcs read, but returning only 3000 max elements for computational reasons)

 Time taken by traditional algorithm = 29.411550 (sec)
 min and max values of the distance matrix [0.153554 0.464159]
 Wanted to embed 373 magnets embedded 373 magnet
 Relaxing nanodisk array with pi/4 orientation as initial states for all disks and external field along x.
 Time Taken = 0.366000 picoseconds
 Relaxing nanodisk array with pi/4 orientation as initial states for all disks and external field along y.
 Time Taken = 0.366000 picoseconds
 Time taken by nanomagnet computing = 0.262682 (sec)
 Detection Rate 0.844099 at 0.341969 false alarm
startTime =

12-Jul-2014 22:54:07


endTIme =

12-Jul-2014 22:56:23

Elapsed time is 5.870676 seconds.
>> [Warning: Objects of graph2d.lineseries class exist - not clearing this class
or any of its superclasses] 
