
                            < M A T L A B (R) >
                  Copyright 1984-2012 The MathWorks, Inc.
                    R2012b (8.0.0.783) 64-bit (glnxa64)
                              August 22, 2012

 
To get started, type one of these: helpwin, helpdesk, or demo.
For product information, visit www.mathworks.com.
 

img1 =

colobus.pgm.atts


img2 =

dog1.pgm.atts


minGap =

   100


startTime =

12-Jul-2014 22:48:47

## Starting Data/colobus.pgm.atts

 87 longest primitives returned (42 lines, 45 arcs read, but returning only 3000 max elements for computational reasons)

 Time taken by traditional algorithm = 4.327117 (sec)
 min and max values of the distance matrix [0.215282 0.464159]
 Wanted to embed 87 magnets embedded 87 magnet
 Relaxing nanodisk array with pi/4 orientation as initial states for all disks and external field along x.
 Time Taken = 0.351000 picoseconds
 Relaxing nanodisk array with pi/4 orientation as initial states for all disks and external field along y.
 Time Taken = 0.351000 picoseconds
 Time taken by nanomagnet computing = 0.430879 (sec)
 Detection Rate 0.499641 at 0.101428 false alarm
startTime =

12-Jul-2014 22:48:47


endTIme =

12-Jul-2014 22:49:07

Elapsed time is 8.246501 seconds.

startTime =

12-Jul-2014 22:49:07

## Starting Data/dog1.pgm.atts

 457 longest primitives returned (205 lines, 252 arcs read, but returning only 3000 max elements for computational reasons)

 Time taken by traditional algorithm = 63.237950 (sec)
 min and max values of the distance matrix [0.163272 0.464159]
 Wanted to embed 457 magnets embedded 457 magnet
 Relaxing nanodisk array with pi/4 orientation as initial states for all disks and external field along x.
 Time Taken = 0.362000 picoseconds
 Relaxing nanodisk array with pi/4 orientation as initial states for all disks and external field along y.
 Time Taken = 0.362000 picoseconds
 Time taken by nanomagnet computing = 0.417941 (sec)
 Detection Rate 0.958746 at 0.221710 false alarm
startTime =

12-Jul-2014 22:49:07


endTIme =

12-Jul-2014 22:53:03

Elapsed time is 21.025502 seconds.
>> [Warning: Objects of graph2d.lineseries class exist - not clearing this class
or any of its superclasses] 
