
                            < M A T L A B (R) >
                  Copyright 1984-2012 The MathWorks, Inc.
                    R2012b (8.0.0.783) 64-bit (glnxa64)
                              August 22, 2012

 
To get started, type one of these: helpwin, helpdesk, or demo.
For product information, visit www.mathworks.com.
 

img1 =

105.pgm.atts


img2 =

108.pgm.atts


minGap =

   100


startTime =

12-Jul-2014 22:48:42

## Starting Data/105.pgm.atts

 544 longest primitives returned (247 lines, 297 arcs read, but returning only 3000 max elements for computational reasons)

 Time taken by traditional algorithm = 138.749886 (sec)
 min and max values of the distance matrix [0.150419 0.464159]
 Wanted to embed 544 magnets embedded 544 magnet
 Relaxing nanodisk array with pi/4 orientation as initial states for all disks and external field along x.
 Time Taken = 0.363000 picoseconds
 Relaxing nanodisk array with pi/4 orientation as initial states for all disks and external field along y.
 Time Taken = 0.363000 picoseconds
 Time taken by nanomagnet computing = 0.652608 (sec)
 Detection Rate 0.912213 at 0.240971 false alarm
startTime =

12-Jul-2014 22:48:42


endTIme =

12-Jul-2014 22:54:48

Elapsed time is 13.069247 seconds.

startTime =

12-Jul-2014 22:54:48

## Starting Data/108.pgm.atts

 772 longest primitives returned (320 lines, 452 arcs read, but returning only 3000 max elements for computational reasons)

 Time taken by traditional algorithm = 114.867604 (sec)
 min and max values of the distance matrix [0.149737 0.464159]