
                            < M A T L A B (R) >
                  Copyright 1984-2012 The MathWorks, Inc.
                    R2012b (8.0.0.783) 64-bit (glnxa64)
                              August 22, 2012

 
To get started, type one of these: helpwin, helpdesk, or demo.
For product information, visit www.mathworks.com.
 

img1 =

image41.pgm.atts


img2 =

largebuilding.pgm.atts


minGap =

   100


startTime =

12-Jul-2014 22:48:38

## Starting Data/image41.pgm.atts

 210 longest primitives returned (210 lines, 0 arcs read, but returning only 3000 max elements for computational reasons)

 Time taken by traditional algorithm = 19.368649 (sec)
 min and max values of the distance matrix [0.190577 0.464159]
 Wanted to embed 210 magnets embedded 210 magnet
 Relaxing nanodisk array with pi/4 orientation as initial states for all disks and external field along x.
 Time Taken = 0.363000 picoseconds
 Relaxing nanodisk array with pi/4 orientation as initial states for all disks and external field along y.
 Time Taken = 0.363000 picoseconds
 Time taken by nanomagnet computing = 0.111344 (sec)
 Detection Rate 0.734486 at 0.099487 false alarm
startTime =

12-Jul-2014 22:48:38


endTIme =

12-Jul-2014 22:49:39

Elapsed time is 9.647150 seconds.

startTime =

12-Jul-2014 22:49:39

## Starting Data/largebuilding.pgm.atts

 1004 longest primitives returned (441 lines, 563 arcs read, but returning only 3000 max elements for computational reasons)

 Time taken by traditional algorithm = 349.362710 (sec)
 min and max values of the distance matrix [0.151453 0.464159]