
                            < M A T L A B (R) >
                  Copyright 1984-2012 The MathWorks, Inc.
                    R2012b (8.0.0.783) 64-bit (glnxa64)
                              August 22, 2012

 
To get started, type one of these: helpwin, helpdesk, or demo.
For product information, visit www.mathworks.com.
 

img1 =

dog2.pgm.atts


img2 =

dog3.pgm.atts


minGap =

   100


startTime =

12-Jul-2014 22:48:47

## Starting Data/dog2.pgm.atts

 544 longest primitives returned (236 lines, 308 arcs read, but returning only 3000 max elements for computational reasons)

 Time taken by traditional algorithm = 116.394367 (sec)
 min and max values of the distance matrix [0.174817 0.464159]
 Wanted to embed 544 magnets embedded 544 magnet
 Relaxing nanodisk array with pi/4 orientation as initial states for all disks and external field along x.
 Time Taken = 0.363000 picoseconds
 Relaxing nanodisk array with pi/4 orientation as initial states for all disks and external field along y.
 Time Taken = 0.363000 picoseconds
 Time taken by nanomagnet computing = 0.660727 (sec)
 Detection Rate 0.971479 at 0.180571 false alarm
startTime =

12-Jul-2014 22:48:47


endTIme =

12-Jul-2014 22:54:27

Elapsed time is 13.536828 seconds.

startTime =

12-Jul-2014 22:54:27

## Starting Data/dog3.pgm.atts

 619 longest primitives returned (288 lines, 331 arcs read, but returning only 3000 max elements for computational reasons)

 Time taken by traditional algorithm = 69.949401 (sec)
 min and max values of the distance matrix [0.176009 0.464159]