
                            < M A T L A B (R) >
                  Copyright 1984-2012 The MathWorks, Inc.
                    R2012b (8.0.0.783) 64-bit (glnxa64)
                              August 22, 2012

 
To get started, type one of these: helpwin, helpdesk, or demo.
For product information, visit www.mathworks.com.
 

img1 =

S005I00C.PGM.atts


img2 =

S006I008.PGM.atts


minGap =

    90


startTime =

12-Jul-2014 21:11:29

## Starting Data/S005I00C.PGM.atts

 455 longest primitives returned (255 lines, 200 arcs read, but returning only 3000 max elements for computational reasons)

 Time taken by traditional algorithm = 138.997238 (sec)
 min and max values of the distance matrix [0.159123 0.464159]
 Wanted to embed 455 magnets embedded 455 magnet
 Relaxing nanodisk array with pi/4 orientation as initial states for all disks and external field along x.
 Time Taken = 0.382000 picoseconds
 Relaxing nanodisk array with pi/4 orientation as initial states for all disks and external field along y.
 Time Taken = 0.382000 picoseconds
 Time taken by nanomagnet computing = 0.430729 (sec)
 Detection Rate 0.803603 at 0.567022 false alarm
startTime =

12-Jul-2014 21:11:29


endTIme =

12-Jul-2014 21:16:27

Elapsed time is 10.967759 seconds.

startTime =

12-Jul-2014 21:16:27

## Starting Data/S006I008.PGM.atts

 341 longest primitives returned (183 lines, 158 arcs read, but returning only 3000 max elements for computational reasons)

 Time taken by traditional algorithm = 26.060727 (sec)
 min and max values of the distance matrix [0.136955 0.464159]
 Wanted to embed 341 magnets embedded 341 magnet
 Relaxing nanodisk array with pi/4 orientation as initial states for all disks and external field along x.
 Time Taken = 0.382000 picoseconds
 Relaxing nanodisk array with pi/4 orientation as initial states for all disks and external field along y.
 Time Taken = 0.382000 picoseconds
 Time taken by nanomagnet computing = 0.212108 (sec)
 Detection Rate 0.617315 at 0.432081 false alarm
startTime =

12-Jul-2014 21:16:27


endTIme =

12-Jul-2014 21:18:24

Elapsed time is 5.735163 seconds.
>> [Warning: Objects of graph2d.lineseries class exist - not clearing this class
or any of its superclasses] 
