
                            < M A T L A B (R) >
                  Copyright 1984-2012 The MathWorks, Inc.
                    R2012b (8.0.0.783) 64-bit (glnxa64)
                              August 22, 2012

 
To get started, type one of these: helpwin, helpdesk, or demo.
For product information, visit www.mathworks.com.
 

img1 =

010.pgm.atts


img2 =

019.pgm.atts


minGap =

    90


startTime =

12-Jul-2014 21:07:54

## Starting Data/010.pgm.atts

 399 longest primitives returned (146 lines, 253 arcs read, but returning only 3000 max elements for computational reasons)

 Time taken by traditional algorithm = 50.484734 (sec)
 min and max values of the distance matrix [0.183615 0.464159]
 Wanted to embed 399 magnets embedded 399 magnet
 Relaxing nanodisk array with pi/4 orientation as initial states for all disks and external field along x.
 Time Taken = 0.389000 picoseconds
 Relaxing nanodisk array with pi/4 orientation as initial states for all disks and external field along y.
 Time Taken = 0.389000 picoseconds
 Time taken by nanomagnet computing = 0.713364 (sec)
 Detection Rate 0.671239 at 0.263109 false alarm
startTime =

12-Jul-2014 21:07:54


endTIme =

12-Jul-2014 21:10:58

Elapsed time is 14.637566 seconds.

startTime =

12-Jul-2014 21:10:58

## Starting Data/019.pgm.atts

 541 longest primitives returned (224 lines, 317 arcs read, but returning only 3000 max elements for computational reasons)

 Time taken by traditional algorithm = 54.787710 (sec)
 min and max values of the distance matrix [0.127266 0.464159]
 Wanted to embed 541 magnets embedded 541 magnet
 Relaxing nanodisk array with pi/4 orientation as initial states for all disks and external field along x.
 Time Taken = 0.382000 picoseconds
 Relaxing nanodisk array with pi/4 orientation as initial states for all disks and external field along y.
 Time Taken = 0.382000 picoseconds
 Time taken by nanomagnet computing = 0.610902 (sec)
 Detection Rate 0.762177 at 0.246247 false alarm
startTime =

12-Jul-2014 21:10:58


endTIme =

12-Jul-2014 21:15:36

Elapsed time is 13.410488 seconds.
>> [Warning: Objects of graph2d.lineseries class exist - not clearing this class
or any of its superclasses] 
