
                            < M A T L A B (R) >
                  Copyright 1984-2012 The MathWorks, Inc.
                    R2012b (8.0.0.783) 64-bit (glnxa64)
                              August 22, 2012

 
To get started, type one of these: helpwin, helpdesk, or demo.
For product information, visit www.mathworks.com.
 

img1 =

007.pgm.atts


img2 =

008.pgm.atts


minGap =

    90


startTime =

12-Jul-2014 21:07:50

## Starting Data/007.pgm.atts

 448 longest primitives returned (185 lines, 263 arcs read, but returning only 3000 max elements for computational reasons)

 Time taken by traditional algorithm = 62.056186 (sec)
 min and max values of the distance matrix [0.155914 0.464159]
 Wanted to embed 448 magnets embedded 448 magnet
 Relaxing nanodisk array with pi/4 orientation as initial states for all disks and external field along x.
 Time Taken = 0.381000 picoseconds
 Relaxing nanodisk array with pi/4 orientation as initial states for all disks and external field along y.
 Time Taken = 0.381000 picoseconds
 Time taken by nanomagnet computing = 0.421266 (sec)
 Detection Rate 0.813744 at 0.277394 false alarm
startTime =

12-Jul-2014 21:07:50


endTIme =

12-Jul-2014 21:11:25

Elapsed time is 9.764420 seconds.

startTime =

12-Jul-2014 21:11:25

## Starting Data/008.pgm.atts

 443 longest primitives returned (178 lines, 265 arcs read, but returning only 3000 max elements for computational reasons)

 Time taken by traditional algorithm = 38.146459 (sec)
 min and max values of the distance matrix [0.161151 0.464159]
 Wanted to embed 443 magnets embedded 443 magnet
 Relaxing nanodisk array with pi/4 orientation as initial states for all disks and external field along x.
 Time Taken = 0.381000 picoseconds
 Relaxing nanodisk array with pi/4 orientation as initial states for all disks and external field along y.
 Time Taken = 0.381000 picoseconds
 Time taken by nanomagnet computing = 0.378646 (sec)
 Detection Rate 0.825987 at 0.266685 false alarm
startTime =

12-Jul-2014 21:11:25


endTIme =

12-Jul-2014 21:14:42

Elapsed time is 18.585498 seconds.
>> [Warning: Objects of graph2d.lineseries class exist - not clearing this class
or any of its superclasses] 
