
                            < M A T L A B (R) >
                  Copyright 1984-2012 The MathWorks, Inc.
                    R2012b (8.0.0.783) 64-bit (glnxa64)
                              August 22, 2012

 
To get started, type one of these: helpwin, helpdesk, or demo.
For product information, visit www.mathworks.com.
 

img1 =

image13.pgm.atts


img2 =

image15.pgm.atts


minGap =

    90


startTime =

12-Jul-2014 21:11:05

## Starting Data/image13.pgm.atts

 202 longest primitives returned (80 lines, 122 arcs read, but returning only 3000 max elements for computational reasons)

 Time taken by traditional algorithm = 17.802835 (sec)
 min and max values of the distance matrix [0.221586 0.464159]
 Wanted to embed 202 magnets embedded 202 magnet
 Relaxing nanodisk array with pi/4 orientation as initial states for all disks and external field along x.
 Time Taken = 0.381000 picoseconds
 Relaxing nanodisk array with pi/4 orientation as initial states for all disks and external field along y.
 Time Taken = 0.381000 picoseconds
 Time taken by nanomagnet computing = 0.571419 (sec)
 Detection Rate 0.357529 at 0.314445 false alarm
startTime =

12-Jul-2014 21:11:05


endTIme =

12-Jul-2014 21:12:02

Elapsed time is 9.918599 seconds.

startTime =

12-Jul-2014 21:12:02

## Starting Data/image15.pgm.atts

 228 longest primitives returned (93 lines, 135 arcs read, but returning only 3000 max elements for computational reasons)

 Time taken by traditional algorithm = 15.917865 (sec)
 min and max values of the distance matrix [0.209767 0.464159]
 Wanted to embed 228 magnets embedded 228 magnet
 Relaxing nanodisk array with pi/4 orientation as initial states for all disks and external field along x.
 Time Taken = 0.382000 picoseconds
 Relaxing nanodisk array with pi/4 orientation as initial states for all disks and external field along y.
 Time Taken = 0.382000 picoseconds
 Time taken by nanomagnet computing = 0.085204 (sec)
 Detection Rate 0.609339 at 0.194052 false alarm
startTime =

12-Jul-2014 21:12:02


endTIme =

12-Jul-2014 21:15:30

Elapsed time is 153.736471 seconds.
>> [Warning: Objects of graph2d.lineseries class exist - not clearing this class
or any of its superclasses] 
