
                            < M A T L A B (R) >
                  Copyright 1984-2012 The MathWorks, Inc.
                    R2012b (8.0.0.783) 64-bit (glnxa64)
                              August 22, 2012

 
To get started, type one of these: helpwin, helpdesk, or demo.
For product information, visit www.mathworks.com.
 

img1 =

image24.pgm.atts


img2 =

image25.pgm.atts


minGap =

    90


startTime =

12-Jul-2014 21:11:03

## Starting Data/image24.pgm.atts

 321 longest primitives returned (111 lines, 210 arcs read, but returning only 3000 max elements for computational reasons)

 Time taken by traditional algorithm = 193.052633 (sec)
 min and max values of the distance matrix [0.170211 0.464159]
 Wanted to embed 321 magnets embedded 321 magnet
 Relaxing nanodisk array with pi/4 orientation as initial states for all disks and external field along x.
 Time Taken = 0.380000 picoseconds
 Relaxing nanodisk array with pi/4 orientation as initial states for all disks and external field along y.
 Time Taken = 0.380000 picoseconds
 Time taken by nanomagnet computing = 0.203687 (sec)
 Detection Rate 0.743303 at 0.227664 false alarm
startTime =

12-Jul-2014 21:11:03


endTIme =

12-Jul-2014 21:15:36

Elapsed time is 5.362263 seconds.

startTime =

12-Jul-2014 21:15:36

## Starting Data/image25.pgm.atts

 236 longest primitives returned (100 lines, 136 arcs read, but returning only 3000 max elements for computational reasons)

 Time taken by traditional algorithm = 16.475331 (sec)
 min and max values of the distance matrix [0.204975 0.464159]
 Wanted to embed 236 magnets embedded 236 magnet
 Relaxing nanodisk array with pi/4 orientation as initial states for all disks and external field along x.
 Time Taken = 0.388000 picoseconds
 Relaxing nanodisk array with pi/4 orientation as initial states for all disks and external field along y.
 Time Taken = 0.388000 picoseconds
 Time taken by nanomagnet computing = 0.089161 (sec)
 Detection Rate 0.535678 at 0.160314 false alarm
startTime =

12-Jul-2014 21:15:36


endTIme =

12-Jul-2014 21:16:36

Elapsed time is 2.595673 seconds.
>> [Warning: Objects of graph2d.lineseries class exist - not clearing this class
or any of its superclasses] 
