
                            < M A T L A B (R) >
                  Copyright 1984-2012 The MathWorks, Inc.
                    R2012b (8.0.0.783) 64-bit (glnxa64)
                              August 22, 2012

 
To get started, type one of these: helpwin, helpdesk, or demo.
For product information, visit www.mathworks.com.
 

img1 =

S004I001.PGM.atts


img2 =

S004I003.PGM.atts


minGap =

    90


startTime =

12-Jul-2014 21:11:04

## Starting Data/S004I001.PGM.atts

 408 longest primitives returned (183 lines, 225 arcs read, but returning only 3000 max elements for computational reasons)

 Time taken by traditional algorithm = 139.102652 (sec)
 min and max values of the distance matrix [0.143827 0.464159]
 Wanted to embed 408 magnets embedded 408 magnet
 Relaxing nanodisk array with pi/4 orientation as initial states for all disks and external field along x.
 Time Taken = 0.381000 picoseconds
 Relaxing nanodisk array with pi/4 orientation as initial states for all disks and external field along y.
 Time Taken = 0.381000 picoseconds
 Time taken by nanomagnet computing = 0.326258 (sec)
 Detection Rate 0.814820 at 0.331322 false alarm
startTime =

12-Jul-2014 21:11:04


endTIme =

12-Jul-2014 21:15:32

Elapsed time is 7.350140 seconds.

startTime =

12-Jul-2014 21:15:32

## Starting Data/S004I003.PGM.atts

 383 longest primitives returned (167 lines, 216 arcs read, but returning only 3000 max elements for computational reasons)

 Time taken by traditional algorithm = 30.711394 (sec)
 min and max values of the distance matrix [0.147216 0.464159]
 Wanted to embed 383 magnets embedded 383 magnet
 Relaxing nanodisk array with pi/4 orientation as initial states for all disks and external field along x.
 Time Taken = 0.381000 picoseconds
 Relaxing nanodisk array with pi/4 orientation as initial states for all disks and external field along y.
 Time Taken = 0.381000 picoseconds
 Time taken by nanomagnet computing = 0.265118 (sec)
 Detection Rate 0.630969 at 0.386553 false alarm
startTime =

12-Jul-2014 21:15:32


endTIme =

12-Jul-2014 21:17:55

Elapsed time is 5.610972 seconds.
>> [Warning: Objects of graph2d.lineseries class exist - not clearing this class
or any of its superclasses] 
