
                            < M A T L A B (R) >
                  Copyright 1984-2012 The MathWorks, Inc.
                    R2012b (8.0.0.783) 64-bit (glnxa64)
                              August 22, 2012

 
To get started, type one of these: helpwin, helpdesk, or demo.
For product information, visit www.mathworks.com.
 

img1 =

nicobarpigeon.pgm.atts


img2 =

pheasant.pgm.atts


minGap =

    70


startTime =

12-Jul-2014 13:52:22

## Starting Data/nicobarpigeon.pgm.atts

 677 longest primitives returned (285 lines, 392 arcs read, but returning only 3000 max elements for computational reasons)

 Time taken by traditional algorithm = 164.102985 (sec)
 min and max values of the distance matrix [0.188828 0.464159]
 Wanted to embed 677 magnets embedded 677 magnet
 Relaxing nanodisk array with pi/4 orientation as initial states for all disks and external field along x.
 Time Taken = 0.467000 picoseconds
 Relaxing nanodisk array with pi/4 orientation as initial states for all disks and external field along y.
 Time Taken = 0.467000 picoseconds
 Time taken by nanomagnet computing = 1.066565 (sec)
 Detection Rate 0.922524 at 0.158135 false alarm
startTime =

12-Jul-2014 13:52:22


endTIme =

12-Jul-2014 14:00:39

Elapsed time is 27.246715 seconds.

startTime =

12-Jul-2014 14:00:39

## Starting Data/pheasant.pgm.atts

 621 longest primitives returned (232 lines, 389 arcs read, but returning only 3000 max elements for computational reasons)

 Time taken by traditional algorithm = 58.542433 (sec)
 min and max values of the distance matrix [0.176188 0.464159]
 Wanted to embed 621 magnets embedded 621 magnet
 Relaxing nanodisk array with pi/4 orientation as initial states for all disks and external field along x.
 Time Taken = 0.466000 picoseconds
 Relaxing nanodisk array with pi/4 orientation as initial states for all disks and external field along y.
 Time Taken = 0.466000 picoseconds
 Time taken by nanomagnet computing = 0.684523 (sec)
 Detection Rate 0.838232 at 0.192646 false alarm
startTime =

12-Jul-2014 14:00:39


endTIme =

12-Jul-2014 14:06:11

Elapsed time is 16.742474 seconds.
>> [Warning: Objects of graph2d.lineseries class exist - not clearing this class
or any of its superclasses] 
