
                            < M A T L A B (R) >
                  Copyright 1984-2012 The MathWorks, Inc.
                    R2012b (8.0.0.783) 64-bit (glnxa64)
                              August 22, 2012

 
To get started, type one of these: helpwin, helpdesk, or demo.
For product information, visit www.mathworks.com.
 

img1 =

rhino.pgm.atts


img2 =

school.pgm.atts


minGap =

    70


startTime =

12-Jul-2014 13:52:30

## Starting Data/rhino.pgm.atts

 291 longest primitives returned (103 lines, 188 arcs read, but returning only 3000 max elements for computational reasons)

 Time taken by traditional algorithm = 28.519302 (sec)
 min and max values of the distance matrix [0.183472 0.464159]
 Wanted to embed 291 magnets embedded 291 magnet
 Relaxing nanodisk array with pi/4 orientation as initial states for all disks and external field along x.
 Time Taken = 0.463000 picoseconds
 Relaxing nanodisk array with pi/4 orientation as initial states for all disks and external field along y.
 Time Taken = 0.463000 picoseconds
 Time taken by nanomagnet computing = 156.633367 (sec)
 Detection Rate 0.553944 at 0.156901 false alarm
startTime =

12-Jul-2014 13:52:30


endTIme =

12-Jul-2014 13:56:46

Elapsed time is 164.015381 seconds.

startTime =

12-Jul-2014 13:56:46

## Starting Data/school.pgm.atts

 534 longest primitives returned (264 lines, 270 arcs read, but returning only 3000 max elements for computational reasons)

 Time taken by traditional algorithm = 84.191164 (sec)
 min and max values of the distance matrix [0.133500 0.464159]
 Wanted to embed 534 magnets embedded 534 magnet
 Relaxing nanodisk array with pi/4 orientation as initial states for all disks and external field along x.
 Time Taken = 0.465000 picoseconds
 Relaxing nanodisk array with pi/4 orientation as initial states for all disks and external field along y.
 Time Taken = 0.465000 picoseconds
 Time taken by nanomagnet computing = 0.567202 (sec)
 Detection Rate 0.712141 at 0.372507 false alarm
startTime =

12-Jul-2014 13:56:46


endTIme =

12-Jul-2014 14:01:51

Elapsed time is 15.230862 seconds.
>> [Warning: Objects of graph2d.lineseries class exist - not clearing this class
or any of its superclasses] 
