
                            < M A T L A B (R) >
                  Copyright 1984-2012 The MathWorks, Inc.
                    R2012b (8.0.0.783) 64-bit (glnxa64)
                              August 22, 2012

 
To get started, type one of these: helpwin, helpdesk, or demo.
For product information, visit www.mathworks.com.
 

img1 =

S005I00A.PGM.atts


img2 =

S005I00B.PGM.atts


minGap =

    70


startTime =

12-Jul-2014 13:52:21

## Starting Data/S005I00A.PGM.atts

 235 longest primitives returned (112 lines, 123 arcs read, but returning only 3000 max elements for computational reasons)

 Time taken by traditional algorithm = 20.683682 (sec)
 min and max values of the distance matrix [0.198491 0.464159]
 Wanted to embed 235 magnets embedded 235 magnet
 Relaxing nanodisk array with pi/4 orientation as initial states for all disks and external field along x.
 Time Taken = 0.458000 picoseconds
 Relaxing nanodisk array with pi/4 orientation as initial states for all disks and external field along y.
 Time Taken = 0.458000 picoseconds
 Time taken by nanomagnet computing = 0.121006 (sec)
 Detection Rate 0.300939 at 0.532676 false alarm
startTime =

12-Jul-2014 13:52:21


endTIme =

12-Jul-2014 13:53:26

Elapsed time is 4.534341 seconds.

startTime =

12-Jul-2014 13:53:26

## Starting Data/S005I00B.PGM.atts

 454 longest primitives returned (256 lines, 198 arcs read, but returning only 3000 max elements for computational reasons)

 Time taken by traditional algorithm = 62.063518 (sec)
 min and max values of the distance matrix [0.173701 0.464159]
 Wanted to embed 454 magnets embedded 454 magnet
 Relaxing nanodisk array with pi/4 orientation as initial states for all disks and external field along x.
 Time Taken = 0.466000 picoseconds
 Relaxing nanodisk array with pi/4 orientation as initial states for all disks and external field along y.
 Time Taken = 0.466000 picoseconds
 Time taken by nanomagnet computing = 0.403776 (sec)
 Detection Rate 0.851641 at 0.094869 false alarm
startTime =

12-Jul-2014 13:53:26


endTIme =

12-Jul-2014 13:57:47

Elapsed time is 50.176810 seconds.
>> [Warning: Objects of graph2d.lineseries class exist - not clearing this class
or any of its superclasses] 
