
                            < M A T L A B (R) >
                  Copyright 1984-2012 The MathWorks, Inc.
                    R2012b (8.0.0.783) 64-bit (glnxa64)
                              August 22, 2012

 
To get started, type one of these: helpwin, helpdesk, or demo.
For product information, visit www.mathworks.com.
 

img1 =

204.pgm.atts


img2 =

216.pgm.atts


minGap =

    70


startTime =

12-Jul-2014 13:52:07

## Starting Data/204.pgm.atts

 731 longest primitives returned (272 lines, 459 arcs read, but returning only 3000 max elements for computational reasons)

 Time taken by traditional algorithm = 201.498344 (sec)
 min and max values of the distance matrix [0.165583 0.464159]
 Wanted to embed 731 magnets embedded 731 magnet
 Relaxing nanodisk array with pi/4 orientation as initial states for all disks and external field along x.
 Time Taken = 0.467000 picoseconds
 Relaxing nanodisk array with pi/4 orientation as initial states for all disks and external field along y.
 Time Taken = 0.467000 picoseconds
 Time taken by nanomagnet computing = 1.771997 (sec)
 Detection Rate 0.947949 at 0.171451 false alarm
startTime =

12-Jul-2014 13:52:07


endTIme =

12-Jul-2014 14:02:25

Elapsed time is 34.328412 seconds.

startTime =

12-Jul-2014 14:02:25

## Starting Data/216.pgm.atts

 1024 longest primitives returned (432 lines, 592 arcs read, but returning only 3000 max elements for computational reasons)

 Time taken by traditional algorithm = 240.375167 (sec)
 min and max values of the distance matrix [0.195881 0.464159]