
                            < M A T L A B (R) >
                  Copyright 1984-2012 The MathWorks, Inc.
                    R2012b (8.0.0.783) 64-bit (glnxa64)
                              August 22, 2012

 
To get started, type one of these: helpwin, helpdesk, or demo.
For product information, visit www.mathworks.com.
 

img1 =

S006I015.PGM.atts


img2 =

S006I016.PGM.atts


minGap =

    70


startTime =

12-Jul-2014 13:52:30

## Starting Data/S006I015.PGM.atts

 329 longest primitives returned (166 lines, 163 arcs read, but returning only 3000 max elements for computational reasons)

 Time taken by traditional algorithm = 204.825998 (sec)
 min and max values of the distance matrix [0.134488 0.464159]
 Wanted to embed 329 magnets embedded 329 magnet
 Relaxing nanodisk array with pi/4 orientation as initial states for all disks and external field along x.
 Time Taken = 0.463000 picoseconds
 Relaxing nanodisk array with pi/4 orientation as initial states for all disks and external field along y.
 Time Taken = 0.463000 picoseconds
 Time taken by nanomagnet computing = 0.218933 (sec)
 Detection Rate 0.223428 at 0.628513 false alarm
startTime =

12-Jul-2014 13:52:30


endTIme =

12-Jul-2014 13:57:22

Elapsed time is 7.873322 seconds.

startTime =

12-Jul-2014 13:57:22

## Starting Data/S006I016.PGM.atts

 322 longest primitives returned (169 lines, 153 arcs read, but returning only 3000 max elements for computational reasons)

 Time taken by traditional algorithm = 23.906647 (sec)
 min and max values of the distance matrix [0.154518 0.464159]
 Wanted to embed 322 magnets embedded 322 magnet
 Relaxing nanodisk array with pi/4 orientation as initial states for all disks and external field along x.
 Time Taken = 0.462000 picoseconds
 Relaxing nanodisk array with pi/4 orientation as initial states for all disks and external field along y.
 Time Taken = 0.462000 picoseconds
 Time taken by nanomagnet computing = 0.182531 (sec)
 Detection Rate 0.542108 at 0.441618 false alarm
startTime =

12-Jul-2014 13:57:22


endTIme =

12-Jul-2014 13:59:07

Elapsed time is 6.056738 seconds.
>> [Warning: Objects of graph2d.lineseries class exist - not clearing this class
or any of its superclasses] 
