
                            < M A T L A B (R) >
                  Copyright 1984-2012 The MathWorks, Inc.
                    R2012b (8.0.0.783) 64-bit (glnxa64)
                              August 22, 2012

 
To get started, type one of these: helpwin, helpdesk, or demo.
For product information, visit www.mathworks.com.
 

img1 =

S005I006.pgm.atts


img2 =

S005I007.pgm.atts


minGap =

    70


startTime =

12-Jul-2014 13:52:30

## Starting Data/S005I006.pgm.atts

 422 longest primitives returned (225 lines, 197 arcs read, but returning only 3000 max elements for computational reasons)

 Time taken by traditional algorithm = 190.581605 (sec)
 min and max values of the distance matrix [0.168406 0.464159]
 Wanted to embed 422 magnets embedded 422 magnet
 Relaxing nanodisk array with pi/4 orientation as initial states for all disks and external field along x.
 Time Taken = 0.467000 picoseconds
 Relaxing nanodisk array with pi/4 orientation as initial states for all disks and external field along y.
 Time Taken = 0.467000 picoseconds
 Time taken by nanomagnet computing = 0.380712 (sec)
 Detection Rate 0.900339 at 0.282118 false alarm
startTime =

12-Jul-2014 13:52:30


endTIme =

12-Jul-2014 13:58:01

Elapsed time is 11.545815 seconds.

startTime =

12-Jul-2014 13:58:01

## Starting Data/S005I007.pgm.atts

 388 longest primitives returned (221 lines, 167 arcs read, but returning only 3000 max elements for computational reasons)

 Time taken by traditional algorithm = 30.911947 (sec)
 min and max values of the distance matrix [0.146645 0.464159]
 Wanted to embed 388 magnets embedded 388 magnet
 Relaxing nanodisk array with pi/4 orientation as initial states for all disks and external field along x.
 Time Taken = 0.462000 picoseconds
 Relaxing nanodisk array with pi/4 orientation as initial states for all disks and external field along y.
 Time Taken = 0.462000 picoseconds
 Time taken by nanomagnet computing = 0.278185 (sec)
 Detection Rate 0.745107 at 0.414093 false alarm
startTime =

12-Jul-2014 13:58:01


endTIme =

12-Jul-2014 14:00:34

Elapsed time is 8.115954 seconds.
>> [Warning: Objects of graph2d.lineseries class exist - not clearing this class
or any of its superclasses] 
