
                            < M A T L A B (R) >
                  Copyright 1984-2012 The MathWorks, Inc.
                    R2012b (8.0.0.783) 64-bit (glnxa64)
                              August 22, 2012

 
To get started, type one of these: helpwin, helpdesk, or demo.
For product information, visit www.mathworks.com.
 

img1 =

S003I007.pgm.atts


img2 =

     ''



minGap =

   140


startTime =

13-Jul-2014 21:40:58

## Starting Data/S003I007.pgm.atts

 373 longest primitives returned (207 lines, 166 arcs read, but returning only 3000 max elements for computational reasons)

 Time taken by traditional algorithm = 112.984078 (sec)
 min and max values of the distance matrix [0.153554 0.464159]
 Wanted to embed 373 magnets embedded 373 magnet
 Relaxing nanodisk array with pi/4 orientation as initial states for all disks and external field along x.
 Time Taken = 0.327000 picoseconds
 Relaxing nanodisk array with pi/4 orientation as initial states for all disks and external field along y.
 Time Taken = 0.327000 picoseconds
 Time taken by nanomagnet computing = 0.297330 (sec)
 Detection Rate 0.989680 at 0.321416 false alarm
startTime =

13-Jul-2014 21:40:58


endTIme =

13-Jul-2014 21:44:36

Elapsed time is 5.821774 seconds.

startTime =

13-Jul-2014 21:44:36

## Starting Data/
{Error using fscanf
Invalid file identifier.  Use fopen to generate a valid file identifier.

Error in ReadEdgeAttsFile (line 31)
paren = fscanf(infile, ' %c', 1);

Error in main (line 54)
Lines = ReadEdgeAttsFile (ImageFile);

Error in rp_gridMain_Run2Img (line 18)
	main(['Data' filesep img2], minGap);
} 
>> 