
                            < M A T L A B (R) >
                  Copyright 1984-2012 The MathWorks, Inc.
                    R2012b (8.0.0.783) 64-bit (glnxa64)
                              August 22, 2012

 
To get started, type one of these: helpwin, helpdesk, or demo.
For product information, visit www.mathworks.com.
 

img1 =

216.pgm.atts


img2 =

     ''



minGap =

    20


startTime =

15-Jul-2014 11:40:56

## Starting Data/216.pgm.atts

 1024 longest primitives returned (432 lines, 592 arcs read, but returning only 3000 max elements for computational reasons)

 Time taken by traditional algorithm = 462.877471 (sec)
 min and max values of the distance matrix [0.195881 0.464159]
 Wanted to embed 1024 magnets embedded 1024 magnet
 Relaxing nanodisk array with pi/4 orientation as initial states for all disks and external field along x.