
                            < M A T L A B (R) >
                  Copyright 1984-2012 The MathWorks, Inc.
                    R2012b (8.0.0.783) 64-bit (glnxa64)
                              August 22, 2012

 
To get started, type one of these: helpwin, helpdesk, or demo.
For product information, visit www.mathworks.com.
 

img1 =

redbirdofparadise.pgm.atts


img2 =

     ''



minGap =

    50


startTime =

15-Jul-2014 11:34:31

## Starting Data/redbirdofparadise.pgm.atts

 557 longest primitives returned (237 lines, 320 arcs read, but returning only 3000 max elements for computational reasons)

 Time taken by traditional algorithm = 93.813491 (sec)
 min and max values of the distance matrix [0.186051 0.464159]
 Wanted to embed 557 magnets embedded 557 magnet
 Relaxing nanodisk array with pi/4 orientation as initial states for all disks and external field along x.
 Time Taken = 0.772000 picoseconds
 Relaxing nanodisk array with pi/4 orientation as initial states for all disks and external field along y.
 Time Taken = 0.772000 picoseconds
 Time taken by nanomagnet computing = 0.728390 (sec)
 Detection Rate 0.805310 at 0.188478 false alarm
startTime =

15-Jul-2014 11:34:31


endTIme =

15-Jul-2014 11:40:16

Elapsed time is 28.749551 seconds.

startTime =

15-Jul-2014 11:40:16

## Starting Data/
{Error using fscanf
Invalid file identifier.  Use fopen to generate a valid file identifier.

Error in ReadEdgeAttsFile (line 31)
paren = fscanf(infile, ' %c', 1);

Error in main (line 54)
Lines = ReadEdgeAttsFile (ImageFile);

Error in rp_gridMain_Run2Img (line 18)
	main(['Data' filesep img2], minGap);
} 
>> 