
                            < M A T L A B (R) >
                  Copyright 1984-2012 The MathWorks, Inc.
                    R2012b (8.0.0.783) 64-bit (glnxa64)
                              August 22, 2012

 
To get started, type one of these: helpwin, helpdesk, or demo.
For product information, visit www.mathworks.com.
 

img1 =

108.pgm.atts


img2 =

     ''



minGap =

    30


startTime =

15-Jul-2014 11:33:06

## Starting Data/108.pgm.atts

 772 longest primitives returned (320 lines, 452 arcs read, but returning only 3000 max elements for computational reasons)

 Time taken by traditional algorithm = 188.968662 (sec)
 min and max values of the distance matrix [0.149737 0.464159]
 Wanted to embed 772 magnets embedded 772 magnet
 Relaxing nanodisk array with pi/4 orientation as initial states for all disks and external field along x.
 Time Taken = 57.825000 picoseconds
 Relaxing nanodisk array with pi/4 orientation as initial states for all disks and external field along y.