
                            < M A T L A B (R) >
                  Copyright 1984-2012 The MathWorks, Inc.
                    R2012b (8.0.0.783) 64-bit (glnxa64)
                              August 22, 2012

 
To get started, type one of these: helpwin, helpdesk, or demo.
For product information, visit www.mathworks.com.
 

img1 =

airfield_edges.pgm.atts


img2 =

     ''



minGap =

    30


startTime =

15-Jul-2014 11:33:06

## Starting Data/airfield_edges.pgm.atts

 1190 longest primitives returned (669 lines, 521 arcs read, but returning only 3000 max elements for computational reasons)

 Time taken by traditional algorithm = 634.781303 (sec)
 min and max values of the distance matrix [0.150337 0.464159]
 Wanted to embed 1190 magnets embedded 1190 magnet
 Relaxing nanodisk array with pi/4 orientation as initial states for all disks and external field along x.
 Time Taken = 2.678000 picoseconds
 Relaxing nanodisk array with pi/4 orientation as initial states for all disks and external field along y.
 Time Taken = 2.678000 picoseconds
 Time taken by nanomagnet computing = 4.681915 (sec)
 Detection Rate 1.000000 at 0.042920 false alarm
startTime =

15-Jul-2014 11:33:06


endTIme =

15-Jul-2014 12:20:26

Elapsed time is 1335.544599 seconds.

startTime =

15-Jul-2014 12:20:26

## Starting Data/
{Error using fscanf
Invalid file identifier.  Use fopen to generate a valid file identifier.

Error in ReadEdgeAttsFile (line 31)
paren = fscanf(infile, ' %c', 1);

Error in main (line 54)
Lines = ReadEdgeAttsFile (ImageFile);

Error in rp_gridMain_Run2Img (line 18)
	main(['Data' filesep img2], minGap);
} 
>> 