
                            < M A T L A B (R) >
                  Copyright 1984-2012 The MathWorks, Inc.
                    R2012b (8.0.0.783) 64-bit (glnxa64)
                              August 22, 2012

 
To get started, type one of these: helpwin, helpdesk, or demo.
For product information, visit www.mathworks.com.
 

img1 =

woods.pgm.atts


img2 =

     ''



minGap =

   100


startTime =

14-Jul-2014 18:22:37

## Starting Data/woods.pgm.atts

 576 longest primitives returned (221 lines, 355 arcs read, but returning only 3000 max elements for computational reasons)

 Time taken by traditional algorithm = 100.531903 (sec)
 min and max values of the distance matrix [0.173338 0.464159]
 Wanted to embed 576 magnets embedded 576 magnet
 Relaxing nanodisk array with pi/4 orientation as initial states for all disks and external field along x.
 Time Taken = 0.363000 picoseconds
 Relaxing nanodisk array with pi/4 orientation as initial states for all disks and external field along y.
 Time Taken = 0.363000 picoseconds
 Time taken by nanomagnet computing = 0.766494 (sec)
 Detection Rate 0.914787 at 0.198384 false alarm
startTime =

14-Jul-2014 18:22:37


endTIme =

14-Jul-2014 18:28:33

Elapsed time is 15.700263 seconds.

startTime =

14-Jul-2014 18:28:33

## Starting Data/
{Error using fscanf
Invalid file identifier.  Use fopen to generate a valid file identifier.

Error in ReadEdgeAttsFile (line 31)
paren = fscanf(infile, ' %c', 1);

Error in main (line 54)
Lines = ReadEdgeAttsFile (ImageFile);

Error in rp_gridMain_Run2Img (line 18)
	main(['Data' filesep img2], minGap);
} 
>> 