
                            < M A T L A B (R) >
                  Copyright 1984-2012 The MathWorks, Inc.
                    R2012b (8.0.0.783) 64-bit (glnxa64)
                              August 22, 2012

 
To get started, type one of these: helpwin, helpdesk, or demo.
For product information, visit www.mathworks.com.
 

img1 =

125.pgm.atts


img2 =

     ''



minGap =

    60


startTime =

15-Jul-2014 11:35:25

## Starting Data/125.pgm.atts

 711 longest primitives returned (326 lines, 385 arcs read, but returning only 3000 max elements for computational reasons)

 Time taken by traditional algorithm = 180.427612 (sec)
 min and max values of the distance matrix [0.146186 0.464159]
 Wanted to embed 711 magnets embedded 711 magnet
 Relaxing nanodisk array with pi/4 orientation as initial states for all disks and external field along x.
 Time Taken = 0.560000 picoseconds
 Relaxing nanodisk array with pi/4 orientation as initial states for all disks and external field along y.
 Time Taken = 0.560000 picoseconds
 Time taken by nanomagnet computing = 1.266181 (sec)
 Detection Rate 0.929651 at 0.243698 false alarm
startTime =

15-Jul-2014 11:35:25


endTIme =

15-Jul-2014 11:45:01

Elapsed time is 32.499842 seconds.

startTime =

15-Jul-2014 11:45:01

## Starting Data/
{Error using fscanf
Invalid file identifier.  Use fopen to generate a valid file identifier.

Error in ReadEdgeAttsFile (line 31)
paren = fscanf(infile, ' %c', 1);

Error in main (line 54)
Lines = ReadEdgeAttsFile (ImageFile);

Error in rp_gridMain_Run2Img (line 18)
	main(['Data' filesep img2], minGap);
} 
>> 