
                            < M A T L A B (R) >
                  Copyright 1984-2012 The MathWorks, Inc.
                    R2012b (8.0.0.783) 64-bit (glnxa64)
                              August 22, 2012

 
To get started, type one of these: helpwin, helpdesk, or demo.
For product information, visit www.mathworks.com.
 

img1 =

airfield_edges.pgm.pgm.atts


img2 =

airplane.pgm.atts


minGap =

   130


startTime =

13-Jul-2014 07:53:39


startTime =

13-Jul-2014 07:53:39


endTIme =

13-Jul-2014 07:53:39

Elapsed time is 0.071118 seconds.

startTime =

13-Jul-2014 07:53:39

## Starting Data/airplane.pgm.atts

 525 longest primitives returned (324 lines, 201 arcs read, but returning only 3000 max elements for computational reasons)

 Time taken by traditional algorithm = 126.037125 (sec)
 min and max values of the distance matrix [0.133082 0.464159]