
                            < M A T L A B (R) >
                  Copyright 1984-2012 The MathWorks, Inc.
                    R2012b (8.0.0.783) 64-bit (glnxa64)
                              August 22, 2012

 
To get started, type one of these: helpwin, helpdesk, or demo.
For product information, visit www.mathworks.com.
 

img1 =

S005I006.pgm.atts


img2 =

S005I007.pgm.atts


minGap =

   130


startTime =

13-Jul-2014 07:53:40

## Starting Data/S005I006.pgm.atts

 422 longest primitives returned (225 lines, 197 arcs read, but returning only 3000 max elements for computational reasons)

 Time taken by traditional algorithm = 156.140754 (sec)
 min and max values of the distance matrix [0.168406 0.464159]
 Wanted to embed 422 magnets embedded 422 magnet
 Relaxing nanodisk array with pi/4 orientation as initial states for all disks and external field along x.
 Time Taken = 0.332000 picoseconds
 Relaxing nanodisk array with pi/4 orientation as initial states for all disks and external field along y.
 Time Taken = 0.332000 picoseconds
 Time taken by nanomagnet computing = 0.378907 (sec)
 Detection Rate 0.984354 at 0.226708 false alarm
startTime =

13-Jul-2014 07:53:40


endTIme =

13-Jul-2014 07:58:32

Elapsed time is 8.182584 seconds.

startTime =

13-Jul-2014 07:58:32

## Starting Data/S005I007.pgm.atts

 388 longest primitives returned (221 lines, 167 arcs read, but returning only 3000 max elements for computational reasons)

 Time taken by traditional algorithm = 31.283521 (sec)
 min and max values of the distance matrix [0.146645 0.464159]
 Wanted to embed 388 magnets embedded 388 magnet
 Relaxing nanodisk array with pi/4 orientation as initial states for all disks and external field along x.
 Time Taken = 0.332000 picoseconds
 Relaxing nanodisk array with pi/4 orientation as initial states for all disks and external field along y.
 Time Taken = 0.332000 picoseconds
 Time taken by nanomagnet computing = 0.295778 (sec)
 Detection Rate 0.916306 at 0.368348 false alarm
startTime =

13-Jul-2014 07:58:32


endTIme =

13-Jul-2014 08:01:03

Elapsed time is 6.171736 seconds.
>> [Warning: Objects of graph2d.lineseries class exist - not clearing this class
or any of its superclasses] 
