
                            < M A T L A B (R) >
                  Copyright 1984-2012 The MathWorks, Inc.
                    R2012b (8.0.0.783) 64-bit (glnxa64)
                              August 22, 2012

 
To get started, type one of these: helpwin, helpdesk, or demo.
For product information, visit www.mathworks.com.
 

img1 =

image13.pgm.atts


img2 =

image15.pgm.atts


minGap =

   130


startTime =

13-Jul-2014 07:53:42

## Starting Data/image13.pgm.atts

 202 longest primitives returned (80 lines, 122 arcs read, but returning only 3000 max elements for computational reasons)

 Time taken by traditional algorithm = 16.565446 (sec)
 min and max values of the distance matrix [0.221586 0.464159]
 Wanted to embed 202 magnets embedded 202 magnet
 Relaxing nanodisk array with pi/4 orientation as initial states for all disks and external field along x.
 Time Taken = 0.336000 picoseconds
 Relaxing nanodisk array with pi/4 orientation as initial states for all disks and external field along y.
 Time Taken = 0.336000 picoseconds
 Time taken by nanomagnet computing = 0.102907 (sec)
 Detection Rate 0.465901 at 0.302493 false alarm
startTime =

13-Jul-2014 07:53:42


endTIme =

13-Jul-2014 07:54:38

Elapsed time is 7.881528 seconds.

startTime =

13-Jul-2014 07:54:38

## Starting Data/image15.pgm.atts

 228 longest primitives returned (93 lines, 135 arcs read, but returning only 3000 max elements for computational reasons)

 Time taken by traditional algorithm = 15.974664 (sec)
 min and max values of the distance matrix [0.209767 0.464159]
 Wanted to embed 228 magnets embedded 228 magnet
 Relaxing nanodisk array with pi/4 orientation as initial states for all disks and external field along x.
 Time Taken = 0.344000 picoseconds
 Relaxing nanodisk array with pi/4 orientation as initial states for all disks and external field along y.
 Time Taken = 0.344000 picoseconds
 Time taken by nanomagnet computing = 0.089481 (sec)
 Detection Rate 0.599734 at 0.206851 false alarm
startTime =

13-Jul-2014 07:54:38


endTIme =

13-Jul-2014 07:58:01

Elapsed time is 148.416067 seconds.
>> [Warning: Objects of graph2d.lineseries class exist - not clearing this class
or any of its superclasses] 
