
                            < M A T L A B (R) >
                  Copyright 1984-2012 The MathWorks, Inc.
                    R2012b (8.0.0.783) 64-bit (glnxa64)
                              August 22, 2012

 
To get started, type one of these: helpwin, helpdesk, or demo.
For product information, visit www.mathworks.com.
 

img1 =

image41.pgm.atts


img2 =

largebuilding.pgm.atts


minGap =

   130


startTime =

13-Jul-2014 07:53:39

## Starting Data/image41.pgm.atts

 210 longest primitives returned (210 lines, 0 arcs read, but returning only 3000 max elements for computational reasons)

 Time taken by traditional algorithm = 18.917985 (sec)
 min and max values of the distance matrix [0.190577 0.464159]
 Wanted to embed 210 magnets embedded 210 magnet
 Relaxing nanodisk array with pi/4 orientation as initial states for all disks and external field along x.
 Time Taken = 0.339000 picoseconds
 Relaxing nanodisk array with pi/4 orientation as initial states for all disks and external field along y.
 Time Taken = 0.339000 picoseconds
 Time taken by nanomagnet computing = 0.994837 (sec)
 Detection Rate 0.667621 at 0.117575 false alarm
startTime =

13-Jul-2014 07:53:39


endTIme =

13-Jul-2014 07:54:41

Elapsed time is 9.424255 seconds.

startTime =

13-Jul-2014 07:54:41

## Starting Data/largebuilding.pgm.atts

 1004 longest primitives returned (441 lines, 563 arcs read, but returning only 3000 max elements for computational reasons)

 Time taken by traditional algorithm = 438.653350 (sec)
 min and max values of the distance matrix [0.151453 0.464159]