
                            < M A T L A B (R) >
                  Copyright 1984-2012 The MathWorks, Inc.
                    R2012b (8.0.0.783) 64-bit (glnxa64)
                              August 22, 2012

 
To get started, type one of these: helpwin, helpdesk, or demo.
For product information, visit www.mathworks.com.
 

img1 =

image29.pgm.atts


img2 =

image32.pgm.atts


minGap =

   130


startTime =

13-Jul-2014 07:53:40

## Starting Data/image29.pgm.atts

 194 longest primitives returned (93 lines, 101 arcs read, but returning only 3000 max elements for computational reasons)

 Time taken by traditional algorithm = 16.523884 (sec)
 min and max values of the distance matrix [0.151823 0.464159]
 Wanted to embed 194 magnets embedded 194 magnet
 Relaxing nanodisk array with pi/4 orientation as initial states for all disks and external field along x.
 Time Taken = 0.331000 picoseconds
 Relaxing nanodisk array with pi/4 orientation as initial states for all disks and external field along y.
 Time Taken = 0.331000 picoseconds
 Time taken by nanomagnet computing = 0.083627 (sec)
 Detection Rate 0.449907 at 0.267681 false alarm
startTime =

13-Jul-2014 07:53:40


endTIme =

13-Jul-2014 07:54:31

Elapsed time is 5.992088 seconds.

startTime =

13-Jul-2014 07:54:31

## Starting Data/image32.pgm.atts

 218 longest primitives returned (86 lines, 132 arcs read, but returning only 3000 max elements for computational reasons)

 Time taken by traditional algorithm = 15.169408 (sec)
 min and max values of the distance matrix [0.167709 0.464159]
 Wanted to embed 218 magnets embedded 218 magnet
 Relaxing nanodisk array with pi/4 orientation as initial states for all disks and external field along x.
 Time Taken = 0.334000 picoseconds
 Relaxing nanodisk array with pi/4 orientation as initial states for all disks and external field along y.
 Time Taken = 0.334000 picoseconds
 Time taken by nanomagnet computing = 0.076531 (sec)
 Detection Rate 0.492913 at 0.176822 false alarm
startTime =

13-Jul-2014 07:54:31


endTIme =

13-Jul-2014 07:57:28

Elapsed time is 127.067240 seconds.
>> [Warning: Objects of graph2d.lineseries class exist - not clearing this class
or any of its superclasses] 
