
                            < M A T L A B (R) >
                  Copyright 1984-2012 The MathWorks, Inc.
                    R2012b (8.0.0.783) 64-bit (glnxa64)
                              August 22, 2012

 
To get started, type one of these: helpwin, helpdesk, or demo.
For product information, visit www.mathworks.com.
 

img1 =

image24.pgm.atts


img2 =

image25.pgm.atts


minGap =

   130


startTime =

13-Jul-2014 07:53:42

## Starting Data/image24.pgm.atts

 321 longest primitives returned (111 lines, 210 arcs read, but returning only 3000 max elements for computational reasons)

 Time taken by traditional algorithm = 178.143951 (sec)
 min and max values of the distance matrix [0.170211 0.464159]
 Wanted to embed 321 magnets embedded 321 magnet
 Relaxing nanodisk array with pi/4 orientation as initial states for all disks and external field along x.
 Time Taken = 0.332000 picoseconds
 Relaxing nanodisk array with pi/4 orientation as initial states for all disks and external field along y.
 Time Taken = 0.332000 picoseconds
 Time taken by nanomagnet computing = 0.208635 (sec)
 Detection Rate 0.908511 at 0.200472 false alarm
startTime =

13-Jul-2014 07:53:42


endTIme =

13-Jul-2014 07:58:01

Elapsed time is 5.614514 seconds.

startTime =

13-Jul-2014 07:58:01

## Starting Data/image25.pgm.atts

 236 longest primitives returned (100 lines, 136 arcs read, but returning only 3000 max elements for computational reasons)

 Time taken by traditional algorithm = 16.636007 (sec)
 min and max values of the distance matrix [0.204975 0.464159]
 Wanted to embed 236 magnets embedded 236 magnet
 Relaxing nanodisk array with pi/4 orientation as initial states for all disks and external field along x.
 Time Taken = 0.338000 picoseconds
 Relaxing nanodisk array with pi/4 orientation as initial states for all disks and external field along y.
 Time Taken = 0.338000 picoseconds
 Time taken by nanomagnet computing = 0.090454 (sec)
 Detection Rate 0.592263 at 0.133595 false alarm
startTime =

13-Jul-2014 07:58:01


endTIme =

13-Jul-2014 07:59:00

Elapsed time is 2.759698 seconds.
>> [Warning: Objects of graph2d.lineseries class exist - not clearing this class
or any of its superclasses] 
