
                            < M A T L A B (R) >
                  Copyright 1984-2012 The MathWorks, Inc.
                    R2012b (8.0.0.783) 64-bit (glnxa64)
                              August 22, 2012

 
To get started, type one of these: helpwin, helpdesk, or demo.
For product information, visit www.mathworks.com.
 

img1 =

S006I015.PGM.atts


img2 =

S006I016.PGM.atts


minGap =

   130


startTime =

13-Jul-2014 07:53:43

## Starting Data/S006I015.PGM.atts

 329 longest primitives returned (166 lines, 163 arcs read, but returning only 3000 max elements for computational reasons)

 Time taken by traditional algorithm = 176.108848 (sec)
 min and max values of the distance matrix [0.134488 0.464159]
 Wanted to embed 329 magnets embedded 329 magnet
 Relaxing nanodisk array with pi/4 orientation as initial states for all disks and external field along x.
 Time Taken = 0.332000 picoseconds
 Relaxing nanodisk array with pi/4 orientation as initial states for all disks and external field along y.
 Time Taken = 0.332000 picoseconds
 Time taken by nanomagnet computing = 0.224413 (sec)
 Detection Rate 0.657169 at 0.721446 false alarm
startTime =

13-Jul-2014 07:53:43


endTIme =

13-Jul-2014 07:58:02

Elapsed time is 5.875529 seconds.

startTime =

13-Jul-2014 07:58:02

## Starting Data/S006I016.PGM.atts

 322 longest primitives returned (169 lines, 153 arcs read, but returning only 3000 max elements for computational reasons)

 Time taken by traditional algorithm = 24.029373 (sec)
 min and max values of the distance matrix [0.154518 0.464159]
 Wanted to embed 322 magnets embedded 322 magnet
 Relaxing nanodisk array with pi/4 orientation as initial states for all disks and external field along x.
 Time Taken = 0.332000 picoseconds
 Relaxing nanodisk array with pi/4 orientation as initial states for all disks and external field along y.
 Time Taken = 0.332000 picoseconds
 Time taken by nanomagnet computing = 0.187110 (sec)
 Detection Rate 0.709867 at 0.419825 false alarm
startTime =

13-Jul-2014 07:58:02


endTIme =

13-Jul-2014 07:59:45

Elapsed time is 4.039362 seconds.
>> [Warning: Objects of graph2d.lineseries class exist - not clearing this class
or any of its superclasses] 
