
                            < M A T L A B (R) >
                  Copyright 1984-2012 The MathWorks, Inc.
                    R2012b (8.0.0.783) 64-bit (glnxa64)
                              August 22, 2012

 
To get started, type one of these: helpwin, helpdesk, or demo.
For product information, visit www.mathworks.com.
 

img1 =

S006I017.PGM.atts


img2 =

S006I018.PGM.atts


minGap =

   130


startTime =

13-Jul-2014 07:53:39

## Starting Data/S006I017.PGM.atts

 338 longest primitives returned (179 lines, 159 arcs read, but returning only 3000 max elements for computational reasons)

 Time taken by traditional algorithm = 182.980349 (sec)
 min and max values of the distance matrix [0.145383 0.464159]
 Wanted to embed 338 magnets embedded 338 magnet
 Relaxing nanodisk array with pi/4 orientation as initial states for all disks and external field along x.
 Time Taken = 0.332000 picoseconds
 Relaxing nanodisk array with pi/4 orientation as initial states for all disks and external field along y.
 Time Taken = 0.332000 picoseconds
 Time taken by nanomagnet computing = 0.228435 (sec)
 Detection Rate 0.764354 at 0.502388 false alarm
startTime =

13-Jul-2014 07:53:39


endTIme =

13-Jul-2014 07:58:11

Elapsed time is 5.714033 seconds.

startTime =

13-Jul-2014 07:58:11

## Starting Data/S006I018.PGM.atts

 347 longest primitives returned (168 lines, 179 arcs read, but returning only 3000 max elements for computational reasons)

 Time taken by traditional algorithm = 26.560330 (sec)
 min and max values of the distance matrix [0.141560 0.464159]
 Wanted to embed 347 magnets embedded 347 magnet
 Relaxing nanodisk array with pi/4 orientation as initial states for all disks and external field along x.
 Time Taken = 0.332000 picoseconds
 Relaxing nanodisk array with pi/4 orientation as initial states for all disks and external field along y.
 Time Taken = 0.332000 picoseconds
 Time taken by nanomagnet computing = 0.217584 (sec)
 Detection Rate 0.817764 at 0.330801 false alarm
startTime =

13-Jul-2014 07:58:11


endTIme =

13-Jul-2014 08:00:10

Elapsed time is 4.481494 seconds.
>> [Warning: Objects of graph2d.lineseries class exist - not clearing this class
or any of its superclasses] 
