
                            < M A T L A B (R) >
                  Copyright 1984-2012 The MathWorks, Inc.
                    R2012b (8.0.0.783) 64-bit (glnxa64)
                              August 22, 2012

 
To get started, type one of these: helpwin, helpdesk, or demo.
For product information, visit www.mathworks.com.
 

img1 =

lilacbreastedroller.pgm.atts


img2 =

mailbox.pgm.atts


minGap =

   130


startTime =

13-Jul-2014 07:53:40

## Starting Data/lilacbreastedroller.pgm.atts

 385 longest primitives returned (150 lines, 235 arcs read, but returning only 3000 max elements for computational reasons)

 Time taken by traditional algorithm = 178.068870 (sec)
 min and max values of the distance matrix [0.184549 0.464159]
 Wanted to embed 385 magnets embedded 385 magnet
 Relaxing nanodisk array with pi/4 orientation as initial states for all disks and external field along x.
 Time Taken = 0.332000 picoseconds
 Relaxing nanodisk array with pi/4 orientation as initial states for all disks and external field along y.
 Time Taken = 0.332000 picoseconds
 Time taken by nanomagnet computing = 0.317851 (sec)
 Detection Rate 0.976523 at 0.229692 false alarm
startTime =

13-Jul-2014 07:53:40


endTIme =

13-Jul-2014 07:58:31

Elapsed time is 7.761296 seconds.

startTime =

13-Jul-2014 07:58:31

## Starting Data/mailbox.pgm.atts

 790 longest primitives returned (354 lines, 436 arcs read, but returning only 3000 max elements for computational reasons)

 Time taken by traditional algorithm = 144.676879 (sec)
 min and max values of the distance matrix [0.166811 0.464159]