
                            < M A T L A B (R) >
                  Copyright 1984-2012 The MathWorks, Inc.
                    R2012b (8.0.0.783) 64-bit (glnxa64)
                              August 22, 2012

 
To get started, type one of these: helpwin, helpdesk, or demo.
For product information, visit www.mathworks.com.
 

img1 =

S005I00A.PGM.atts


img2 =

S005I00B.PGM.atts


minGap =

   130


startTime =

13-Jul-2014 07:53:39

## Starting Data/S005I00A.PGM.atts

 235 longest primitives returned (112 lines, 123 arcs read, but returning only 3000 max elements for computational reasons)

 Time taken by traditional algorithm = 20.744525 (sec)
 min and max values of the distance matrix [0.198491 0.464159]
 Wanted to embed 235 magnets embedded 235 magnet
 Relaxing nanodisk array with pi/4 orientation as initial states for all disks and external field along x.
 Time Taken = 0.332000 picoseconds
 Relaxing nanodisk array with pi/4 orientation as initial states for all disks and external field along y.
 Time Taken = 0.332000 picoseconds
 Time taken by nanomagnet computing = 0.123835 (sec)
 Detection Rate 0.376035 at 0.534405 false alarm
startTime =

13-Jul-2014 07:53:39


endTIme =

13-Jul-2014 07:54:46

Elapsed time is 4.844722 seconds.

startTime =

13-Jul-2014 07:54:46

## Starting Data/S005I00B.PGM.atts

 454 longest primitives returned (256 lines, 198 arcs read, but returning only 3000 max elements for computational reasons)

 Time taken by traditional algorithm = 61.597685 (sec)
 min and max values of the distance matrix [0.173701 0.464159]