
                            < M A T L A B (R) >
                  Copyright 1984-2012 The MathWorks, Inc.
                    R2012b (8.0.0.783) 64-bit (glnxa64)
                              August 22, 2012

 
To get started, type one of these: helpwin, helpdesk, or demo.
For product information, visit www.mathworks.com.
 

img1 =

S005I008.pgm.atts


img2 =

S005I009.pgm.atts


minGap =

    35


startTime =

13-Jul-2014 19:13:20

## Starting Data/S005I008.pgm.atts

 384 longest primitives returned (217 lines, 167 arcs read, but returning only 3000 max elements for computational reasons)

 Time taken by traditional algorithm = 45.606015 (sec)
 min and max values of the distance matrix [0.164701 0.464159]
 Wanted to embed 384 magnets embedded 384 magnet
 Relaxing nanodisk array with pi/4 orientation as initial states for all disks and external field along x.
 Time Taken = 1.615000 picoseconds
 Relaxing nanodisk array with pi/4 orientation as initial states for all disks and external field along y.
 Time Taken = 1.615000 picoseconds
 Time taken by nanomagnet computing = 48.554289 (sec)
 Detection Rate 0.460955 at 0.237873 false alarm
startTime =

13-Jul-2014 19:13:20


endTIme =

13-Jul-2014 19:17:28

Elapsed time is 97.053335 seconds.

startTime =

13-Jul-2014 19:17:28

## Starting Data/S005I009.pgm.atts

 367 longest primitives returned (215 lines, 152 arcs read, but returning only 3000 max elements for computational reasons)

 Time taken by traditional algorithm = 29.036382 (sec)
 min and max values of the distance matrix [0.150971 0.464159]
 Wanted to embed 367 magnets embedded 367 magnet
 Relaxing nanodisk array with pi/4 orientation as initial states for all disks and external field along x.
 Time Taken = 7.041000 picoseconds
 Relaxing nanodisk array with pi/4 orientation as initial states for all disks and external field along y.
 Time Taken = 7.041000 picoseconds
 Time taken by nanomagnet computing = 0.243927 (sec)
 Detection Rate 0.733679 at 0.096862 false alarm
startTime =

13-Jul-2014 19:17:28


endTIme =

13-Jul-2014 19:21:01

Elapsed time is 86.283555 seconds.
>> [Warning: Objects of graph2d.lineseries class exist - not clearing this class
or any of its superclasses] 
