
                            < M A T L A B (R) >
                  Copyright 1984-2012 The MathWorks, Inc.
                    R2012b (8.0.0.783) 64-bit (glnxa64)
                              August 22, 2012

 
To get started, type one of these: helpwin, helpdesk, or demo.
For product information, visit www.mathworks.com.
 

img1 =

010.pgm.atts


img2 =

019.pgm.atts


minGap =

    35


startTime =

13-Jul-2014 19:12:57

## Starting Data/010.pgm.atts

 399 longest primitives returned (146 lines, 253 arcs read, but returning only 3000 max elements for computational reasons)

 Time taken by traditional algorithm = 48.834455 (sec)
 min and max values of the distance matrix [0.183615 0.464159]
 Wanted to embed 399 magnets embedded 399 magnet
 Relaxing nanodisk array with pi/4 orientation as initial states for all disks and external field along x.
 Time Taken = 37.900000 picoseconds
 Relaxing nanodisk array with pi/4 orientation as initial states for all disks and external field along y.
 Time Taken = 37.900000 picoseconds
 Time taken by nanomagnet computing = 57.529113 (sec)
 Detection Rate 0.380588 at 0.094858 false alarm
startTime =

13-Jul-2014 19:12:57


endTIme =

13-Jul-2014 19:23:23

Elapsed time is 461.636796 seconds.

startTime =

13-Jul-2014 19:23:23

## Starting Data/019.pgm.atts

 541 longest primitives returned (224 lines, 317 arcs read, but returning only 3000 max elements for computational reasons)

 Time taken by traditional algorithm = 52.903376 (sec)
 min and max values of the distance matrix [0.127266 0.464159]
 Wanted to embed 541 magnets embedded 541 magnet
 Relaxing nanodisk array with pi/4 orientation as initial states for all disks and external field along x.
 Time Taken = 10.021000 picoseconds
 Relaxing nanodisk array with pi/4 orientation as initial states for all disks and external field along y.
 Time Taken = 10.021000 picoseconds
 Time taken by nanomagnet computing = 0.577240 (sec)
 Detection Rate 0.672953 at 0.096549 false alarm
startTime =

13-Jul-2014 19:23:23


endTIme =

13-Jul-2014 19:30:34

Elapsed time is 169.232863 seconds.
>> [Warning: Objects of graph2d.lineseries class exist - not clearing this class
or any of its superclasses] 
