
                            < M A T L A B (R) >
                  Copyright 1984-2012 The MathWorks, Inc.
                    R2012b (8.0.0.783) 64-bit (glnxa64)
                              August 22, 2012

 
To get started, type one of these: helpwin, helpdesk, or demo.
For product information, visit www.mathworks.com.
 

img1 =

S004I00E.PGM.atts


img2 =

S005I001.pgm.atts


minGap =

    35


startTime =

13-Jul-2014 19:13:34

## Starting Data/S004I00E.PGM.atts

 683 longest primitives returned (242 lines, 441 arcs read, but returning only 3000 max elements for computational reasons)

 Time taken by traditional algorithm = 149.955187 (sec)
 min and max values of the distance matrix [0.165351 0.464159]
 Wanted to embed 683 magnets embedded 683 magnet
 Relaxing nanodisk array with pi/4 orientation as initial states for all disks and external field along x.
 Time Taken = 6.930000 picoseconds
 Relaxing nanodisk array with pi/4 orientation as initial states for all disks and external field along y.
 Time Taken = 6.930000 picoseconds
 Time taken by nanomagnet computing = 0.996671 (sec)
 Detection Rate 0.442532 at 0.097842 false alarm
startTime =

13-Jul-2014 19:13:34


endTIme =

13-Jul-2014 19:27:21

Elapsed time is 366.135404 seconds.

startTime =

13-Jul-2014 19:27:21

## Starting Data/S005I001.pgm.atts

 396 longest primitives returned (198 lines, 198 arcs read, but returning only 3000 max elements for computational reasons)

 Time taken by traditional algorithm = 34.606084 (sec)
 min and max values of the distance matrix [0.149493 0.464159]
 Wanted to embed 396 magnets embedded 396 magnet
 Relaxing nanodisk array with pi/4 orientation as initial states for all disks and external field along x.
 Time Taken = 2.667000 picoseconds
 Relaxing nanodisk array with pi/4 orientation as initial states for all disks and external field along y.
 Time Taken = 2.667000 picoseconds
 Time taken by nanomagnet computing = 0.289102 (sec)
 Detection Rate 0.450384 at 0.205387 false alarm
startTime =

13-Jul-2014 19:27:21


endTIme =

13-Jul-2014 19:30:56

Elapsed time is 63.034427 seconds.
>> [Warning: Objects of graph2d.lineseries class exist - not clearing this class
or any of its superclasses] 
