
                            < M A T L A B (R) >
                  Copyright 1984-2012 The MathWorks, Inc.
                    R2012b (8.0.0.783) 64-bit (glnxa64)
                              August 22, 2012

 
To get started, type one of these: helpwin, helpdesk, or demo.
For product information, visit www.mathworks.com.
 

img1 =

S004I001.PGM.atts


img2 =

S004I003.PGM.atts


minGap =

    35


startTime =

13-Jul-2014 19:13:17

## Starting Data/S004I001.PGM.atts

 408 longest primitives returned (183 lines, 225 arcs read, but returning only 3000 max elements for computational reasons)

 Time taken by traditional algorithm = 135.344381 (sec)
 min and max values of the distance matrix [0.143827 0.464159]
 Wanted to embed 408 magnets embedded 408 magnet
 Relaxing nanodisk array with pi/4 orientation as initial states for all disks and external field along x.
 Time Taken = 9.298000 picoseconds
 Relaxing nanodisk array with pi/4 orientation as initial states for all disks and external field along y.
 Time Taken = 9.298000 picoseconds
 Time taken by nanomagnet computing = 0.331389 (sec)
 Detection Rate 0.510246 at 0.093814 false alarm
startTime =

13-Jul-2014 19:13:17


endTIme =

13-Jul-2014 19:19:55

Elapsed time is 141.613319 seconds.

startTime =

13-Jul-2014 19:19:55

## Starting Data/S004I003.PGM.atts

 383 longest primitives returned (167 lines, 216 arcs read, but returning only 3000 max elements for computational reasons)

 Time taken by traditional algorithm = 31.401702 (sec)
 min and max values of the distance matrix [0.147216 0.464159]
 Wanted to embed 383 magnets embedded 383 magnet
 Relaxing nanodisk array with pi/4 orientation as initial states for all disks and external field along x.
 Time Taken = 9.361000 picoseconds
 Relaxing nanodisk array with pi/4 orientation as initial states for all disks and external field along y.
 Time Taken = 9.361000 picoseconds
 Time taken by nanomagnet computing = 0.267547 (sec)
 Detection Rate 0.633678 at 0.097362 false alarm
startTime =

13-Jul-2014 19:19:55


endTIme =

13-Jul-2014 19:24:10

Elapsed time is 111.952898 seconds.
>> [Warning: Objects of graph2d.lineseries class exist - not clearing this class
or any of its superclasses] 
