
                            < M A T L A B (R) >
                  Copyright 1984-2012 The MathWorks, Inc.
                    R2012b (8.0.0.783) 64-bit (glnxa64)
                              August 22, 2012

 
To get started, type one of these: helpwin, helpdesk, or demo.
For product information, visit www.mathworks.com.
 

img1 =

S006I009.PGM.atts


img2 =

S006I00A.PGM.atts


minGap =

    35


startTime =

13-Jul-2014 19:13:35

## Starting Data/S006I009.PGM.atts

 406 longest primitives returned (213 lines, 193 arcs read, but returning only 3000 max elements for computational reasons)

 Time taken by traditional algorithm = 102.030242 (sec)
 min and max values of the distance matrix [0.165035 0.464159]
 Wanted to embed 406 magnets embedded 406 magnet
 Relaxing nanodisk array with pi/4 orientation as initial states for all disks and external field along x.
 Time Taken = 7.472000 picoseconds
 Relaxing nanodisk array with pi/4 orientation as initial states for all disks and external field along y.
 Time Taken = 7.472000 picoseconds
 Time taken by nanomagnet computing = 0.691791 (sec)
 Detection Rate 0.475607 at 0.099468 false alarm
startTime =

13-Jul-2014 19:13:35


endTIme =

13-Jul-2014 19:18:43

Elapsed time is 99.723140 seconds.

startTime =

13-Jul-2014 19:18:43

## Starting Data/S006I00A.PGM.atts

 429 longest primitives returned (219 lines, 210 arcs read, but returning only 3000 max elements for computational reasons)

 Time taken by traditional algorithm = 31.754640 (sec)
 min and max values of the distance matrix [0.192804 0.464159]
 Wanted to embed 429 magnets embedded 429 magnet
 Relaxing nanodisk array with pi/4 orientation as initial states for all disks and external field along x.
 Time Taken = 1.540000 picoseconds
 Relaxing nanodisk array with pi/4 orientation as initial states for all disks and external field along y.
 Time Taken = 1.540000 picoseconds
 Time taken by nanomagnet computing = 0.298721 (sec)
 Detection Rate 0.415806 at 0.147590 false alarm
startTime =

13-Jul-2014 19:18:43


endTIme =

13-Jul-2014 19:23:02

Elapsed time is 109.747641 seconds.
>> [Warning: Objects of graph2d.lineseries class exist - not clearing this class
or any of its superclasses] 
