
                            < M A T L A B (R) >
                  Copyright 1984-2012 The MathWorks, Inc.
                    R2012b (8.0.0.783) 64-bit (glnxa64)
                              August 22, 2012

 
To get started, type one of these: helpwin, helpdesk, or demo.
For product information, visit www.mathworks.com.
 

img1 =

S005I006.pgm.atts


img2 =

S005I007.pgm.atts


minGap =

    35


startTime =

13-Jul-2014 19:13:17

## Starting Data/S005I006.pgm.atts

 422 longest primitives returned (225 lines, 197 arcs read, but returning only 3000 max elements for computational reasons)

 Time taken by traditional algorithm = 127.149013 (sec)
 min and max values of the distance matrix [0.168406 0.464159]
 Wanted to embed 422 magnets embedded 422 magnet
 Relaxing nanodisk array with pi/4 orientation as initial states for all disks and external field along x.
 Time Taken = 9.919000 picoseconds
 Relaxing nanodisk array with pi/4 orientation as initial states for all disks and external field along y.
 Time Taken = 9.919000 picoseconds
 Time taken by nanomagnet computing = 0.369733 (sec)
 Detection Rate 0.376178 at 0.086221 false alarm
startTime =

13-Jul-2014 19:13:17


endTIme =

13-Jul-2014 19:20:39

Elapsed time is 187.354144 seconds.

startTime =

13-Jul-2014 19:20:39

## Starting Data/S005I007.pgm.atts

 388 longest primitives returned (221 lines, 167 arcs read, but returning only 3000 max elements for computational reasons)

 Time taken by traditional algorithm = 31.463684 (sec)
 min and max values of the distance matrix [0.146645 0.464159]
 Wanted to embed 388 magnets embedded 388 magnet
 Relaxing nanodisk array with pi/4 orientation as initial states for all disks and external field along x.
 Time Taken = 1.474000 picoseconds
 Relaxing nanodisk array with pi/4 orientation as initial states for all disks and external field along y.
 Time Taken = 1.474000 picoseconds
 Time taken by nanomagnet computing = 0.285274 (sec)
 Detection Rate 0.717475 at 0.366459 false alarm
startTime =

13-Jul-2014 19:20:39


endTIme =

13-Jul-2014 19:24:08

Elapsed time is 68.341298 seconds.
>> [Warning: Objects of graph2d.lineseries class exist - not clearing this class
or any of its superclasses] 
