
                            < M A T L A B (R) >
                  Copyright 1984-2012 The MathWorks, Inc.
                    R2012b (8.0.0.783) 64-bit (glnxa64)
                              August 22, 2012

 
To get started, type one of these: helpwin, helpdesk, or demo.
For product information, visit www.mathworks.com.
 

img1 =

S005I004.pgm.atts


img2 =

S005I005.pgm.atts


minGap =

    35


startTime =

13-Jul-2014 19:13:27

## Starting Data/S005I004.pgm.atts

 323 longest primitives returned (203 lines, 120 arcs read, but returning only 3000 max elements for computational reasons)

 Time taken by traditional algorithm = 34.149941 (sec)
 min and max values of the distance matrix [0.149010 0.464159]
 Wanted to embed 323 magnets embedded 323 magnet
 Relaxing nanodisk array with pi/4 orientation as initial states for all disks and external field along x.
 Time Taken = 1.021000 picoseconds
 Relaxing nanodisk array with pi/4 orientation as initial states for all disks and external field along y.
 Time Taken = 1.021000 picoseconds
 Time taken by nanomagnet computing = 63.949852 (sec)
 Detection Rate 0.570433 at 0.343253 false alarm
startTime =

13-Jul-2014 19:13:27


endTIme =

13-Jul-2014 19:17:05

Elapsed time is 107.079467 seconds.

startTime =

13-Jul-2014 19:17:05

## Starting Data/S005I005.pgm.atts

 385 longest primitives returned (203 lines, 182 arcs read, but returning only 3000 max elements for computational reasons)

 Time taken by traditional algorithm = 31.283570 (sec)
 min and max values of the distance matrix [0.154284 0.464159]
 Wanted to embed 385 magnets embedded 385 magnet
 Relaxing nanodisk array with pi/4 orientation as initial states for all disks and external field along x.
 Time Taken = 6.911000 picoseconds
 Relaxing nanodisk array with pi/4 orientation as initial states for all disks and external field along y.
 Time Taken = 6.911000 picoseconds
 Time taken by nanomagnet computing = 0.271074 (sec)
 Detection Rate 0.716635 at 0.097072 false alarm
startTime =

13-Jul-2014 19:17:05


endTIme =

13-Jul-2014 19:21:06

Elapsed time is 101.770396 seconds.
>> [Warning: Objects of graph2d.lineseries class exist - not clearing this class
or any of its superclasses] 
