
                            < M A T L A B (R) >
                  Copyright 1984-2012 The MathWorks, Inc.
                    R2012b (8.0.0.783) 64-bit (glnxa64)
                              August 22, 2012

 
To get started, type one of these: helpwin, helpdesk, or demo.
For product information, visit www.mathworks.com.
 

img1 =

dog2.pgm.atts


img2 =

dog3.pgm.atts


minGap =

    35


startTime =

13-Jul-2014 19:13:19

## Starting Data/dog2.pgm.atts

 544 longest primitives returned (236 lines, 308 arcs read, but returning only 3000 max elements for computational reasons)

 Time taken by traditional algorithm = 93.981729 (sec)
 min and max values of the distance matrix [0.174817 0.464159]
 Wanted to embed 544 magnets embedded 544 magnet
 Relaxing nanodisk array with pi/4 orientation as initial states for all disks and external field along x.
 Time Taken = 51.034000 picoseconds
 Relaxing nanodisk array with pi/4 orientation as initial states for all disks and external field along y.
 Time Taken = 51.034000 picoseconds
 Time taken by nanomagnet computing = 0.641333 (sec)
 Detection Rate 0.342766 at 0.096083 false alarm
startTime =

13-Jul-2014 19:13:19


endTIme =

13-Jul-2014 19:34:50

Elapsed time is 984.943866 seconds.

startTime =

13-Jul-2014 19:34:50

## Starting Data/dog3.pgm.atts

 619 longest primitives returned (288 lines, 331 arcs read, but returning only 3000 max elements for computational reasons)

 Time taken by traditional algorithm = 66.386922 (sec)
 min and max values of the distance matrix [0.176009 0.464159]
 Wanted to embed 619 magnets embedded 619 magnet
 Relaxing nanodisk array with pi/4 orientation as initial states for all disks and external field along x.
 Time Taken = 33.428000 picoseconds
 Relaxing nanodisk array with pi/4 orientation as initial states for all disks and external field along y.
 Time Taken = 33.428000 picoseconds
 Time taken by nanomagnet computing = 0.825040 (sec)
 Detection Rate 0.450797 at 0.097649 false alarm
startTime =

13-Jul-2014 19:34:50


endTIme =

13-Jul-2014 19:52:11

Elapsed time is 700.543784 seconds.
>> [Warning: Objects of graph2d.lineseries class exist - not clearing this class
or any of its superclasses] 
