
                            < M A T L A B (R) >
                  Copyright 1984-2012 The MathWorks, Inc.
                    R2012b (8.0.0.783) 64-bit (glnxa64)
                              August 22, 2012

 
To get started, type one of these: helpwin, helpdesk, or demo.
For product information, visit www.mathworks.com.
 

img1 =

S004I00C.PGM.atts


img2 =

S004I00D.PGM.atts


minGap =

    35


startTime =

13-Jul-2014 19:13:30

## Starting Data/S004I00C.PGM.atts

 361 longest primitives returned (173 lines, 188 arcs read, but returning only 3000 max elements for computational reasons)

 Time taken by traditional algorithm = 110.159781 (sec)
 min and max values of the distance matrix [0.134978 0.464159]
 Wanted to embed 361 magnets embedded 361 magnet
 Relaxing nanodisk array with pi/4 orientation as initial states for all disks and external field along x.
 Time Taken = 12.019000 picoseconds
 Relaxing nanodisk array with pi/4 orientation as initial states for all disks and external field along y.
 Time Taken = 12.019000 picoseconds
 Time taken by nanomagnet computing = 0.254200 (sec)
 Detection Rate 0.740122 at 0.094728 false alarm
startTime =

13-Jul-2014 19:13:30


endTIme =

13-Jul-2014 19:19:06

Elapsed time is 130.876616 seconds.

startTime =

13-Jul-2014 19:19:06

## Starting Data/S004I00D.PGM.atts

 455 longest primitives returned (214 lines, 241 arcs read, but returning only 3000 max elements for computational reasons)

 Time taken by traditional algorithm = 40.210449 (sec)
 min and max values of the distance matrix [0.144927 0.464159]
 Wanted to embed 455 magnets embedded 455 magnet
 Relaxing nanodisk array with pi/4 orientation as initial states for all disks and external field along x.
 Time Taken = 17.449000 picoseconds
 Relaxing nanodisk array with pi/4 orientation as initial states for all disks and external field along y.
 Time Taken = 17.449000 picoseconds
 Time taken by nanomagnet computing = 0.390566 (sec)
 Detection Rate 0.500360 at 0.094567 false alarm
startTime =

13-Jul-2014 19:19:06


endTIme =

13-Jul-2014 19:26:57

Elapsed time is 275.280139 seconds.
>> [Warning: Objects of graph2d.lineseries class exist - not clearing this class
or any of its superclasses] 
