
                            < M A T L A B (R) >
                  Copyright 1984-2012 The MathWorks, Inc.
                    R2012b (8.0.0.783) 64-bit (glnxa64)
                              August 22, 2012

 
To get started, type one of these: helpwin, helpdesk, or demo.
For product information, visit www.mathworks.com.
 

img1 =

S006I017.PGM.atts


img2 =

S006I018.PGM.atts


minGap =

    35


startTime =

13-Jul-2014 19:13:20

## Starting Data/S006I017.PGM.atts

 338 longest primitives returned (179 lines, 159 arcs read, but returning only 3000 max elements for computational reasons)

 Time taken by traditional algorithm = 37.914768 (sec)
 min and max values of the distance matrix [0.145383 0.464159]
 Wanted to embed 338 magnets embedded 338 magnet
 Relaxing nanodisk array with pi/4 orientation as initial states for all disks and external field along x.
 Time Taken = 9.899000 picoseconds
 Relaxing nanodisk array with pi/4 orientation as initial states for all disks and external field along y.
 Time Taken = 9.899000 picoseconds
 Time taken by nanomagnet computing = 78.848686 (sec)
 Detection Rate 0.535287 at 0.099774 false alarm
startTime =

13-Jul-2014 19:13:20


endTIme =

13-Jul-2014 19:18:31

Elapsed time is 190.939121 seconds.

startTime =

13-Jul-2014 19:18:31

## Starting Data/S006I018.PGM.atts

 347 longest primitives returned (168 lines, 179 arcs read, but returning only 3000 max elements for computational reasons)

 Time taken by traditional algorithm = 26.915867 (sec)
 min and max values of the distance matrix [0.141560 0.464159]
 Wanted to embed 347 magnets embedded 347 magnet
 Relaxing nanodisk array with pi/4 orientation as initial states for all disks and external field along x.
 Time Taken = 11.688000 picoseconds
 Relaxing nanodisk array with pi/4 orientation as initial states for all disks and external field along y.
 Time Taken = 11.688000 picoseconds
 Time taken by nanomagnet computing = 0.211019 (sec)
 Detection Rate 0.387717 at 0.086905 false alarm
startTime =

13-Jul-2014 19:18:31


endTIme =

13-Jul-2014 19:22:39

Elapsed time is 128.357236 seconds.
>> [Warning: Objects of graph2d.lineseries class exist - not clearing this class
or any of its superclasses] 
