
                            < M A T L A B (R) >
                  Copyright 1984-2012 The MathWorks, Inc.
                    R2012b (8.0.0.783) 64-bit (glnxa64)
                              August 22, 2012

 
To get started, type one of these: helpwin, helpdesk, or demo.
For product information, visit www.mathworks.com.
 

img1 =

zebra.pgm.atts


img2 =

zebra1.pgm.atts


minGap =

    35


startTime =

13-Jul-2014 19:23:41

## Starting Data/zebra.pgm.atts

 729 longest primitives returned (283 lines, 446 arcs read, but returning only 3000 max elements for computational reasons)

 Time taken by traditional algorithm = 183.586370 (sec)
 min and max values of the distance matrix [0.163764 0.464159]
 Wanted to embed 729 magnets embedded 729 magnet
 Relaxing nanodisk array with pi/4 orientation as initial states for all disks and external field along x.
 Time Taken = 6.626000 picoseconds
 Relaxing nanodisk array with pi/4 orientation as initial states for all disks and external field along y.
 Time Taken = 6.626000 picoseconds
 Time taken by nanomagnet computing = 1.347654 (sec)
 Detection Rate 0.260887 at 0.097952 false alarm
startTime =

13-Jul-2014 19:23:41


endTIme =

13-Jul-2014 19:38:41

Elapsed time is 327.512760 seconds.

startTime =

13-Jul-2014 19:38:41

## Starting Data/zebra1.pgm.atts

 674 longest primitives returned (250 lines, 424 arcs read, but returning only 3000 max elements for computational reasons)

 Time taken by traditional algorithm = 79.332207 (sec)
 min and max values of the distance matrix [0.155145 0.464159]
 Wanted to embed 674 magnets embedded 674 magnet
 Relaxing nanodisk array with pi/4 orientation as initial states for all disks and external field along x.
 Time Taken = 13.581000 picoseconds
 Relaxing nanodisk array with pi/4 orientation as initial states for all disks and external field along y.
 Time Taken = 13.581000 picoseconds
 Time taken by nanomagnet computing = 1.002757 (sec)
 Detection Rate 0.318882 at 0.098587 false alarm
startTime =

13-Jul-2014 19:38:41


endTIme =

13-Jul-2014 19:51:19

Elapsed time is 351.555406 seconds.
>> [Warning: Objects of graph2d.lineseries class exist - not clearing this class
or any of its superclasses] 
