
                            < M A T L A B (R) >
                  Copyright 1984-2012 The MathWorks, Inc.
                    R2012b (8.0.0.783) 64-bit (glnxa64)
                              August 22, 2012

 
To get started, type one of these: helpwin, helpdesk, or demo.
For product information, visit www.mathworks.com.
 

img1 =

boatbilledheron.pgm.atts


img2 =

buildings.pgm.atts


minGap =

    35


startTime =

13-Jul-2014 19:13:34

## Starting Data/boatbilledheron.pgm.atts

 257 longest primitives returned (104 lines, 153 arcs read, but returning only 3000 max elements for computational reasons)

 Time taken by traditional algorithm = 23.343468 (sec)
 min and max values of the distance matrix [0.195008 0.464159]
 Wanted to embed 257 magnets embedded 257 magnet
 Relaxing nanodisk array with pi/4 orientation as initial states for all disks and external field along x.
 Time Taken = 10.013000 picoseconds
 Relaxing nanodisk array with pi/4 orientation as initial states for all disks and external field along y.
 Time Taken = 10.013000 picoseconds
 Time taken by nanomagnet computing = 0.129334 (sec)
 Detection Rate 0.526354 at 0.092401 false alarm
startTime =

13-Jul-2014 19:13:34


endTIme =

13-Jul-2014 19:16:22

Elapsed time is 98.813030 seconds.

startTime =

13-Jul-2014 19:16:22

## Starting Data/buildings.pgm.atts

 699 longest primitives returned (290 lines, 409 arcs read, but returning only 3000 max elements for computational reasons)

 Time taken by traditional algorithm = 195.131390 (sec)
 min and max values of the distance matrix [0.162696 0.464159]
 Wanted to embed 699 magnets embedded 699 magnet
 Relaxing nanodisk array with pi/4 orientation as initial states for all disks and external field along x.
 Time Taken = 9.347000 picoseconds
 Relaxing nanodisk array with pi/4 orientation as initial states for all disks and external field along y.
 Time Taken = 9.347000 picoseconds
 Time taken by nanomagnet computing = 1.074445 (sec)
 Detection Rate 0.450198 at 0.091010 false alarm
startTime =

13-Jul-2014 19:16:22


endTIme =

13-Jul-2014 20:04:58

Elapsed time is 2379.535476 seconds.
>> [Warning: Objects of graph2d.lineseries class exist - not clearing this class
or any of its superclasses] 
