
                            < M A T L A B (R) >
                  Copyright 1984-2012 The MathWorks, Inc.
                    R2012b (8.0.0.783) 64-bit (glnxa64)
                              August 22, 2012

 
To get started, type one of these: helpwin, helpdesk, or demo.
For product information, visit www.mathworks.com.
 

img1 =

S006I00B.PGM.atts


img2 =

S006I00E.PGM.atts


minGap =

    35


startTime =

13-Jul-2014 19:13:30

## Starting Data/S006I00B.PGM.atts

 340 longest primitives returned (170 lines, 170 arcs read, but returning only 3000 max elements for computational reasons)

 Time taken by traditional algorithm = 38.294318 (sec)
 min and max values of the distance matrix [0.148164 0.464159]
 Wanted to embed 340 magnets embedded 340 magnet
 Relaxing nanodisk array with pi/4 orientation as initial states for all disks and external field along x.
 Time Taken = 33.859000 picoseconds
 Relaxing nanodisk array with pi/4 orientation as initial states for all disks and external field along y.
 Time Taken = 33.859000 picoseconds
 Time taken by nanomagnet computing = 49.285914 (sec)
 Detection Rate 0.432688 at 0.165098 false alarm
startTime =

13-Jul-2014 19:13:30


endTIme =

13-Jul-2014 19:21:04

Elapsed time is 331.925907 seconds.

startTime =

13-Jul-2014 19:21:04

## Starting Data/S006I00E.PGM.atts

 444 longest primitives returned (214 lines, 230 arcs read, but returning only 3000 max elements for computational reasons)

 Time taken by traditional algorithm = 37.771395 (sec)
 min and max values of the distance matrix [0.151784 0.464159]
 Wanted to embed 444 magnets embedded 444 magnet
 Relaxing nanodisk array with pi/4 orientation as initial states for all disks and external field along x.
 Time Taken = 1.160000 picoseconds
 Relaxing nanodisk array with pi/4 orientation as initial states for all disks and external field along y.
 Time Taken = 1.160000 picoseconds
 Time taken by nanomagnet computing = 0.374497 (sec)
 Detection Rate 0.818325 at 0.234684 false alarm
startTime =

13-Jul-2014 19:21:04


endTIme =

13-Jul-2014 19:25:50

Elapsed time is 102.238545 seconds.
>> [Warning: Objects of graph2d.lineseries class exist - not clearing this class
or any of its superclasses] 
