
                            < M A T L A B (R) >
                  Copyright 1984-2012 The MathWorks, Inc.
                    R2012b (8.0.0.783) 64-bit (glnxa64)
                              August 22, 2012

 
To get started, type one of these: helpwin, helpdesk, or demo.
For product information, visit www.mathworks.com.
 

img1 =

103.pgm.atts


img2 =

104.pgm.atts


minGap =

    35


startTime =

13-Jul-2014 19:13:34

## Starting Data/103.pgm.atts

 524 longest primitives returned (188 lines, 336 arcs read, but returning only 3000 max elements for computational reasons)

 Time taken by traditional algorithm = 75.443901 (sec)
 min and max values of the distance matrix [0.141541 0.464159]
 Wanted to embed 524 magnets embedded 524 magnet
 Relaxing nanodisk array with pi/4 orientation as initial states for all disks and external field along x.
 Time Taken = 94.377000 picoseconds
 Relaxing nanodisk array with pi/4 orientation as initial states for all disks and external field along y.
 Time Taken = 94.377000 picoseconds
 Time taken by nanomagnet computing = 0.519149 (sec)
 Detection Rate 0.525898 at 0.198604 false alarm
startTime =

13-Jul-2014 19:13:34


endTIme =

13-Jul-2014 19:44:25

Elapsed time is 1594.619725 seconds.

startTime =

13-Jul-2014 19:44:25

## Starting Data/104.pgm.atts

 657 longest primitives returned (337 lines, 320 arcs read, but returning only 3000 max elements for computational reasons)

 Time taken by traditional algorithm = 66.012975 (sec)
 min and max values of the distance matrix [0.152032 0.464159]
 Wanted to embed 657 magnets embedded 657 magnet
 Relaxing nanodisk array with pi/4 orientation as initial states for all disks and external field along x.
 Time Taken = 7.125000 picoseconds
 Relaxing nanodisk array with pi/4 orientation as initial states for all disks and external field along y.
 Time Taken = 7.125000 picoseconds
 Time taken by nanomagnet computing = 0.892271 (sec)
 Detection Rate 0.193142 at 0.098939 false alarm
startTime =

13-Jul-2014 19:44:25


endTIme =

13-Jul-2014 19:54:20

Elapsed time is 248.628890 seconds.
>> [Warning: Objects of graph2d.lineseries class exist - not clearing this class
or any of its superclasses] 
