
                            < M A T L A B (R) >
                  Copyright 1984-2012 The MathWorks, Inc.
                    R2012b (8.0.0.783) 64-bit (glnxa64)
                              August 22, 2012

 
To get started, type one of these: helpwin, helpdesk, or demo.
For product information, visit www.mathworks.com.
 

img1 =

tiger_m.pgm.atts


img2 =

woods.pgm.atts


minGap =

    35


startTime =

13-Jul-2014 19:23:39

## Starting Data/tiger_m.pgm.atts

 648 longest primitives returned (252 lines, 396 arcs read, but returning only 3000 max elements for computational reasons)

 Time taken by traditional algorithm = 129.996013 (sec)
 min and max values of the distance matrix [0.186162 0.464159]
 Wanted to embed 648 magnets embedded 648 magnet
 Relaxing nanodisk array with pi/4 orientation as initial states for all disks and external field along x.
 Time Taken = 1.876000 picoseconds
 Relaxing nanodisk array with pi/4 orientation as initial states for all disks and external field along y.
 Time Taken = 1.876000 picoseconds
 Time taken by nanomagnet computing = 1.065209 (sec)
 Detection Rate 0.368076 at 0.096863 false alarm
startTime =

13-Jul-2014 19:23:39


endTIme =

13-Jul-2014 19:39:07

Elapsed time is 485.985297 seconds.

startTime =

13-Jul-2014 19:39:07

## Starting Data/woods.pgm.atts

 576 longest primitives returned (221 lines, 355 arcs read, but returning only 3000 max elements for computational reasons)

 Time taken by traditional algorithm = 57.971425 (sec)
 min and max values of the distance matrix [0.173338 0.464159]
 Wanted to embed 576 magnets embedded 576 magnet
 Relaxing nanodisk array with pi/4 orientation as initial states for all disks and external field along x.
 Time Taken = 26.100000 picoseconds
 Relaxing nanodisk array with pi/4 orientation as initial states for all disks and external field along y.
 Time Taken = 26.100000 picoseconds
 Time taken by nanomagnet computing = 0.646935 (sec)
 Detection Rate 0.295889 at 0.096545 false alarm
startTime =

13-Jul-2014 19:39:07


endTIme =

13-Jul-2014 19:52:48

Elapsed time is 525.042690 seconds.
>> [Warning: Objects of graph2d.lineseries class exist - not clearing this class
or any of its superclasses] 
