
                            < M A T L A B (R) >
                  Copyright 1984-2012 The MathWorks, Inc.
                    R2012b (8.0.0.783) 64-bit (glnxa64)
                              August 22, 2012

 
To get started, type one of these: helpwin, helpdesk, or demo.
For product information, visit www.mathworks.com.
 

img1 =

S005I00C.PGM.atts


img2 =

S006I008.PGM.atts


minGap =

    35


startTime =

13-Jul-2014 19:13:31

## Starting Data/S005I00C.PGM.atts

 455 longest primitives returned (255 lines, 200 arcs read, but returning only 3000 max elements for computational reasons)

 Time taken by traditional algorithm = 76.451252 (sec)
 min and max values of the distance matrix [0.159123 0.464159]
 Wanted to embed 455 magnets embedded 455 magnet
 Relaxing nanodisk array with pi/4 orientation as initial states for all disks and external field along x.
 Time Taken = 6.319000 picoseconds
 Relaxing nanodisk array with pi/4 orientation as initial states for all disks and external field along y.
 Time Taken = 6.319000 picoseconds
 Time taken by nanomagnet computing = 0.407616 (sec)
 Detection Rate 0.899330 at 0.096652 false alarm
startTime =

13-Jul-2014 19:13:31


endTIme =

13-Jul-2014 19:29:15

Elapsed time is 718.614289 seconds.

startTime =

13-Jul-2014 19:29:15

## Starting Data/S006I008.PGM.atts

 341 longest primitives returned (183 lines, 158 arcs read, but returning only 3000 max elements for computational reasons)

 Time taken by traditional algorithm = 26.032753 (sec)
 min and max values of the distance matrix [0.136955 0.464159]
 Wanted to embed 341 magnets embedded 341 magnet
 Relaxing nanodisk array with pi/4 orientation as initial states for all disks and external field along x.
 Time Taken = 1.979000 picoseconds
 Relaxing nanodisk array with pi/4 orientation as initial states for all disks and external field along y.
 Time Taken = 1.979000 picoseconds
 Time taken by nanomagnet computing = 0.206829 (sec)
 Detection Rate 0.607900 at 0.362793 false alarm
startTime =

13-Jul-2014 19:29:15


endTIme =

13-Jul-2014 19:32:09

Elapsed time is 63.179367 seconds.
>> [Warning: Objects of graph2d.lineseries class exist - not clearing this class
or any of its superclasses] 
