
                            < M A T L A B (R) >
                  Copyright 1984-2012 The MathWorks, Inc.
                    R2012b (8.0.0.783) 64-bit (glnxa64)
                              August 22, 2012

 
To get started, type one of these: helpwin, helpdesk, or demo.
For product information, visit www.mathworks.com.
 

img1 =

giraffe.pgm.atts


img2 =

goldenbackedwoodpecker.pgm.atts


minGap =

    35


startTime =

13-Jul-2014 19:23:31

## Starting Data/giraffe.pgm.atts

 767 longest primitives returned (303 lines, 464 arcs read, but returning only 3000 max elements for computational reasons)

 Time taken by traditional algorithm = 204.798233 (sec)
 min and max values of the distance matrix [0.143804 0.464159]
 Wanted to embed 767 magnets embedded 767 magnet
 Relaxing nanodisk array with pi/4 orientation as initial states for all disks and external field along x.
 Time Taken = 14.499000 picoseconds
 Relaxing nanodisk array with pi/4 orientation as initial states for all disks and external field along y.
 Time Taken = 14.499000 picoseconds
 Time taken by nanomagnet computing = 1.442911 (sec)
 Detection Rate 0.417860 at 0.099984 false alarm
startTime =

13-Jul-2014 19:23:31


endTIme =

13-Jul-2014 19:44:59

Elapsed time is 654.444221 seconds.

startTime =

13-Jul-2014 19:44:59

## Starting Data/goldenbackedwoodpecker.pgm.atts

 601 longest primitives returned (192 lines, 409 arcs read, but returning only 3000 max elements for computational reasons)

 Time taken by traditional algorithm = 64.570018 (sec)
 min and max values of the distance matrix [0.177938 0.464159]
 Wanted to embed 601 magnets embedded 601 magnet
 Relaxing nanodisk array with pi/4 orientation as initial states for all disks and external field along x.
 Time Taken = 27.193000 picoseconds
 Relaxing nanodisk array with pi/4 orientation as initial states for all disks and external field along y.
 Time Taken = 27.193000 picoseconds
 Time taken by nanomagnet computing = 0.780041 (sec)
 Detection Rate 0.386393 at 0.097960 false alarm
startTime =

13-Jul-2014 19:44:59


endTIme =

13-Jul-2014 20:05:54

Elapsed time is 924.921909 seconds.
>> [Warning: Objects of graph2d.lineseries class exist - not clearing this class
or any of its superclasses] 
