
                            < M A T L A B (R) >
                  Copyright 1984-2012 The MathWorks, Inc.
                    R2012b (8.0.0.783) 64-bit (glnxa64)
                              August 22, 2012

 
To get started, type one of these: helpwin, helpdesk, or demo.
For product information, visit www.mathworks.com.
 

img1 =

colobus.pgm.atts


img2 =

dog1.pgm.atts


minGap =

    35


startTime =

13-Jul-2014 19:13:29

## Starting Data/colobus.pgm.atts

 87 longest primitives returned (42 lines, 45 arcs read, but returning only 3000 max elements for computational reasons)

 Time taken by traditional algorithm = 3.084635 (sec)
 min and max values of the distance matrix [0.215282 0.464159]
 Wanted to embed 87 magnets embedded 87 magnet
 Relaxing nanodisk array with pi/4 orientation as initial states for all disks and external field along x.
 Time Taken = 0.829000 picoseconds
 Relaxing nanodisk array with pi/4 orientation as initial states for all disks and external field along y.
 Time Taken = 0.829000 picoseconds
 Time taken by nanomagnet computing = 0.035073 (sec)
 Detection Rate 0.789360 at 0.108813 false alarm
startTime =

13-Jul-2014 19:13:29


endTIme =

13-Jul-2014 19:13:42

Elapsed time is 4.327417 seconds.

startTime =

13-Jul-2014 19:13:42

## Starting Data/dog1.pgm.atts

 457 longest primitives returned (205 lines, 252 arcs read, but returning only 3000 max elements for computational reasons)

 Time taken by traditional algorithm = 62.546559 (sec)
 min and max values of the distance matrix [0.163272 0.464159]
 Wanted to embed 457 magnets embedded 457 magnet
 Relaxing nanodisk array with pi/4 orientation as initial states for all disks and external field along x.
 Time Taken = 0.688000 picoseconds
 Relaxing nanodisk array with pi/4 orientation as initial states for all disks and external field along y.
 Time Taken = 0.688000 picoseconds
 Time taken by nanomagnet computing = 0.399981 (sec)
 Detection Rate 0.622168 at 0.202440 false alarm
startTime =

13-Jul-2014 19:13:42


endTIme =

13-Jul-2014 19:19:29

Elapsed time is 132.806252 seconds.
>> [Warning: Objects of graph2d.lineseries class exist - not clearing this class
or any of its superclasses] 
