
                            < M A T L A B (R) >
                  Copyright 1984-2012 The MathWorks, Inc.
                    R2012b (8.0.0.783) 64-bit (glnxa64)
                              August 22, 2012

 
To get started, type one of these: helpwin, helpdesk, or demo.
For product information, visit www.mathworks.com.
 

img1 =

coffee.pgm.atts


img2 =

collarlemur.pgm.atts


minGap =

    35


startTime =

13-Jul-2014 19:13:31

## Starting Data/coffee.pgm.atts

 494 longest primitives returned (204 lines, 290 arcs read, but returning only 3000 max elements for computational reasons)

 Time taken by traditional algorithm = 77.886195 (sec)
 min and max values of the distance matrix [0.137746 0.464159]
 Wanted to embed 494 magnets embedded 494 magnet
 Relaxing nanodisk array with pi/4 orientation as initial states for all disks and external field along x.
 Time Taken = 8.429000 picoseconds
 Relaxing nanodisk array with pi/4 orientation as initial states for all disks and external field along y.
 Time Taken = 8.429000 picoseconds
 Time taken by nanomagnet computing = 0.674500 (sec)
 Detection Rate 0.496374 at 0.099022 false alarm
startTime =

13-Jul-2014 19:13:31


endTIme =

13-Jul-2014 19:20:15

Elapsed time is 151.027425 seconds.

startTime =

13-Jul-2014 19:20:15

## Starting Data/collarlemur.pgm.atts

 75 longest primitives returned (32 lines, 43 arcs read, but returning only 3000 max elements for computational reasons)

 Time taken by traditional algorithm = 2.162935 (sec)
 min and max values of the distance matrix [0.218957 0.464159]
 Wanted to embed 75 magnets embedded 75 magnet
 Relaxing nanodisk array with pi/4 orientation as initial states for all disks and external field along x.
 Time Taken = 0.578000 picoseconds
 Relaxing nanodisk array with pi/4 orientation as initial states for all disks and external field along y.
 Time Taken = 0.578000 picoseconds
 Time taken by nanomagnet computing = 0.008392 (sec)
 Detection Rate 0.598818 at 0.149685 false alarm
startTime =

13-Jul-2014 19:20:15


endTIme =

13-Jul-2014 19:20:23

Elapsed time is 0.566467 seconds.
>> [Warning: Objects of graph2d.lineseries class exist - not clearing this class
or any of its superclasses] 
