
                            < M A T L A B (R) >
                  Copyright 1984-2012 The MathWorks, Inc.
                    R2012b (8.0.0.783) 64-bit (glnxa64)
                              August 22, 2012

 
To get started, type one of these: helpwin, helpdesk, or demo.
For product information, visit www.mathworks.com.
 

img1 =

220.pgm.atts


img2 =

222.pgm.atts


minGap =

    35


startTime =

13-Jul-2014 19:13:34


startTime =

13-Jul-2014 19:13:34


endTIme =

13-Jul-2014 19:13:35

Elapsed time is 0.803443 seconds.

startTime =

13-Jul-2014 19:13:35

## Starting Data/222.pgm.atts

 1080 longest primitives returned (374 lines, 706 arcs read, but returning only 3000 max elements for computational reasons)

 Time taken by traditional algorithm = 268.749093 (sec)
 min and max values of the distance matrix [0.151457 0.464159]
 Wanted to embed 1080 magnets embedded 1080 magnet
 Relaxing nanodisk array with pi/4 orientation as initial states for all disks and external field along x.
 Time Taken = 17.432000 picoseconds
 Relaxing nanodisk array with pi/4 orientation as initial states for all disks and external field along y.
 Time Taken = 17.432000 picoseconds
 Time taken by nanomagnet computing = 2.974570 (sec)
 Detection Rate 0.418115 at 0.099887 false alarm
startTime =

13-Jul-2014 19:13:35


endTIme =

13-Jul-2014 19:46:38

Elapsed time is 966.888698 seconds.
>> [Warning: Objects of graph2d.lineseries class exist - not clearing this class
or any of its superclasses] 
