
                            < M A T L A B (R) >
                  Copyright 1984-2012 The MathWorks, Inc.
                    R2012b (8.0.0.783) 64-bit (glnxa64)
                              August 22, 2012

 
To get started, type one of these: helpwin, helpdesk, or demo.
For product information, visit www.mathworks.com.
 

img1 =

105.pgm.atts


img2 =

108.pgm.atts


minGap =

    35


startTime =

13-Jul-2014 19:13:30

## Starting Data/105.pgm.atts

 544 longest primitives returned (247 lines, 297 arcs read, but returning only 3000 max elements for computational reasons)

 Time taken by traditional algorithm = 92.688468 (sec)
 min and max values of the distance matrix [0.150419 0.464159]
 Wanted to embed 544 magnets embedded 544 magnet
 Relaxing nanodisk array with pi/4 orientation as initial states for all disks and external field along x.
 Time Taken = 44.333000 picoseconds
 Relaxing nanodisk array with pi/4 orientation as initial states for all disks and external field along y.
 Time Taken = 44.333000 picoseconds
 Time taken by nanomagnet computing = 0.640706 (sec)
 Detection Rate 0.268612 at 0.094337 false alarm
startTime =

13-Jul-2014 19:13:30


endTIme =

13-Jul-2014 19:33:34

Elapsed time is 898.493766 seconds.

startTime =

13-Jul-2014 19:33:34

## Starting Data/108.pgm.atts

 772 longest primitives returned (320 lines, 452 arcs read, but returning only 3000 max elements for computational reasons)

 Time taken by traditional algorithm = 98.583548 (sec)
 min and max values of the distance matrix [0.149737 0.464159]
 Wanted to embed 772 magnets embedded 772 magnet
 Relaxing nanodisk array with pi/4 orientation as initial states for all disks and external field along x.