
                            < M A T L A B (R) >
                  Copyright 1984-2012 The MathWorks, Inc.
                    R2012b (8.0.0.783) 64-bit (glnxa64)
                              August 22, 2012

 
To get started, type one of these: helpwin, helpdesk, or demo.
For product information, visit www.mathworks.com.
 

img1 =

217.pgm.atts


img2 =

217095.pgm.atts


minGap =

    35


startTime =

13-Jul-2014 19:13:31

## Starting Data/217.pgm.atts

 558 longest primitives returned (211 lines, 347 arcs read, but returning only 3000 max elements for computational reasons)

 Time taken by traditional algorithm = 98.305030 (sec)
 min and max values of the distance matrix [0.136169 0.464159]
 Wanted to embed 558 magnets embedded 558 magnet
 Relaxing nanodisk array with pi/4 orientation as initial states for all disks and external field along x.
 Time Taken = 5.164000 picoseconds
 Relaxing nanodisk array with pi/4 orientation as initial states for all disks and external field along y.
 Time Taken = 5.164000 picoseconds
 Time taken by nanomagnet computing = 0.659389 (sec)
 Detection Rate 0.372189 at 0.087371 false alarm
startTime =

13-Jul-2014 19:13:31


endTIme =

13-Jul-2014 19:25:42

Elapsed time is 411.369313 seconds.

startTime =

13-Jul-2014 19:25:42

## Starting Data/217095.pgm.atts

 707 longest primitives returned (276 lines, 431 arcs read, but returning only 3000 max elements for computational reasons)

 Time taken by traditional algorithm = 88.287545 (sec)
 min and max values of the distance matrix [0.208028 0.464159]
 Wanted to embed 707 magnets embedded 707 magnet
 Relaxing nanodisk array with pi/4 orientation as initial states for all disks and external field along x.
 Time Taken = 6.273000 picoseconds
 Relaxing nanodisk array with pi/4 orientation as initial states for all disks and external field along y.
 Time Taken = 6.273000 picoseconds
 Time taken by nanomagnet computing = 1.128689 (sec)
 Detection Rate 0.263878 at 0.094755 false alarm
startTime =

13-Jul-2014 19:25:42


endTIme =

13-Jul-2014 19:40:30

Elapsed time is 428.602239 seconds.
>> [Warning: Objects of graph2d.lineseries class exist - not clearing this class
or any of its superclasses] 
