
                            < M A T L A B (R) >
                  Copyright 1984-2012 The MathWorks, Inc.
                    R2012b (8.0.0.783) 64-bit (glnxa64)
                              August 22, 2012

 
To get started, type one of these: helpwin, helpdesk, or demo.
For product information, visit www.mathworks.com.
 

img1 =

image10.pgm.atts


img2 =

image12.pgm.atts


minGap =

   140


startTime =

13-Jul-2014 15:00:15

## Starting Data/image10.pgm.atts

 266 longest primitives returned (105 lines, 161 arcs read, but returning only 3000 max elements for computational reasons)

 Time taken by traditional algorithm = 22.832268 (sec)
 min and max values of the distance matrix [0.180732 0.464159]
 Wanted to embed 266 magnets embedded 266 magnet
 Relaxing nanodisk array with pi/4 orientation as initial states for all disks and external field along x.
 Time Taken = 0.327000 picoseconds
 Relaxing nanodisk array with pi/4 orientation as initial states for all disks and external field along y.
 Time Taken = 0.327000 picoseconds
 Time taken by nanomagnet computing = 0.134992 (sec)
 Detection Rate 0.726344 at 0.253838 false alarm
startTime =

13-Jul-2014 15:00:15


endTIme =

13-Jul-2014 15:01:28

Elapsed time is 3.375925 seconds.

startTime =

13-Jul-2014 15:01:28

## Starting Data/image12.pgm.atts

 249 longest primitives returned (106 lines, 143 arcs read, but returning only 3000 max elements for computational reasons)

 Time taken by traditional algorithm = 15.559350 (sec)
 min and max values of the distance matrix [0.182262 0.464159]
 Wanted to embed 249 magnets embedded 249 magnet
 Relaxing nanodisk array with pi/4 orientation as initial states for all disks and external field along x.
 Time Taken = 0.327000 picoseconds
 Relaxing nanodisk array with pi/4 orientation as initial states for all disks and external field along y.
 Time Taken = 0.327000 picoseconds
 Time taken by nanomagnet computing = 0.094241 (sec)
 Detection Rate 0.652323 at 0.181455 false alarm
startTime =

13-Jul-2014 15:01:28


endTIme =

13-Jul-2014 15:03:30

Elapsed time is 64.108134 seconds.
>> [Warning: Objects of graph2d.lineseries class exist - not clearing this class
or any of its superclasses] 
