
                            < M A T L A B (R) >
                  Copyright 1984-2012 The MathWorks, Inc.
                    R2012b (8.0.0.783) 64-bit (glnxa64)
                              August 22, 2012

 
To get started, type one of these: helpwin, helpdesk, or demo.
For product information, visit www.mathworks.com.
 

img1 =

image24.pgm.atts


img2 =

image25.pgm.atts


minGap =

   140


startTime =

13-Jul-2014 15:00:13

## Starting Data/image24.pgm.atts

 321 longest primitives returned (111 lines, 210 arcs read, but returning only 3000 max elements for computational reasons)

 Time taken by traditional algorithm = 33.968887 (sec)
 min and max values of the distance matrix [0.170211 0.464159]
 Wanted to embed 321 magnets embedded 321 magnet
 Relaxing nanodisk array with pi/4 orientation as initial states for all disks and external field along x.
 Time Taken = 0.326000 picoseconds
 Relaxing nanodisk array with pi/4 orientation as initial states for all disks and external field along y.
 Time Taken = 0.326000 picoseconds
 Time taken by nanomagnet computing = 69.728826 (sec)
 Detection Rate 0.944315 at 0.200888 false alarm
startTime =

13-Jul-2014 15:00:13


endTIme =

13-Jul-2014 15:03:17

Elapsed time is 75.763731 seconds.

startTime =

13-Jul-2014 15:03:17

## Starting Data/image25.pgm.atts

 236 longest primitives returned (100 lines, 136 arcs read, but returning only 3000 max elements for computational reasons)

 Time taken by traditional algorithm = 16.619326 (sec)
 min and max values of the distance matrix [0.204975 0.464159]
 Wanted to embed 236 magnets embedded 236 magnet
 Relaxing nanodisk array with pi/4 orientation as initial states for all disks and external field along x.
 Time Taken = 0.333000 picoseconds
 Relaxing nanodisk array with pi/4 orientation as initial states for all disks and external field along y.
 Time Taken = 0.333000 picoseconds
 Time taken by nanomagnet computing = 0.093256 (sec)
 Detection Rate 0.730323 at 0.180157 false alarm
startTime =

13-Jul-2014 15:03:17


endTIme =

13-Jul-2014 15:04:17

Elapsed time is 2.280154 seconds.
>> [Warning: Objects of graph2d.lineseries class exist - not clearing this class
or any of its superclasses] 
