
                            < M A T L A B (R) >
                  Copyright 1984-2012 The MathWorks, Inc.
                    R2012b (8.0.0.783) 64-bit (glnxa64)
                              August 22, 2012

 
To get started, type one of these: helpwin, helpdesk, or demo.
For product information, visit www.mathworks.com.
 

img1 =

colobus.pgm.atts


img2 =

dog1.pgm.atts


minGap =

   140


startTime =

13-Jul-2014 15:00:13

## Starting Data/colobus.pgm.atts

 87 longest primitives returned (42 lines, 45 arcs read, but returning only 3000 max elements for computational reasons)

 Time taken by traditional algorithm = 4.185652 (sec)
 min and max values of the distance matrix [0.215282 0.464159]
 Wanted to embed 87 magnets embedded 87 magnet
 Relaxing nanodisk array with pi/4 orientation as initial states for all disks and external field along x.
 Time Taken = 0.329000 picoseconds
 Relaxing nanodisk array with pi/4 orientation as initial states for all disks and external field along y.
 Time Taken = 0.329000 picoseconds
 Time taken by nanomagnet computing = 0.051580 (sec)
 Detection Rate 0.432063 at 0.155588 false alarm
startTime =

13-Jul-2014 15:00:13


endTIme =

13-Jul-2014 15:00:28

Elapsed time is 3.384623 seconds.

startTime =

13-Jul-2014 15:00:28

## Starting Data/dog1.pgm.atts

 457 longest primitives returned (205 lines, 252 arcs read, but returning only 3000 max elements for computational reasons)

 Time taken by traditional algorithm = 63.361484 (sec)
 min and max values of the distance matrix [0.163272 0.464159]