
                            < M A T L A B (R) >
                  Copyright 1984-2012 The MathWorks, Inc.
                    R2012b (8.0.0.783) 64-bit (glnxa64)
                              August 22, 2012

 
To get started, type one of these: helpwin, helpdesk, or demo.
For product information, visit www.mathworks.com.
 

img1 =

126.pgm.atts


img2 =

131.pgm.atts


minGap =

   140


startTime =

13-Jul-2014 15:00:14

## Starting Data/126.pgm.atts

 320 longest primitives returned (146 lines, 174 arcs read, but returning only 3000 max elements for computational reasons)

 Time taken by traditional algorithm = 33.389632 (sec)
 min and max values of the distance matrix [0.167383 0.464159]
 Wanted to embed 320 magnets embedded 320 magnet
 Relaxing nanodisk array with pi/4 orientation as initial states for all disks and external field along x.
 Time Taken = 0.326000 picoseconds
 Relaxing nanodisk array with pi/4 orientation as initial states for all disks and external field along y.
 Time Taken = 0.326000 picoseconds
 Time taken by nanomagnet computing = 109.044487 (sec)
 Detection Rate 0.893220 at 0.127931 false alarm
startTime =

13-Jul-2014 15:00:14


endTIme =

13-Jul-2014 15:03:57

Elapsed time is 115.470373 seconds.

startTime =

13-Jul-2014 15:03:57

## Starting Data/131.pgm.atts

 594 longest primitives returned (284 lines, 310 arcs read, but returning only 3000 max elements for computational reasons)

 Time taken by traditional algorithm = 122.258907 (sec)
 min and max values of the distance matrix [0.143066 0.464159]